[0.054s] Invoking command in '/home/hayashi/xarm7_ws/build/xarm_sdk': CMAKE_PREFIX_PATH=${CMAKE_PREFIX_PATH}:/home/hayashi/xarm7_ws/install/xarm_motion_planning:/home/hayashi/ws_moveit/install/moveit_configs_utils:/home/hayashi/ws_moveit/install/launch_param_builder:/opt/ros/humble /usr/bin/cmake /home/hayashi/xarm7_ws/src/xarm_ros2/xarm_sdk -DAMENT_CMAKE_SYMLINK_INSTALL=1 -DCMAKE_INSTALL_PREFIX=/home/hayashi/xarm7_ws/install/xarm_sdk
[0.237s] -- The C compiler identification is GNU 11.4.0
[0.237s] -- The CXX compiler identification is GNU 11.4.0
[0.237s] -- Detecting C compiler ABI info
[0.243s] -- Detecting C compiler ABI info - done
[0.252s] -- Check for working C compiler: /usr/bin/cc - skipped
[0.252s] -- Detecting C compile features
[0.252s] -- Detecting C compile features - done
[0.255s] -- Detecting CXX compiler ABI info
[0.317s] -- Detecting CXX compiler ABI info - done
[0.326s] -- Check for working CXX compiler: /usr/bin/c++ - skipped
[0.326s] -- Detecting CXX compile features
[0.327s] -- Detecting CXX compile features - done
[0.333s] -- Found ament_cmake: 1.3.10 (/opt/ros/humble/share/ament_cmake/cmake)
[0.452s] -- Found Python3: /usr/bin/python3 (found version "3.10.12") found components: Interpreter 
[0.496s] -- Override CMake install command with custom implementation using symlinks instead of copying resources
[0.559s] -- Found ament_lint_auto: 0.12.11 (/opt/ros/humble/share/ament_lint_auto/cmake)
[0.659s] -- Added test 'copyright' to check source files copyright and LICENSE
[0.666s] -- Added test 'cppcheck' to perform static code analysis on C / C++ code
[0.666s] -- Configured cppcheck include dirs: /home/hayashi/xarm7_ws/src/xarm_ros2/xarm_sdk/cxx/include
[0.667s] -- Configured cppcheck exclude dirs and/or files: 
[0.672s] -- Added test 'cpplint' to check C / C++ code against the Google style
[0.672s] -- Configured cpplint exclude dirs and/or files: 
[0.674s] -- Added test 'lint_cmake' to check CMake code style
[0.681s] -- Added test 'uncrustify' to check C / C++ code style
[0.681s] -- Configured uncrustify additional arguments: 
[0.683s] -- Added test 'xmllint' to check XML markup files
[0.685s] -- Configuring done
[0.689s] -- Generating done
[0.690s] -- Build files have been written to: /home/hayashi/xarm7_ws/build/xarm_sdk
[0.694s] Invoked command in '/home/hayashi/xarm7_ws/build/xarm_sdk' returned '0': CMAKE_PREFIX_PATH=${CMAKE_PREFIX_PATH}:/home/hayashi/xarm7_ws/install/xarm_motion_planning:/home/hayashi/ws_moveit/install/moveit_configs_utils:/home/hayashi/ws_moveit/install/launch_param_builder:/opt/ros/humble /usr/bin/cmake /home/hayashi/xarm7_ws/src/xarm_ros2/xarm_sdk -DAMENT_CMAKE_SYMLINK_INSTALL=1 -DCMAKE_INSTALL_PREFIX=/home/hayashi/xarm7_ws/install/xarm_sdk
[0.695s] Invoking command in '/home/hayashi/xarm7_ws/build/xarm_sdk': CMAKE_PREFIX_PATH=${CMAKE_PREFIX_PATH}:/home/hayashi/xarm7_ws/install/xarm_motion_planning:/home/hayashi/ws_moveit/install/moveit_configs_utils:/home/hayashi/ws_moveit/install/launch_param_builder:/opt/ros/humble /usr/bin/cmake --build /home/hayashi/xarm7_ws/build/xarm_sdk -- -j16 -l16
[0.743s] [  3%] [32mBuilding CXX object CMakeFiles/xarm_cxx_sdk.dir/cxx/src/serial/impl/list_ports/list_ports_linux.cc.o[0m
[0.744s] [  6%] [32mBuilding CXX object CMakeFiles/xarm_cxx_sdk.dir/cxx/src/serial/impl/win.cc.o[0m
[0.744s] [  9%] [32mBuilding CXX object CMakeFiles/xarm_cxx_sdk.dir/cxx/src/xarm/core/common/crc16.cc.o[0m
[0.744s] [ 15%] [32mBuilding CXX object CMakeFiles/xarm_cxx_sdk.dir/cxx/src/xarm/core/common/queue_memcpy.cc.o[0m
[0.744s] [ 15%] [32mBuilding CXX object CMakeFiles/xarm_cxx_sdk.dir/cxx/src/serial/impl/list_ports/list_ports_osx.cc.o[0m
[0.744s] [ 18%] [32mBuilding CXX object CMakeFiles/xarm_cxx_sdk.dir/cxx/src/xarm/core/connect.cc.o[0m
[0.744s] [ 21%] [32mBuilding CXX object CMakeFiles/xarm_cxx_sdk.dir/cxx/src/serial/serial.cc.o[0m
[0.745s] [ 25%] [32mBuilding CXX object CMakeFiles/xarm_cxx_sdk.dir/cxx/src/xarm/core/instruction/uxbus_cmd.cc.o[0m
[0.748s] [ 28%] [32mBuilding CXX object CMakeFiles/xarm_cxx_sdk.dir/cxx/src/serial/impl/unix.cc.o[0m
[0.748s] [ 31%] [32mBuilding CXX object CMakeFiles/xarm_cxx_sdk.dir/cxx/src/serial/impl/list_ports/list_ports_win.cc.o[0m
[0.748s] [ 34%] [32mBuilding CXX object CMakeFiles/xarm_cxx_sdk.dir/cxx/src/xarm/core/instruction/uxbus_cmd_ser.cc.o[0m
[0.749s] [ 37%] [32mBuilding CXX object CMakeFiles/xarm_cxx_sdk.dir/cxx/src/xarm/core/instruction/uxbus_cmd_tcp.cc.o[0m
[0.753s] [ 40%] [32mBuilding CXX object CMakeFiles/xarm_cxx_sdk.dir/cxx/src/xarm/core/debug/debug_print.cc.o[0m
[0.753s] [ 46%] [32mBuilding CXX object CMakeFiles/xarm_cxx_sdk.dir/cxx/src/xarm/core/port/ser.cc.o[0m
[0.753s] [ 46%] [32mBuilding CXX object CMakeFiles/xarm_cxx_sdk.dir/cxx/src/xarm/core/os/network.cc.o[0m
[0.753s] [ 50%] [32mBuilding CXX object CMakeFiles/xarm_cxx_sdk.dir/cxx/src/xarm/core/port/socket.cc.o[0m
[0.800s] [ 53%] [32mBuilding CXX object CMakeFiles/xarm_cxx_sdk.dir/cxx/src/xarm/wrapper/xarm_bio.cc.o[0m
[0.801s] [ 56%] [32mBuilding CXX object CMakeFiles/xarm_cxx_sdk.dir/cxx/src/xarm/wrapper/xarm_api.cc.o[0m
[0.808s] [ 59%] [32mBuilding CXX object CMakeFiles/xarm_cxx_sdk.dir/cxx/src/xarm/wrapper/xarm_events.cc.o[0m
[0.808s] [ 62%] [32mBuilding CXX object CMakeFiles/xarm_cxx_sdk.dir/cxx/src/xarm/core/report_data.cc.o[0m
[0.863s] [ 65%] [32mBuilding CXX object CMakeFiles/xarm_cxx_sdk.dir/cxx/src/xarm/wrapper/xarm_ft_sensor.cc.o[0m
[1.087s] [ 68%] [32mBuilding CXX object CMakeFiles/xarm_cxx_sdk.dir/cxx/src/xarm/wrapper/xarm_gpio.cc.o[0m
[1.208s] [ 71%] [32mBuilding CXX object CMakeFiles/xarm_cxx_sdk.dir/cxx/src/xarm/wrapper/xarm_gripper.cc.o[0m
[1.321s] [ 75%] [32mBuilding CXX object CMakeFiles/xarm_cxx_sdk.dir/cxx/src/xarm/wrapper/xarm_modbus_tcp.cc.o[0m
[1.418s] [ 78%] [32mBuilding CXX object CMakeFiles/xarm_cxx_sdk.dir/cxx/src/xarm/wrapper/xarm_motion.cc.o[0m
[1.432s] [ 81%] [32mBuilding CXX object CMakeFiles/xarm_cxx_sdk.dir/cxx/src/xarm/wrapper/xarm_params.cc.o[0m
[1.478s] [ 84%] [32mBuilding CXX object CMakeFiles/xarm_cxx_sdk.dir/cxx/src/xarm/wrapper/xarm_record.cc.o[0m
[1.483s] [ 87%] [32mBuilding CXX object CMakeFiles/xarm_cxx_sdk.dir/cxx/src/xarm/wrapper/xarm_report.cc.o[0m
[1.501s] [ 90%] [32mBuilding CXX object CMakeFiles/xarm_cxx_sdk.dir/cxx/src/xarm/wrapper/xarm_robotiq.cc.o[0m
[1.504s] [ 93%] [32mBuilding CXX object CMakeFiles/xarm_cxx_sdk.dir/cxx/src/xarm/wrapper/xarm_servo.cc.o[0m
[1.557s] [ 96%] [32mBuilding CXX object CMakeFiles/xarm_cxx_sdk.dir/cxx/src/xarm/wrapper/xarm_track.cc.o[0m
[4.025s] [100%] [32m[1mLinking CXX shared library libxarm_cxx_sdk.so[0m
[4.229s] [100%] Built target xarm_cxx_sdk
[4.243s] Invoked command in '/home/hayashi/xarm7_ws/build/xarm_sdk' returned '0': CMAKE_PREFIX_PATH=${CMAKE_PREFIX_PATH}:/home/hayashi/xarm7_ws/install/xarm_motion_planning:/home/hayashi/ws_moveit/install/moveit_configs_utils:/home/hayashi/ws_moveit/install/launch_param_builder:/opt/ros/humble /usr/bin/cmake --build /home/hayashi/xarm7_ws/build/xarm_sdk -- -j16 -l16
[4.402s] Invoking command in '/home/hayashi/xarm7_ws/build/xarm_sdk': CMAKE_PREFIX_PATH=${CMAKE_PREFIX_PATH}:/home/hayashi/xarm7_ws/install/xarm_motion_planning:/home/hayashi/ws_moveit/install/moveit_configs_utils:/home/hayashi/ws_moveit/install/launch_param_builder:/opt/ros/humble /usr/bin/cmake --install /home/hayashi/xarm7_ws/build/xarm_sdk
[4.411s] -- Install configuration: ""
[4.411s] -- Execute custom install script
[4.411s] -- Symlinking: /home/hayashi/xarm7_ws/install/xarm_sdk/share/xarm_sdk/environment/library_path.sh
[4.422s] -- Symlinking: /home/hayashi/xarm7_ws/install/xarm_sdk/share/xarm_sdk/environment/library_path.dsv
[4.434s] -- Symlinking: /home/hayashi/xarm7_ws/install/xarm_sdk/cxx/include/serial/impl/unix.h
[4.445s] -- Symlinking: /home/hayashi/xarm7_ws/install/xarm_sdk/cxx/include/serial/impl/win.h
[4.456s] -- Symlinking: /home/hayashi/xarm7_ws/install/xarm_sdk/cxx/include/serial/serial.h
[4.467s] -- Symlinking: /home/hayashi/xarm7_ws/install/xarm_sdk/cxx/include/serial/v8stdint.h
[4.478s] -- Symlinking: /home/hayashi/xarm7_ws/install/xarm_sdk/cxx/include/xarm/core/common/crc16.h
[4.489s] -- Symlinking: /home/hayashi/xarm7_ws/install/xarm_sdk/cxx/include/xarm/core/common/data_type.h
[4.500s] -- Symlinking: /home/hayashi/xarm7_ws/install/xarm_sdk/cxx/include/xarm/core/common/queue_memcpy.h
[4.511s] -- Symlinking: /home/hayashi/xarm7_ws/install/xarm_sdk/cxx/include/xarm/core/connect.h
[4.522s] -- Symlinking: /home/hayashi/xarm7_ws/install/xarm_sdk/cxx/include/xarm/core/debug/debug_print.h
[4.533s] -- Symlinking: /home/hayashi/xarm7_ws/install/xarm_sdk/cxx/include/xarm/core/instruction/servo3_config.h
[4.543s] -- Symlinking: /home/hayashi/xarm7_ws/install/xarm_sdk/cxx/include/xarm/core/instruction/uxbus_cmd.h
[4.554s] -- Symlinking: /home/hayashi/xarm7_ws/install/xarm_sdk/cxx/include/xarm/core/instruction/uxbus_cmd_config.h
[4.565s] -- Symlinking: /home/hayashi/xarm7_ws/install/xarm_sdk/cxx/include/xarm/core/instruction/uxbus_cmd_ser.h
[4.576s] -- Symlinking: /home/hayashi/xarm7_ws/install/xarm_sdk/cxx/include/xarm/core/instruction/uxbus_cmd_tcp.h
[4.587s] -- Symlinking: /home/hayashi/xarm7_ws/install/xarm_sdk/cxx/include/xarm/core/os/bak/thread.h
[4.598s] -- Symlinking: /home/hayashi/xarm7_ws/install/xarm_sdk/cxx/include/xarm/core/os/network.h
[4.609s] -- Symlinking: /home/hayashi/xarm7_ws/install/xarm_sdk/cxx/include/xarm/core/port/ser.h
[4.620s] -- Symlinking: /home/hayashi/xarm7_ws/install/xarm_sdk/cxx/include/xarm/core/port/socket.h
[4.631s] -- Symlinking: /home/hayashi/xarm7_ws/install/xarm_sdk/cxx/include/xarm/core/report_data.h
[4.642s] -- Symlinking: /home/hayashi/xarm7_ws/install/xarm_sdk/cxx/include/xarm/core/xarm_config.h
[4.652s] -- Symlinking: /home/hayashi/xarm7_ws/install/xarm_sdk/cxx/include/xarm/wrapper/common/timer.h
[4.663s] -- Symlinking: /home/hayashi/xarm7_ws/install/xarm_sdk/cxx/include/xarm/wrapper/common/utils.h
[4.673s] -- Symlinking: /home/hayashi/xarm7_ws/install/xarm_sdk/cxx/include/xarm/wrapper/xarm_api.h
[4.684s] -- Symlinking: /home/hayashi/xarm7_ws/install/xarm_sdk/lib/libxarm_cxx_sdk.so
[4.695s] -- Symlinking: /home/hayashi/xarm7_ws/install/xarm_sdk/share/ament_index/resource_index/package_run_dependencies/xarm_sdk
[4.706s] -- Symlinking: /home/hayashi/xarm7_ws/install/xarm_sdk/share/ament_index/resource_index/parent_prefix_path/xarm_sdk
[4.716s] -- Symlinking: /home/hayashi/xarm7_ws/install/xarm_sdk/share/xarm_sdk/environment/ament_prefix_path.sh
[4.727s] -- Symlinking: /home/hayashi/xarm7_ws/install/xarm_sdk/share/xarm_sdk/environment/ament_prefix_path.dsv
[4.738s] -- Symlinking: /home/hayashi/xarm7_ws/install/xarm_sdk/share/xarm_sdk/environment/path.sh
[4.749s] -- Symlinking: /home/hayashi/xarm7_ws/install/xarm_sdk/share/xarm_sdk/environment/path.dsv
[4.760s] -- Symlinking: /home/hayashi/xarm7_ws/install/xarm_sdk/share/xarm_sdk/local_setup.bash
[4.771s] -- Symlinking: /home/hayashi/xarm7_ws/install/xarm_sdk/share/xarm_sdk/local_setup.sh
[4.783s] -- Symlinking: /home/hayashi/xarm7_ws/install/xarm_sdk/share/xarm_sdk/local_setup.zsh
[4.794s] -- Symlinking: /home/hayashi/xarm7_ws/install/xarm_sdk/share/xarm_sdk/local_setup.dsv
[4.806s] -- Symlinking: /home/hayashi/xarm7_ws/install/xarm_sdk/share/xarm_sdk/package.dsv
[4.817s] -- Symlinking: /home/hayashi/xarm7_ws/install/xarm_sdk/share/ament_index/resource_index/packages/xarm_sdk
[4.828s] -- Symlinking: /home/hayashi/xarm7_ws/install/xarm_sdk/share/xarm_sdk/cmake/ament_cmake_export_libraries-extras.cmake
[4.839s] -- Symlinking: /home/hayashi/xarm7_ws/install/xarm_sdk/share/xarm_sdk/cmake/ament_cmake_export_include_directories-extras.cmake
[4.849s] -- Symlinking: /home/hayashi/xarm7_ws/install/xarm_sdk/share/xarm_sdk/cmake/xarm_sdkConfig.cmake
[4.860s] -- Symlinking: /home/hayashi/xarm7_ws/install/xarm_sdk/share/xarm_sdk/cmake/xarm_sdkConfig-version.cmake
[4.871s] -- Symlinking: /home/hayashi/xarm7_ws/install/xarm_sdk/share/xarm_sdk/package.xml
[4.883s] Invoked command in '/home/hayashi/xarm7_ws/build/xarm_sdk' returned '0': CMAKE_PREFIX_PATH=${CMAKE_PREFIX_PATH}:/home/hayashi/xarm7_ws/install/xarm_motion_planning:/home/hayashi/ws_moveit/install/moveit_configs_utils:/home/hayashi/ws_moveit/install/launch_param_builder:/opt/ros/humble /usr/bin/cmake --install /home/hayashi/xarm7_ws/build/xarm_sdk
