-- The C compiler identification is GNU 11.4.0
-- The CXX compiler identification is GNU 11.4.0
-- Detecting C compiler ABI info
-- Detecting C compiler ABI info - done
-- Check for working C compiler: /usr/bin/cc - skipped
-- Detecting C compile features
-- Detecting C compile features - done
-- Detecting CXX compiler ABI info
-- Detecting CXX compiler ABI info - done
-- Check for working CXX compiler: /usr/bin/c++ - skipped
-- Detecting CXX compile features
-- Detecting CXX compile features - done
-- Found ament_cmake: 1.3.10 (/opt/ros/humble/share/ament_cmake/cmake)
-- Found Python3: /usr/bin/python3 (found version "3.10.12") found components: Interpreter 
-- Override CMake install command with custom implementation using symlinks instead of copying resources
-- Found rclcpp: 16.0.10 (/opt/ros/humble/share/rclcpp/cmake)
-- Found rosidl_generator_c: 3.1.5 (/opt/ros/humble/share/rosidl_generator_c/cmake)
-- Found rosidl_adapter: 3.1.5 (/opt/ros/humble/share/rosidl_adapter/cmake)
-- Found rosidl_generator_cpp: 3.1.5 (/opt/ros/humble/share/rosidl_generator_cpp/cmake)
-- Using all available rosidl_typesupport_c: rosidl_typesupport_fastrtps_c;rosidl_typesupport_introspection_c
-- Using all available rosidl_typesupport_cpp: rosidl_typesupport_fastrtps_cpp;rosidl_typesupport_introspection_cpp
-- Found rmw_implementation_cmake: 6.1.2 (/opt/ros/humble/share/rmw_implementation_cmake/cmake)
-- Found rmw_fastrtps_cpp: 6.2.7 (/opt/ros/humble/share/rmw_fastrtps_cpp/cmake)
-- Found OpenSSL: /usr/lib/x86_64-linux-gnu/libcrypto.so (found version "3.0.2")  
-- Found FastRTPS: /opt/ros/humble/include  
-- Using RMW implementation 'rmw_fastrtps_cpp' as default
-- Looking for pthread.h
-- Looking for pthread.h - found
-- Performing Test CMAKE_HAVE_LIBC_PTHREAD
-- Performing Test CMAKE_HAVE_LIBC_PTHREAD - Success
-- Found Threads: TRUE  
-- Found rclcpp_components: 16.0.10 (/opt/ros/humble/share/rclcpp_components/cmake)
-- Found std_srvs: 4.2.4 (/opt/ros/humble/share/std_srvs/cmake)
-- Found sensor_msgs: 4.2.4 (/opt/ros/humble/share/sensor_msgs/cmake)
-- Found control_msgs: 4.6.0 (/opt/ros/humble/share/control_msgs/cmake)
-- Found moveit_msgs: 2.2.1 (/opt/ros/humble/share/moveit_msgs/cmake)
-- Found moveit_ros_planning: 2.5.5 (/home/hayashi/ws_moveit/install/moveit_ros_planning/share/moveit_ros_planning/cmake)
-- Found Boost: /usr/lib/x86_64-linux-gnu/cmake/Boost-1.74.0/BoostConfig.cmake (found version "1.74.0") found components: system filesystem date_time program_options thread chrono 
-- Found Boost: /usr/lib/x86_64-linux-gnu/cmake/Boost-1.74.0/BoostConfig.cmake (found version "1.74.0") found components: chrono date_time filesystem iostreams program_options regex serialization system thread 
-- Found parameter_traits: 0.3.9 (/opt/ros/humble/share/parameter_traits/cmake)
-- Found Eigen3: TRUE (found version "3.4.0") 
-- Found rclcpp_lifecycle: 16.0.10 (/opt/ros/humble/share/rclcpp_lifecycle/cmake)
-- Found Boost: /usr/lib/x86_64-linux-gnu/cmake/Boost-1.74.0/BoostConfig.cmake (found version "1.74.0") found components: filesystem 
-- library: /usr/lib/x86_64-linux-gnu/libcurl.so
-- Ensuring Eigen3 include directory is part of orocos-kdl CMake target
-- Found ament_lint_auto: 0.12.11 (/opt/ros/humble/share/ament_lint_auto/cmake)
-- Added test 'copyright' to check source files copyright and LICENSE
-- Added test 'cppcheck' to perform static code analysis on C / C++ code
-- Configured cppcheck include dirs: /home/hayashi/xarm7_ws/src/xarm_ros2/xarm_moveit_servo/include
-- Configured cppcheck exclude dirs and/or files: 
-- Added test 'cpplint' to check C / C++ code against the Google style
-- Configured cpplint exclude dirs and/or files: 
-- Added test 'flake8' to check Python code syntax and style conventions
-- Added test 'lint_cmake' to check CMake code style
-- Added test 'pep257' to check Python code against some of the docstring style conventions in PEP 257
-- Added test 'uncrustify' to check C / C++ code style
-- Configured uncrustify additional arguments: 
-- Added test 'xmllint' to check XML markup files
-- Configuring done
-- Generating done
-- Build files have been written to: /home/hayashi/xarm7_ws/build/xarm_moveit_servo
[ 25%] [32mBuilding CXX object CMakeFiles/xarm_keyboard_input.dir/src/xarm_keyboard_input.cpp.o[0m
[ 50%] [32mBuilding CXX object CMakeFiles/xarm_joystick_input.dir/src/xarm_joystick_input.cpp.o[0m
[ 75%] [32m[1mLinking CXX executable xarm_keyboard_input[0m
[ 75%] Built target xarm_keyboard_input
[100%] [32m[1mLinking CXX shared library libxarm_joystick_input.so[0m
[100%] Built target xarm_joystick_input
-- Install configuration: ""
-- Execute custom install script
-- Symlinking: /home/hayashi/xarm7_ws/install/xarm_moveit_servo/share/xarm_moveit_servo//config/xarm_moveit_servo_config.yaml
-- Symlinking: /home/hayashi/xarm7_ws/install/xarm_moveit_servo/share/xarm_moveit_servo//launch/_robot_moveit_servo.launch.py
-- Symlinking: /home/hayashi/xarm7_ws/install/xarm_moveit_servo/share/xarm_moveit_servo//launch/_robot_moveit_servo_fake.launch.py
-- Symlinking: /home/hayashi/xarm7_ws/install/xarm_moveit_servo/share/xarm_moveit_servo//launch/_robot_moveit_servo_realmove.launch.py
-- Symlinking: /home/hayashi/xarm7_ws/install/xarm_moveit_servo/share/xarm_moveit_servo//launch/lite6_moveit_servo_fake.launch.py
-- Symlinking: /home/hayashi/xarm7_ws/install/xarm_moveit_servo/share/xarm_moveit_servo//launch/lite6_moveit_servo_realmove.launch.py
-- Symlinking: /home/hayashi/xarm7_ws/install/xarm_moveit_servo/share/xarm_moveit_servo//launch/uf850_moveit_servo_fake.launch.py
-- Symlinking: /home/hayashi/xarm7_ws/install/xarm_moveit_servo/share/xarm_moveit_servo//launch/uf850_moveit_servo_realmove.launch.py
-- Symlinking: /home/hayashi/xarm7_ws/install/xarm_moveit_servo/share/xarm_moveit_servo//launch/xarm_moveit_servo_fake.launch.py
-- Symlinking: /home/hayashi/xarm7_ws/install/xarm_moveit_servo/share/xarm_moveit_servo//launch/xarm_moveit_servo_realmove.launch.py
-- Symlinking: /home/hayashi/xarm7_ws/install/xarm_moveit_servo/share/xarm_moveit_servo//rviz/servo.rviz
-- Symlinking: /home/hayashi/xarm7_ws/install/xarm_moveit_servo/share/ament_index/resource_index/package_run_dependencies/xarm_moveit_servo
-- Symlinking: /home/hayashi/xarm7_ws/install/xarm_moveit_servo/share/ament_index/resource_index/parent_prefix_path/xarm_moveit_servo
-- Symlinking: /home/hayashi/xarm7_ws/install/xarm_moveit_servo/share/xarm_moveit_servo/environment/ament_prefix_path.sh
-- Symlinking: /home/hayashi/xarm7_ws/install/xarm_moveit_servo/share/xarm_moveit_servo/environment/ament_prefix_path.dsv
-- Symlinking: /home/hayashi/xarm7_ws/install/xarm_moveit_servo/share/xarm_moveit_servo/environment/path.sh
-- Symlinking: /home/hayashi/xarm7_ws/install/xarm_moveit_servo/share/xarm_moveit_servo/environment/path.dsv
-- Symlinking: /home/hayashi/xarm7_ws/install/xarm_moveit_servo/share/xarm_moveit_servo/local_setup.bash
-- Symlinking: /home/hayashi/xarm7_ws/install/xarm_moveit_servo/share/xarm_moveit_servo/local_setup.sh
-- Symlinking: /home/hayashi/xarm7_ws/install/xarm_moveit_servo/share/xarm_moveit_servo/local_setup.zsh
-- Symlinking: /home/hayashi/xarm7_ws/install/xarm_moveit_servo/share/xarm_moveit_servo/local_setup.dsv
-- Symlinking: /home/hayashi/xarm7_ws/install/xarm_moveit_servo/share/xarm_moveit_servo/package.dsv
-- Symlinking: /home/hayashi/xarm7_ws/install/xarm_moveit_servo/share/ament_index/resource_index/packages/xarm_moveit_servo
-- Symlinking: /home/hayashi/xarm7_ws/install/xarm_moveit_servo/share/ament_index/resource_index/rclcpp_components/xarm_moveit_servo
-- Symlinking: /home/hayashi/xarm7_ws/install/xarm_moveit_servo/share/xarm_moveit_servo/cmake/xarm_moveit_servoConfig.cmake
-- Symlinking: /home/hayashi/xarm7_ws/install/xarm_moveit_servo/share/xarm_moveit_servo/cmake/xarm_moveit_servoConfig-version.cmake
-- Symlinking: /home/hayashi/xarm7_ws/install/xarm_moveit_servo/share/xarm_moveit_servo/package.xml
-- Installing: /home/hayashi/xarm7_ws/install/xarm_moveit_servo/lib/libxarm_joystick_input.so
-- Set runtime path of "/home/hayashi/xarm7_ws/install/xarm_moveit_servo/lib/libxarm_joystick_input.so" to ""
-- Installing: /home/hayashi/xarm7_ws/install/xarm_moveit_servo/lib/xarm_moveit_servo/xarm_keyboard_input
-- Set runtime path of "/home/hayashi/xarm7_ws/install/xarm_moveit_servo/lib/xarm_moveit_servo/xarm_keyboard_input" to ""
