[0.213s] Invoking command in '/home/hayashi/xarm7_ws/build/pymoveit2': CMAKE_PREFIX_PATH=${CMAKE_PREFIX_PATH}:/home/hayashi/xarm7_ws/install/xarm_motion_planning:/home/hayashi/xarm7_ws/install/uf_ros_lib:/home/hayashi/ws_moveit/install/moveit_configs_utils:/home/hayashi/ws_moveit/install/launch_param_builder:/opt/ros/humble /usr/bin/cmake /home/hayashi/xarm7_ws/src/pymoveit2 -DAMENT_CMAKE_SYMLINK_INSTALL=1 -DCMAKE_INSTALL_PREFIX=/home/hayashi/xarm7_ws/install/pymoveit2
[0.284s] -- The C compiler identification is GNU 11.4.0
[0.340s] -- The CXX compiler identification is GNU 11.4.0
[0.350s] -- Detecting C compiler ABI info
[0.426s] -- Detecting C compiler ABI info - done
[0.433s] -- Check for working C compiler: /usr/bin/cc - skipped
[0.433s] -- Detecting C compile features
[0.433s] -- Detecting C compile features - done
[0.434s] -- Detecting CXX compiler ABI info
[0.495s] -- Detecting CXX compiler ABI info - done
[0.503s] -- Check for working CXX compiler: /usr/bin/c++ - skipped
[0.503s] -- Detecting CXX compile features
[0.503s] -- Detecting CXX compile features - done
[0.513s] -- Found ament_cmake: 1.3.10 (/opt/ros/humble/share/ament_cmake/cmake)
[0.652s] -- Found Python3: /usr/bin/python3 (found version "3.10.12") found components: Interpreter 
[0.719s] -- Override CMake install command with custom implementation using symlinks instead of copying resources
[0.958s] -- Configuring done
[0.961s] -- Generating done
[0.962s] -- Build files have been written to: /home/hayashi/xarm7_ws/build/pymoveit2
[0.965s] Invoked command in '/home/hayashi/xarm7_ws/build/pymoveit2' returned '0': CMAKE_PREFIX_PATH=${CMAKE_PREFIX_PATH}:/home/hayashi/xarm7_ws/install/xarm_motion_planning:/home/hayashi/xarm7_ws/install/uf_ros_lib:/home/hayashi/ws_moveit/install/moveit_configs_utils:/home/hayashi/ws_moveit/install/launch_param_builder:/opt/ros/humble /usr/bin/cmake /home/hayashi/xarm7_ws/src/pymoveit2 -DAMENT_CMAKE_SYMLINK_INSTALL=1 -DCMAKE_INSTALL_PREFIX=/home/hayashi/xarm7_ws/install/pymoveit2
[0.966s] Invoking command in '/home/hayashi/xarm7_ws/build/pymoveit2': CMAKE_PREFIX_PATH=${CMAKE_PREFIX_PATH}:/home/hayashi/xarm7_ws/install/xarm_motion_planning:/home/hayashi/xarm7_ws/install/uf_ros_lib:/home/hayashi/ws_moveit/install/moveit_configs_utils:/home/hayashi/ws_moveit/install/launch_param_builder:/opt/ros/humble /usr/bin/cmake --build /home/hayashi/xarm7_ws/build/pymoveit2 -- -j16 -l16
[1.032s] Built target ament_cmake_python_symlink_pymoveit2
[1.205s] running egg_info
[1.206s] creating pymoveit2.egg-info
[1.206s] writing pymoveit2.egg-info/PKG-INFO
[1.206s] writing dependency_links to pymoveit2.egg-info/dependency_links.txt
[1.206s] writing top-level names to pymoveit2.egg-info/top_level.txt
[1.206s] writing manifest file 'pymoveit2.egg-info/SOURCES.txt'
[1.207s] reading manifest file 'pymoveit2.egg-info/SOURCES.txt'
[1.208s] writing manifest file 'pymoveit2.egg-info/SOURCES.txt'
[1.230s] Built target ament_cmake_python_build_pymoveit2_egg
[1.241s] Invoked command in '/home/hayashi/xarm7_ws/build/pymoveit2' returned '0': CMAKE_PREFIX_PATH=${CMAKE_PREFIX_PATH}:/home/hayashi/xarm7_ws/install/xarm_motion_planning:/home/hayashi/xarm7_ws/install/uf_ros_lib:/home/hayashi/ws_moveit/install/moveit_configs_utils:/home/hayashi/ws_moveit/install/launch_param_builder:/opt/ros/humble /usr/bin/cmake --build /home/hayashi/xarm7_ws/build/pymoveit2 -- -j16 -l16
[1.274s] Invoking command in '/home/hayashi/xarm7_ws/build/pymoveit2': CMAKE_PREFIX_PATH=${CMAKE_PREFIX_PATH}:/home/hayashi/xarm7_ws/install/xarm_motion_planning:/home/hayashi/xarm7_ws/install/uf_ros_lib:/home/hayashi/ws_moveit/install/moveit_configs_utils:/home/hayashi/ws_moveit/install/launch_param_builder:/opt/ros/humble /usr/bin/cmake --install /home/hayashi/xarm7_ws/build/pymoveit2
[1.283s] -- Install configuration: ""
[1.284s] -- Execute custom install script
[1.284s] -- Symlinking: /home/hayashi/xarm7_ws/install/pymoveit2/share/pymoveit2/environment/pythonpath.sh
[1.294s] -- Symlinking: /home/hayashi/xarm7_ws/install/pymoveit2/share/pymoveit2/environment/pythonpath.dsv
[1.304s] -- Symlinking: /home/hayashi/xarm7_ws/install/pymoveit2/local/lib/python3.10/dist-packages/pymoveit2-4.0.0-py3.10.egg-info/PKG-INFO
[1.314s] -- Symlinking: /home/hayashi/xarm7_ws/install/pymoveit2/local/lib/python3.10/dist-packages/pymoveit2-4.0.0-py3.10.egg-info/SOURCES.txt
[1.324s] -- Symlinking: /home/hayashi/xarm7_ws/install/pymoveit2/local/lib/python3.10/dist-packages/pymoveit2-4.0.0-py3.10.egg-info/dependency_links.txt
[1.333s] -- Symlinking: /home/hayashi/xarm7_ws/install/pymoveit2/local/lib/python3.10/dist-packages/pymoveit2-4.0.0-py3.10.egg-info/top_level.txt
[1.344s] -- Symlinking: /home/hayashi/xarm7_ws/install/pymoveit2/local/lib/python3.10/dist-packages/pymoveit2/__init__.py
[1.353s] -- Symlinking: /home/hayashi/xarm7_ws/install/pymoveit2/local/lib/python3.10/dist-packages/pymoveit2/gripper_command.py
[1.361s] -- Symlinking: /home/hayashi/xarm7_ws/install/pymoveit2/local/lib/python3.10/dist-packages/pymoveit2/gripper_interface.py
[1.371s] -- Symlinking: /home/hayashi/xarm7_ws/install/pymoveit2/local/lib/python3.10/dist-packages/pymoveit2/moveit2.py
[1.381s] -- Symlinking: /home/hayashi/xarm7_ws/install/pymoveit2/local/lib/python3.10/dist-packages/pymoveit2/moveit2_gripper.py
[1.390s] -- Symlinking: /home/hayashi/xarm7_ws/install/pymoveit2/local/lib/python3.10/dist-packages/pymoveit2/moveit2_servo.py
[1.398s] -- Symlinking: /home/hayashi/xarm7_ws/install/pymoveit2/local/lib/python3.10/dist-packages/pymoveit2/robots/__init__.py
[1.408s] -- Symlinking: /home/hayashi/xarm7_ws/install/pymoveit2/local/lib/python3.10/dist-packages/pymoveit2/robots/crane_x7.py
[1.417s] -- Symlinking: /home/hayashi/xarm7_ws/install/pymoveit2/local/lib/python3.10/dist-packages/pymoveit2/robots/kinova.py
[1.427s] -- Symlinking: /home/hayashi/xarm7_ws/install/pymoveit2/local/lib/python3.10/dist-packages/pymoveit2/robots/lbr.py
[1.435s] -- Symlinking: /home/hayashi/xarm7_ws/install/pymoveit2/local/lib/python3.10/dist-packages/pymoveit2/robots/panda.py
[1.443s] -- Symlinking: /home/hayashi/xarm7_ws/install/pymoveit2/local/lib/python3.10/dist-packages/pymoveit2/robots/phantomx_pincher.py
[1.451s] -- Symlinking: /home/hayashi/xarm7_ws/install/pymoveit2/lib/pymoveit2/ex_allow_collisions.py
[1.461s] -- Symlinking: /home/hayashi/xarm7_ws/install/pymoveit2/lib/pymoveit2/ex_clear_planning_scene.py
[1.471s] -- Symlinking: /home/hayashi/xarm7_ws/install/pymoveit2/lib/pymoveit2/ex_collision_mesh.py
[1.481s] -- Symlinking: /home/hayashi/xarm7_ws/install/pymoveit2/lib/pymoveit2/ex_collision_primitive.py
[1.490s] -- Symlinking: /home/hayashi/xarm7_ws/install/pymoveit2/lib/pymoveit2/ex_fk.py
[1.500s] -- Symlinking: /home/hayashi/xarm7_ws/install/pymoveit2/lib/pymoveit2/ex_gripper.py
[1.510s] -- Symlinking: /home/hayashi/xarm7_ws/install/pymoveit2/lib/pymoveit2/ex_ik.py
[1.516s] -- Symlinking: /home/hayashi/xarm7_ws/install/pymoveit2/lib/pymoveit2/ex_joint_goal.py
[1.526s] -- Symlinking: /home/hayashi/xarm7_ws/install/pymoveit2/lib/pymoveit2/ex_orientation_path_constraint.py
[1.536s] -- Symlinking: /home/hayashi/xarm7_ws/install/pymoveit2/lib/pymoveit2/ex_pose_goal.py
[1.545s] -- Symlinking: /home/hayashi/xarm7_ws/install/pymoveit2/lib/pymoveit2/ex_servo.py
[1.555s] -- Symlinking: /home/hayashi/xarm7_ws/install/pymoveit2/share/ament_index/resource_index/package_run_dependencies/pymoveit2
[1.565s] -- Symlinking: /home/hayashi/xarm7_ws/install/pymoveit2/share/ament_index/resource_index/parent_prefix_path/pymoveit2
[1.575s] -- Symlinking: /home/hayashi/xarm7_ws/install/pymoveit2/share/pymoveit2/environment/ament_prefix_path.sh
[1.582s] -- Symlinking: /home/hayashi/xarm7_ws/install/pymoveit2/share/pymoveit2/environment/ament_prefix_path.dsv
[1.592s] -- Symlinking: /home/hayashi/xarm7_ws/install/pymoveit2/share/pymoveit2/environment/path.sh
[1.603s] -- Symlinking: /home/hayashi/xarm7_ws/install/pymoveit2/share/pymoveit2/environment/path.dsv
[1.613s] -- Symlinking: /home/hayashi/xarm7_ws/install/pymoveit2/share/pymoveit2/local_setup.bash
[1.619s] -- Symlinking: /home/hayashi/xarm7_ws/install/pymoveit2/share/pymoveit2/local_setup.sh
[1.629s] -- Symlinking: /home/hayashi/xarm7_ws/install/pymoveit2/share/pymoveit2/local_setup.zsh
[1.639s] -- Symlinking: /home/hayashi/xarm7_ws/install/pymoveit2/share/pymoveit2/local_setup.dsv
[1.648s] -- Symlinking: /home/hayashi/xarm7_ws/install/pymoveit2/share/pymoveit2/package.dsv
[1.658s] -- Symlinking: /home/hayashi/xarm7_ws/install/pymoveit2/share/ament_index/resource_index/packages/pymoveit2
[1.666s] -- Symlinking: /home/hayashi/xarm7_ws/install/pymoveit2/share/pymoveit2/cmake/pymoveit2Config.cmake
[1.673s] -- Symlinking: /home/hayashi/xarm7_ws/install/pymoveit2/share/pymoveit2/cmake/pymoveit2Config-version.cmake
[1.683s] -- Symlinking: /home/hayashi/xarm7_ws/install/pymoveit2/share/pymoveit2/package.xml
[1.729s] Listing '/home/hayashi/xarm7_ws/install/pymoveit2/local/lib/python3.10/dist-packages/pymoveit2'...
[1.729s] Compiling '/home/hayashi/xarm7_ws/install/pymoveit2/local/lib/python3.10/dist-packages/pymoveit2/__init__.py'...
[1.729s] Compiling '/home/hayashi/xarm7_ws/install/pymoveit2/local/lib/python3.10/dist-packages/pymoveit2/gripper_command.py'...
[1.729s] Compiling '/home/hayashi/xarm7_ws/install/pymoveit2/local/lib/python3.10/dist-packages/pymoveit2/gripper_interface.py'...
[1.729s] Compiling '/home/hayashi/xarm7_ws/install/pymoveit2/local/lib/python3.10/dist-packages/pymoveit2/moveit2.py'...
[1.729s] Compiling '/home/hayashi/xarm7_ws/install/pymoveit2/local/lib/python3.10/dist-packages/pymoveit2/moveit2_gripper.py'...
[1.729s] Compiling '/home/hayashi/xarm7_ws/install/pymoveit2/local/lib/python3.10/dist-packages/pymoveit2/moveit2_servo.py'...
[1.730s] Listing '/home/hayashi/xarm7_ws/install/pymoveit2/local/lib/python3.10/dist-packages/pymoveit2/robots'...
[1.730s] Compiling '/home/hayashi/xarm7_ws/install/pymoveit2/local/lib/python3.10/dist-packages/pymoveit2/robots/__init__.py'...
[1.730s] Compiling '/home/hayashi/xarm7_ws/install/pymoveit2/local/lib/python3.10/dist-packages/pymoveit2/robots/crane_x7.py'...
[1.730s] Compiling '/home/hayashi/xarm7_ws/install/pymoveit2/local/lib/python3.10/dist-packages/pymoveit2/robots/kinova.py'...
[1.730s] Compiling '/home/hayashi/xarm7_ws/install/pymoveit2/local/lib/python3.10/dist-packages/pymoveit2/robots/lbr.py'...
[1.730s] Compiling '/home/hayashi/xarm7_ws/install/pymoveit2/local/lib/python3.10/dist-packages/pymoveit2/robots/panda.py'...
[1.730s] Compiling '/home/hayashi/xarm7_ws/install/pymoveit2/local/lib/python3.10/dist-packages/pymoveit2/robots/phantomx_pincher.py'...
[1.734s] Invoked command in '/home/hayashi/xarm7_ws/build/pymoveit2' returned '0': CMAKE_PREFIX_PATH=${CMAKE_PREFIX_PATH}:/home/hayashi/xarm7_ws/install/xarm_motion_planning:/home/hayashi/xarm7_ws/install/uf_ros_lib:/home/hayashi/ws_moveit/install/moveit_configs_utils:/home/hayashi/ws_moveit/install/launch_param_builder:/opt/ros/humble /usr/bin/cmake --install /home/hayashi/xarm7_ws/build/pymoveit2
