[0.070s] Invoking command in '/home/hayashi/xarm7_ws/build/xarm_description': CMAKE_PREFIX_PATH=${CMAKE_PREFIX_PATH}:/home/hayashi/xarm7_ws/install/xarm_motion_planning:/home/hayashi/ws_moveit/install/moveit_configs_utils:/home/hayashi/ws_moveit/install/launch_param_builder:/opt/ros/humble /usr/bin/cmake /home/hayashi/xarm7_ws/src/xarm_ros2/xarm_description -DAMENT_CMAKE_SYMLINK_INSTALL=1 -DCMAKE_INSTALL_PREFIX=/home/hayashi/xarm7_ws/install/xarm_description
[0.257s] -- The C compiler identification is GNU 11.4.0
[0.257s] -- The CXX compiler identification is GNU 11.4.0
[0.257s] -- Detecting C compiler ABI info
[0.257s] -- Detecting C compiler ABI info - done
[0.257s] -- Check for working C compiler: /usr/bin/cc - skipped
[0.257s] -- Detecting C compile features
[0.258s] -- Detecting C compile features - done
[0.258s] -- Detecting CXX compiler ABI info
[0.323s] -- Detecting CXX compiler ABI info - done
[0.332s] -- Check for working CXX compiler: /usr/bin/c++ - skipped
[0.332s] -- Detecting CXX compile features
[0.332s] -- Detecting CXX compile features - done
[0.340s] -- Found ament_cmake: 1.3.10 (/opt/ros/humble/share/ament_cmake/cmake)
[0.455s] -- Found Python3: /usr/bin/python3 (found version "3.10.12") found components: Interpreter 
[0.498s] -- Override CMake install command with custom implementation using symlinks instead of copying resources
[0.550s] -- Found ament_lint_auto: 0.12.11 (/opt/ros/humble/share/ament_lint_auto/cmake)
[0.628s] -- Added test 'copyright' to check source files copyright and LICENSE
[0.639s] -- Added test 'flake8' to check Python code syntax and style conventions
[0.641s] -- Added test 'lint_cmake' to check CMake code style
[0.642s] -- Added test 'pep257' to check Python code against some of the docstring style conventions in PEP 257
[0.648s] -- Added test 'xmllint' to check XML markup files
[0.650s] -- Configuring done
[0.651s] -- Generating done
[0.652s] -- Build files have been written to: /home/hayashi/xarm7_ws/build/xarm_description
[0.655s] Invoked command in '/home/hayashi/xarm7_ws/build/xarm_description' returned '0': CMAKE_PREFIX_PATH=${CMAKE_PREFIX_PATH}:/home/hayashi/xarm7_ws/install/xarm_motion_planning:/home/hayashi/ws_moveit/install/moveit_configs_utils:/home/hayashi/ws_moveit/install/launch_param_builder:/opt/ros/humble /usr/bin/cmake /home/hayashi/xarm7_ws/src/xarm_ros2/xarm_description -DAMENT_CMAKE_SYMLINK_INSTALL=1 -DCMAKE_INSTALL_PREFIX=/home/hayashi/xarm7_ws/install/xarm_description
[0.657s] Invoking command in '/home/hayashi/xarm7_ws/build/xarm_description': CMAKE_PREFIX_PATH=${CMAKE_PREFIX_PATH}:/home/hayashi/xarm7_ws/install/xarm_motion_planning:/home/hayashi/ws_moveit/install/moveit_configs_utils:/home/hayashi/ws_moveit/install/launch_param_builder:/opt/ros/humble /usr/bin/cmake --build /home/hayashi/xarm7_ws/build/xarm_description -- -j16 -l16
[0.689s] Invoked command in '/home/hayashi/xarm7_ws/build/xarm_description' returned '0': CMAKE_PREFIX_PATH=${CMAKE_PREFIX_PATH}:/home/hayashi/xarm7_ws/install/xarm_motion_planning:/home/hayashi/ws_moveit/install/moveit_configs_utils:/home/hayashi/ws_moveit/install/launch_param_builder:/opt/ros/humble /usr/bin/cmake --build /home/hayashi/xarm7_ws/build/xarm_description -- -j16 -l16
[0.716s] Invoking command in '/home/hayashi/xarm7_ws/build/xarm_description': CMAKE_PREFIX_PATH=${CMAKE_PREFIX_PATH}:/home/hayashi/xarm7_ws/install/xarm_motion_planning:/home/hayashi/ws_moveit/install/moveit_configs_utils:/home/hayashi/ws_moveit/install/launch_param_builder:/opt/ros/humble /usr/bin/cmake --install /home/hayashi/xarm7_ws/build/xarm_description
[0.722s] -- Install configuration: ""
[0.722s] -- Execute custom install script
[0.722s] -- Symlinking: /home/hayashi/xarm7_ws/install/xarm_description/share/xarm_description//rviz/display.rviz
[0.729s] -- Symlinking: /home/hayashi/xarm7_ws/install/xarm_description/share/xarm_description//urdf/_private_macro.xacro
[0.736s] -- Symlinking: /home/hayashi/xarm7_ws/install/xarm_description/share/xarm_description//urdf/camera/camera.gazebo.xacro
[0.743s] -- Symlinking: /home/hayashi/xarm7_ws/install/xarm_description/share/xarm_description//urdf/camera/realsense.gazebo.xacro
[0.750s] -- Symlinking: /home/hayashi/xarm7_ws/install/xarm_description/share/xarm_description//urdf/camera/realsense_d435i.urdf.xacro
[0.762s] -- Symlinking: /home/hayashi/xarm7_ws/install/xarm_description/share/xarm_description//urdf/common/common.gazebo.xacro
[0.767s] -- Symlinking: /home/hayashi/xarm7_ws/install/xarm_description/share/xarm_description//urdf/common/common.link.xacro
[0.779s] -- Symlinking: /home/hayashi/xarm7_ws/install/xarm_description/share/xarm_description//urdf/common/common.material.xacro
[0.793s] -- Symlinking: /home/hayashi/xarm7_ws/install/xarm_description/share/xarm_description//urdf/dual_xarm_device.urdf.xacro
[0.809s] -- Symlinking: /home/hayashi/xarm7_ws/install/xarm_description/share/xarm_description//urdf/gripper/bio_gripper.gazebo.xacro
[0.823s] -- Symlinking: /home/hayashi/xarm7_ws/install/xarm_description/share/xarm_description//urdf/gripper/bio_gripper.ros2_control.xacro
[0.838s] -- Symlinking: /home/hayashi/xarm7_ws/install/xarm_description/share/xarm_description//urdf/gripper/bio_gripper.transmission.xacro
[0.865s] -- Symlinking: /home/hayashi/xarm7_ws/install/xarm_description/share/xarm_description//urdf/gripper/bio_gripper.urdf.xacro
[0.901s] -- Symlinking: /home/hayashi/xarm7_ws/install/xarm_description/share/xarm_description//urdf/gripper/bio_gripper_macro.xacro
[0.934s] -- Symlinking: /home/hayashi/xarm7_ws/install/xarm_description/share/xarm_description//urdf/gripper/gripper.urdf.xacro
[0.963s] -- Symlinking: /home/hayashi/xarm7_ws/install/xarm_description/share/xarm_description//urdf/gripper/gripper_macro.xacro
[1.000s] -- Symlinking: /home/hayashi/xarm7_ws/install/xarm_description/share/xarm_description//urdf/gripper/lite_gripper.urdf.xacro
[1.037s] -- Symlinking: /home/hayashi/xarm7_ws/install/xarm_description/share/xarm_description//urdf/gripper/xarm_gripper.gazebo.xacro
[1.065s] -- Symlinking: /home/hayashi/xarm7_ws/install/xarm_description/share/xarm_description//urdf/gripper/xarm_gripper.ros2_control.xacro
[1.093s] -- Symlinking: /home/hayashi/xarm7_ws/install/xarm_description/share/xarm_description//urdf/gripper/xarm_gripper.transmission.xacro
[1.123s] -- Symlinking: /home/hayashi/xarm7_ws/install/xarm_description/share/xarm_description//urdf/gripper/xarm_gripper.urdf.xacro
[1.156s] -- Symlinking: /home/hayashi/xarm7_ws/install/xarm_description/share/xarm_description//urdf/gripper/xarm_gripper_macro.xacro
[1.183s] -- Symlinking: /home/hayashi/xarm7_ws/install/xarm_description/share/xarm_description//urdf/lite6/lite6.gazebo.xacro
[1.215s] -- Symlinking: /home/hayashi/xarm7_ws/install/xarm_description/share/xarm_description//urdf/lite6/lite6.ros2_control.xacro
[1.244s] -- Symlinking: /home/hayashi/xarm7_ws/install/xarm_description/share/xarm_description//urdf/lite6/lite6.transmission.xacro
[1.273s] -- Symlinking: /home/hayashi/xarm7_ws/install/xarm_description/share/xarm_description//urdf/lite6/lite6.urdf.xacro
[1.308s] -- Symlinking: /home/hayashi/xarm7_ws/install/xarm_description/share/xarm_description//urdf/lite6/lite6_robot_macro.xacro
[1.337s] -- Symlinking: /home/hayashi/xarm7_ws/install/xarm_description/share/xarm_description//urdf/other/other_geometry.urdf.xacro
[1.357s] -- Symlinking: /home/hayashi/xarm7_ws/install/xarm_description/share/xarm_description//urdf/uf850/uf850.gazebo.xacro
[1.395s] -- Symlinking: /home/hayashi/xarm7_ws/install/xarm_description/share/xarm_description//urdf/uf850/uf850.ros2_control.xacro
[1.423s] -- Symlinking: /home/hayashi/xarm7_ws/install/xarm_description/share/xarm_description//urdf/uf850/uf850.transmission.xacro
[1.451s] -- Symlinking: /home/hayashi/xarm7_ws/install/xarm_description/share/xarm_description//urdf/uf850/uf850.urdf.xacro
[1.473s] -- Symlinking: /home/hayashi/xarm7_ws/install/xarm_description/share/xarm_description//urdf/uf850/uf850_robot_macro.xacro
[1.505s] -- Symlinking: /home/hayashi/xarm7_ws/install/xarm_description/share/xarm_description//urdf/vacuum_gripper/lite_vacuum_gripper.urdf.xacro
[1.534s] -- Symlinking: /home/hayashi/xarm7_ws/install/xarm_description/share/xarm_description//urdf/vacuum_gripper/vacuum_gripper.urdf.xacro
[1.553s] -- Symlinking: /home/hayashi/xarm7_ws/install/xarm_description/share/xarm_description//urdf/vacuum_gripper/vacuum_gripper_macro.xacro
[1.571s] -- Symlinking: /home/hayashi/xarm7_ws/install/xarm_description/share/xarm_description//urdf/vacuum_gripper/xarm_vacuum_gripper.urdf.xacro
[1.587s] -- Symlinking: /home/hayashi/xarm7_ws/install/xarm_description/share/xarm_description//urdf/xarm5/xarm5.gazebo.xacro
[1.600s] -- Symlinking: /home/hayashi/xarm7_ws/install/xarm_description/share/xarm_description//urdf/xarm5/xarm5.ros2_control.xacro
[1.621s] -- Symlinking: /home/hayashi/xarm7_ws/install/xarm_description/share/xarm_description//urdf/xarm5/xarm5.transmission.xacro
[1.636s] -- Symlinking: /home/hayashi/xarm7_ws/install/xarm_description/share/xarm_description//urdf/xarm5/xarm5.urdf.xacro
[1.656s] -- Symlinking: /home/hayashi/xarm7_ws/install/xarm_description/share/xarm_description//urdf/xarm5/xarm5_robot_macro.xacro
[1.675s] -- Symlinking: /home/hayashi/xarm7_ws/install/xarm_description/share/xarm_description//urdf/xarm6/xarm6.gazebo.xacro
[1.691s] -- Symlinking: /home/hayashi/xarm7_ws/install/xarm_description/share/xarm_description//urdf/xarm6/xarm6.ros2_control.xacro
[1.714s] -- Symlinking: /home/hayashi/xarm7_ws/install/xarm_description/share/xarm_description//urdf/xarm6/xarm6.transmission.xacro
[1.750s] -- Symlinking: /home/hayashi/xarm7_ws/install/xarm_description/share/xarm_description//urdf/xarm6/xarm6.urdf.xacro
[1.787s] -- Symlinking: /home/hayashi/xarm7_ws/install/xarm_description/share/xarm_description//urdf/xarm6/xarm6_robot_macro.xacro
[1.816s] -- Symlinking: /home/hayashi/xarm7_ws/install/xarm_description/share/xarm_description//urdf/xarm7/xarm7.gazebo.xacro
[1.856s] -- Symlinking: /home/hayashi/xarm7_ws/install/xarm_description/share/xarm_description//urdf/xarm7/xarm7.ros2_control.xacro
[1.885s] -- Symlinking: /home/hayashi/xarm7_ws/install/xarm_description/share/xarm_description//urdf/xarm7/xarm7.transmission.xacro
[1.914s] -- Symlinking: /home/hayashi/xarm7_ws/install/xarm_description/share/xarm_description//urdf/xarm7/xarm7.urdf.xacro
[1.935s] -- Symlinking: /home/hayashi/xarm7_ws/install/xarm_description/share/xarm_description//urdf/xarm7/xarm7_robot_macro.xacro
[1.962s] -- Symlinking: /home/hayashi/xarm7_ws/install/xarm_description/share/xarm_description//urdf/xarm7_mirror/xarm7_mirror.gazebo.xacro
[1.988s] -- Symlinking: /home/hayashi/xarm7_ws/install/xarm_description/share/xarm_description//urdf/xarm7_mirror/xarm7_mirror.ros2_control.xacro
[2.017s] -- Symlinking: /home/hayashi/xarm7_ws/install/xarm_description/share/xarm_description//urdf/xarm7_mirror/xarm7_mirror.transmission.xacro
[2.046s] -- Symlinking: /home/hayashi/xarm7_ws/install/xarm_description/share/xarm_description//urdf/xarm7_mirror/xarm7_mirror.urdf.xacro
[2.068s] -- Symlinking: /home/hayashi/xarm7_ws/install/xarm_description/share/xarm_description//urdf/xarm7_mirror/xarm7_mirror_robot_macro.xacro
[2.080s] -- Symlinking: /home/hayashi/xarm7_ws/install/xarm_description/share/xarm_description//urdf/xarm_device.urdf.xacro
[2.094s] -- Symlinking: /home/hayashi/xarm7_ws/install/xarm_description/share/xarm_description//urdf/xarm_device_macro.xacro
[2.122s] -- Symlinking: /home/hayashi/xarm7_ws/install/xarm_description/share/xarm_description//config/kinematics/default/lite6_default_kinematics.yaml
[2.142s] -- Symlinking: /home/hayashi/xarm7_ws/install/xarm_description/share/xarm_description//config/kinematics/default/uf850_default_kinematics.yaml
[2.154s] -- Symlinking: /home/hayashi/xarm7_ws/install/xarm_description/share/xarm_description//config/kinematics/default/xarm5_default_kinematics.yaml
[2.167s] -- Symlinking: /home/hayashi/xarm7_ws/install/xarm_description/share/xarm_description//config/kinematics/default/xarm6_default_kinematics.yaml
[2.180s] -- Symlinking: /home/hayashi/xarm7_ws/install/xarm_description/share/xarm_description//config/kinematics/default/xarm7_default_kinematics.yaml
[2.196s] -- Symlinking: /home/hayashi/xarm7_ws/install/xarm_description/share/xarm_description//config/kinematics/default/xarm7_mirror_default_kinematics.yaml
[2.209s] -- Symlinking: /home/hayashi/xarm7_ws/install/xarm_description/share/xarm_description//config/kinematics/gen_kinematics_params.py
[2.223s] -- Symlinking: /home/hayashi/xarm7_ws/install/xarm_description/share/xarm_description//config/link_inertial/gen_link_inertial_params.py
[2.238s] -- Symlinking: /home/hayashi/xarm7_ws/install/xarm_description/share/xarm_description//config/link_inertial/xarm5_type5_HT_BR.yaml
[2.253s] -- Symlinking: /home/hayashi/xarm7_ws/install/xarm_description/share/xarm_description//config/link_inertial/xarm5_type5_HT_BR2.yaml
[2.263s] -- Symlinking: /home/hayashi/xarm7_ws/install/xarm_description/share/xarm_description//config/link_inertial/xarm5_type5_HT_LD.yaml
[2.276s] -- Symlinking: /home/hayashi/xarm7_ws/install/xarm_description/share/xarm_description//config/link_inertial/xarm5_type5_UJ_BR_2403.yaml
[2.287s] -- Symlinking: /home/hayashi/xarm7_ws/install/xarm_description/share/xarm_description//config/link_inertial/xarm6_type11_HT_LD.yaml
[2.300s] -- Symlinking: /home/hayashi/xarm7_ws/install/xarm_description/share/xarm_description//config/link_inertial/xarm6_type12_HT_LDBR2.yaml
[2.312s] -- Symlinking: /home/hayashi/xarm7_ws/install/xarm_description/share/xarm_description//config/link_inertial/xarm6_type6_HT2_LD.yaml
[2.324s] -- Symlinking: /home/hayashi/xarm7_ws/install/xarm_description/share/xarm_description//config/link_inertial/xarm6_type6_HT_BR.yaml
[2.336s] -- Symlinking: /home/hayashi/xarm7_ws/install/xarm_description/share/xarm_description//config/link_inertial/xarm6_type6_HT_BR2.yaml
[2.346s] -- Symlinking: /home/hayashi/xarm7_ws/install/xarm_description/share/xarm_description//config/link_inertial/xarm6_type6_HT_LD.yaml
[2.358s] -- Symlinking: /home/hayashi/xarm7_ws/install/xarm_description/share/xarm_description//config/link_inertial/xarm6_type6_UJ_BR_2403.yaml
[2.369s] -- Symlinking: /home/hayashi/xarm7_ws/install/xarm_description/share/xarm_description//config/link_inertial/xarm6_type8_HT2_BR2.yaml
[2.384s] -- Symlinking: /home/hayashi/xarm7_ws/install/xarm_description/share/xarm_description//config/link_inertial/xarm6_type9_HT_BR2.yaml
[2.400s] -- Symlinking: /home/hayashi/xarm7_ws/install/xarm_description/share/xarm_description//config/link_inertial/xarm7_type13_HT_BR2.yaml
[2.412s] -- Symlinking: /home/hayashi/xarm7_ws/install/xarm_description/share/xarm_description//config/link_inertial/xarm7_type3_YT_SP.yaml
[2.422s] -- Symlinking: /home/hayashi/xarm7_ws/install/xarm_description/share/xarm_description//config/link_inertial/xarm7_type7_HT_BR.yaml
[2.433s] -- Symlinking: /home/hayashi/xarm7_ws/install/xarm_description/share/xarm_description//config/link_inertial/xarm7_type7_HT_BR2.yaml
[2.445s] -- Symlinking: /home/hayashi/xarm7_ws/install/xarm_description/share/xarm_description//config/link_inertial/xarm7_type7_HT_LD.yaml
[2.457s] -- Symlinking: /home/hayashi/xarm7_ws/install/xarm_description/share/xarm_description//config/link_inertial/xarm7_type7_UJ_BR_2403.yaml
[2.470s] -- Symlinking: /home/hayashi/xarm7_ws/install/xarm_description/share/xarm_description//meshes/camera/realsense/collision/d435_with_cam_stand.stl
[2.481s] -- Symlinking: /home/hayashi/xarm7_ws/install/xarm_description/share/xarm_description//meshes/camera/realsense/visual/d435_with_cam_stand.stl
[2.492s] -- Symlinking: /home/hayashi/xarm7_ws/install/xarm_description/share/xarm_description//meshes/end_tool/collision/end_tool.stl
[2.502s] -- Symlinking: /home/hayashi/xarm7_ws/install/xarm_description/share/xarm_description//meshes/end_tool/collision/end_tool_1300.stl
[2.510s] -- Symlinking: /home/hayashi/xarm7_ws/install/xarm_description/share/xarm_description//meshes/end_tool/visual/end_tool_1300.stl
[2.518s] -- Symlinking: /home/hayashi/xarm7_ws/install/xarm_description/share/xarm_description//meshes/gripper/bio/left_finger.stl
[2.525s] -- Symlinking: /home/hayashi/xarm7_ws/install/xarm_description/share/xarm_description//meshes/gripper/bio/link_base.stl
[2.533s] -- Symlinking: /home/hayashi/xarm7_ws/install/xarm_description/share/xarm_description//meshes/gripper/bio/right_finger.stl
[2.541s] -- Symlinking: /home/hayashi/xarm7_ws/install/xarm_description/share/xarm_description//meshes/gripper/lite/collision/gripper_lite.stl
[2.549s] -- Symlinking: /home/hayashi/xarm7_ws/install/xarm_description/share/xarm_description//meshes/gripper/lite/visual/gripper_lite.stl
[2.557s] -- Symlinking: /home/hayashi/xarm7_ws/install/xarm_description/share/xarm_description//meshes/gripper/xarm/base_link.stl
[2.565s] -- Symlinking: /home/hayashi/xarm7_ws/install/xarm_description/share/xarm_description//meshes/gripper/xarm/left_finger.stl
[2.573s] -- Symlinking: /home/hayashi/xarm7_ws/install/xarm_description/share/xarm_description//meshes/gripper/xarm/left_inner_knuckle.stl
[2.581s] -- Symlinking: /home/hayashi/xarm7_ws/install/xarm_description/share/xarm_description//meshes/gripper/xarm/left_outer_knuckle.stl
[2.588s] -- Symlinking: /home/hayashi/xarm7_ws/install/xarm_description/share/xarm_description//meshes/gripper/xarm/right_finger.stl
[2.596s] -- Symlinking: /home/hayashi/xarm7_ws/install/xarm_description/share/xarm_description//meshes/gripper/xarm/right_inner_knuckle.stl
[2.603s] -- Symlinking: /home/hayashi/xarm7_ws/install/xarm_description/share/xarm_description//meshes/gripper/xarm/right_outer_knuckle.stl
[2.611s] -- Symlinking: /home/hayashi/xarm7_ws/install/xarm_description/share/xarm_description//meshes/lite6/collision/link1.stl
[2.619s] -- Symlinking: /home/hayashi/xarm7_ws/install/xarm_description/share/xarm_description//meshes/lite6/collision/link2.stl
[2.626s] -- Symlinking: /home/hayashi/xarm7_ws/install/xarm_description/share/xarm_description//meshes/lite6/collision/link3.stl
[2.634s] -- Symlinking: /home/hayashi/xarm7_ws/install/xarm_description/share/xarm_description//meshes/lite6/collision/link4.stl
[2.641s] -- Symlinking: /home/hayashi/xarm7_ws/install/xarm_description/share/xarm_description//meshes/lite6/collision/link5.stl
[2.649s] -- Symlinking: /home/hayashi/xarm7_ws/install/xarm_description/share/xarm_description//meshes/lite6/collision/link6.stl
[2.656s] -- Symlinking: /home/hayashi/xarm7_ws/install/xarm_description/share/xarm_description//meshes/lite6/collision/link_base.stl
[2.664s] -- Symlinking: /home/hayashi/xarm7_ws/install/xarm_description/share/xarm_description//meshes/lite6/visual/link1.stl
[2.671s] -- Symlinking: /home/hayashi/xarm7_ws/install/xarm_description/share/xarm_description//meshes/lite6/visual/link2.stl
[2.678s] -- Symlinking: /home/hayashi/xarm7_ws/install/xarm_description/share/xarm_description//meshes/lite6/visual/link3.stl
[2.686s] -- Symlinking: /home/hayashi/xarm7_ws/install/xarm_description/share/xarm_description//meshes/lite6/visual/link4.stl
[2.694s] -- Symlinking: /home/hayashi/xarm7_ws/install/xarm_description/share/xarm_description//meshes/lite6/visual/link5.stl
[2.702s] -- Symlinking: /home/hayashi/xarm7_ws/install/xarm_description/share/xarm_description//meshes/lite6/visual/link6.stl
[2.709s] -- Symlinking: /home/hayashi/xarm7_ws/install/xarm_description/share/xarm_description//meshes/lite6/visual/link_base.stl
[2.717s] -- Symlinking: /home/hayashi/xarm7_ws/install/xarm_description/share/xarm_description//meshes/uf850/collision/link1.stl
[2.725s] -- Symlinking: /home/hayashi/xarm7_ws/install/xarm_description/share/xarm_description//meshes/uf850/collision/link2.stl
[2.735s] -- Symlinking: /home/hayashi/xarm7_ws/install/xarm_description/share/xarm_description//meshes/uf850/collision/link3.stl
[2.746s] -- Symlinking: /home/hayashi/xarm7_ws/install/xarm_description/share/xarm_description//meshes/uf850/collision/link4.stl
[2.757s] -- Symlinking: /home/hayashi/xarm7_ws/install/xarm_description/share/xarm_description//meshes/uf850/collision/link5.stl
[2.766s] -- Symlinking: /home/hayashi/xarm7_ws/install/xarm_description/share/xarm_description//meshes/uf850/collision/link6.stl
[2.776s] -- Symlinking: /home/hayashi/xarm7_ws/install/xarm_description/share/xarm_description//meshes/uf850/collision/link_base.stl
[2.788s] -- Symlinking: /home/hayashi/xarm7_ws/install/xarm_description/share/xarm_description//meshes/uf850/visual/link1.stl
[2.799s] -- Symlinking: /home/hayashi/xarm7_ws/install/xarm_description/share/xarm_description//meshes/uf850/visual/link2.stl
[2.808s] -- Symlinking: /home/hayashi/xarm7_ws/install/xarm_description/share/xarm_description//meshes/uf850/visual/link3.stl
[2.819s] -- Symlinking: /home/hayashi/xarm7_ws/install/xarm_description/share/xarm_description//meshes/uf850/visual/link4.stl
[2.830s] -- Symlinking: /home/hayashi/xarm7_ws/install/xarm_description/share/xarm_description//meshes/uf850/visual/link5.stl
[2.841s] -- Symlinking: /home/hayashi/xarm7_ws/install/xarm_description/share/xarm_description//meshes/uf850/visual/link6.stl
[2.853s] -- Symlinking: /home/hayashi/xarm7_ws/install/xarm_description/share/xarm_description//meshes/uf850/visual/link_base.stl
[2.863s] -- Symlinking: /home/hayashi/xarm7_ws/install/xarm_description/share/xarm_description//meshes/vacuum_gripper/lite/collision/vacuum_gripper_lite.stl
[2.870s] -- Symlinking: /home/hayashi/xarm7_ws/install/xarm_description/share/xarm_description//meshes/vacuum_gripper/lite/visual/vacuum_gripper_lite.stl
[2.877s] -- Symlinking: /home/hayashi/xarm7_ws/install/xarm_description/share/xarm_description//meshes/vacuum_gripper/xarm/collision/vacuum_gripper.stl
[2.885s] -- Symlinking: /home/hayashi/xarm7_ws/install/xarm_description/share/xarm_description//meshes/vacuum_gripper/xarm/visual/vacuum_gripper.stl
[2.892s] -- Symlinking: /home/hayashi/xarm7_ws/install/xarm_description/share/xarm_description//meshes/xarm5/visual/link1.stl
[2.902s] -- Symlinking: /home/hayashi/xarm7_ws/install/xarm_description/share/xarm_description//meshes/xarm5/visual/link2.stl
[2.913s] -- Symlinking: /home/hayashi/xarm7_ws/install/xarm_description/share/xarm_description//meshes/xarm5/visual/link3.stl
[2.920s] -- Symlinking: /home/hayashi/xarm7_ws/install/xarm_description/share/xarm_description//meshes/xarm5/visual/link4.stl
[2.927s] -- Symlinking: /home/hayashi/xarm7_ws/install/xarm_description/share/xarm_description//meshes/xarm5/visual/link5.stl
[2.936s] -- Symlinking: /home/hayashi/xarm7_ws/install/xarm_description/share/xarm_description//meshes/xarm5/visual/link_base.stl
[2.943s] -- Symlinking: /home/hayashi/xarm7_ws/install/xarm_description/share/xarm_description//meshes/xarm5_1305/collision/link1.obj
[2.951s] -- Symlinking: /home/hayashi/xarm7_ws/install/xarm_description/share/xarm_description//meshes/xarm5_1305/collision/link2.obj
[2.958s] -- Symlinking: /home/hayashi/xarm7_ws/install/xarm_description/share/xarm_description//meshes/xarm5_1305/collision/link3.obj
[2.966s] -- Symlinking: /home/hayashi/xarm7_ws/install/xarm_description/share/xarm_description//meshes/xarm5_1305/collision/link4.obj
[2.973s] -- Symlinking: /home/hayashi/xarm7_ws/install/xarm_description/share/xarm_description//meshes/xarm5_1305/collision/link5.obj
[2.981s] -- Symlinking: /home/hayashi/xarm7_ws/install/xarm_description/share/xarm_description//meshes/xarm5_1305/collision/link_base.obj
[2.988s] -- Symlinking: /home/hayashi/xarm7_ws/install/xarm_description/share/xarm_description//meshes/xarm5_1305/visual/link1.stl
[2.995s] -- Symlinking: /home/hayashi/xarm7_ws/install/xarm_description/share/xarm_description//meshes/xarm5_1305/visual/link2.stl
[3.001s] -- Symlinking: /home/hayashi/xarm7_ws/install/xarm_description/share/xarm_description//meshes/xarm5_1305/visual/link3.stl
[3.008s] -- Symlinking: /home/hayashi/xarm7_ws/install/xarm_description/share/xarm_description//meshes/xarm5_1305/visual/link4.stl
[3.015s] -- Symlinking: /home/hayashi/xarm7_ws/install/xarm_description/share/xarm_description//meshes/xarm5_1305/visual/link5.stl
[3.022s] -- Symlinking: /home/hayashi/xarm7_ws/install/xarm_description/share/xarm_description//meshes/xarm5_1305/visual/link_base.stl
[3.029s] -- Symlinking: /home/hayashi/xarm7_ws/install/xarm_description/share/xarm_description//meshes/xarm6/visual/link1.stl
[3.037s] -- Symlinking: /home/hayashi/xarm7_ws/install/xarm_description/share/xarm_description//meshes/xarm6/visual/link2.stl
[3.044s] -- Symlinking: /home/hayashi/xarm7_ws/install/xarm_description/share/xarm_description//meshes/xarm6/visual/link3.stl
[3.055s] -- Symlinking: /home/hayashi/xarm7_ws/install/xarm_description/share/xarm_description//meshes/xarm6/visual/link4.stl
[3.066s] -- Symlinking: /home/hayashi/xarm7_ws/install/xarm_description/share/xarm_description//meshes/xarm6/visual/link5.stl
[3.074s] -- Symlinking: /home/hayashi/xarm7_ws/install/xarm_description/share/xarm_description//meshes/xarm6/visual/link6.stl
[3.085s] -- Symlinking: /home/hayashi/xarm7_ws/install/xarm_description/share/xarm_description//meshes/xarm6/visual/link_base.stl
[3.095s] -- Symlinking: /home/hayashi/xarm7_ws/install/xarm_description/share/xarm_description//meshes/xarm6_1305/collision/link1.obj
[3.106s] -- Symlinking: /home/hayashi/xarm7_ws/install/xarm_description/share/xarm_description//meshes/xarm6_1305/collision/link2.obj
[3.116s] -- Symlinking: /home/hayashi/xarm7_ws/install/xarm_description/share/xarm_description//meshes/xarm6_1305/collision/link3.obj
[3.127s] -- Symlinking: /home/hayashi/xarm7_ws/install/xarm_description/share/xarm_description//meshes/xarm6_1305/collision/link4.obj
[3.138s] -- Symlinking: /home/hayashi/xarm7_ws/install/xarm_description/share/xarm_description//meshes/xarm6_1305/collision/link5.obj
[3.149s] -- Symlinking: /home/hayashi/xarm7_ws/install/xarm_description/share/xarm_description//meshes/xarm6_1305/collision/link6.obj
[3.159s] -- Symlinking: /home/hayashi/xarm7_ws/install/xarm_description/share/xarm_description//meshes/xarm6_1305/collision/link_base.obj
[3.169s] -- Symlinking: /home/hayashi/xarm7_ws/install/xarm_description/share/xarm_description//meshes/xarm6_1305/visual/link1.stl
[3.180s] -- Symlinking: /home/hayashi/xarm7_ws/install/xarm_description/share/xarm_description//meshes/xarm6_1305/visual/link2.stl
[3.190s] -- Symlinking: /home/hayashi/xarm7_ws/install/xarm_description/share/xarm_description//meshes/xarm6_1305/visual/link3.stl
[3.201s] -- Symlinking: /home/hayashi/xarm7_ws/install/xarm_description/share/xarm_description//meshes/xarm6_1305/visual/link4.stl
[3.208s] -- Symlinking: /home/hayashi/xarm7_ws/install/xarm_description/share/xarm_description//meshes/xarm6_1305/visual/link5.stl
[3.215s] -- Symlinking: /home/hayashi/xarm7_ws/install/xarm_description/share/xarm_description//meshes/xarm6_1305/visual/link6.stl
[3.222s] -- Symlinking: /home/hayashi/xarm7_ws/install/xarm_description/share/xarm_description//meshes/xarm6_1305/visual/link_base.stl
[3.232s] -- Symlinking: /home/hayashi/xarm7_ws/install/xarm_description/share/xarm_description//meshes/xarm7/visual/link1.stl
[3.239s] -- Symlinking: /home/hayashi/xarm7_ws/install/xarm_description/share/xarm_description//meshes/xarm7/visual/link2.stl
[3.247s] -- Symlinking: /home/hayashi/xarm7_ws/install/xarm_description/share/xarm_description//meshes/xarm7/visual/link3.stl
[3.255s] -- Symlinking: /home/hayashi/xarm7_ws/install/xarm_description/share/xarm_description//meshes/xarm7/visual/link4.stl
[3.262s] -- Symlinking: /home/hayashi/xarm7_ws/install/xarm_description/share/xarm_description//meshes/xarm7/visual/link5.stl
[3.270s] -- Symlinking: /home/hayashi/xarm7_ws/install/xarm_description/share/xarm_description//meshes/xarm7/visual/link6.stl
[3.278s] -- Symlinking: /home/hayashi/xarm7_ws/install/xarm_description/share/xarm_description//meshes/xarm7/visual/link7.stl
[3.285s] -- Symlinking: /home/hayashi/xarm7_ws/install/xarm_description/share/xarm_description//meshes/xarm7/visual/link_base.stl
[3.296s] -- Symlinking: /home/hayashi/xarm7_ws/install/xarm_description/share/xarm_description//meshes/xarm7_1305/collision/link1.obj
[3.307s] -- Symlinking: /home/hayashi/xarm7_ws/install/xarm_description/share/xarm_description//meshes/xarm7_1305/collision/link2.obj
[3.318s] -- Symlinking: /home/hayashi/xarm7_ws/install/xarm_description/share/xarm_description//meshes/xarm7_1305/collision/link3.obj
[3.328s] -- Symlinking: /home/hayashi/xarm7_ws/install/xarm_description/share/xarm_description//meshes/xarm7_1305/collision/link4.obj
[3.337s] -- Symlinking: /home/hayashi/xarm7_ws/install/xarm_description/share/xarm_description//meshes/xarm7_1305/collision/link5.obj
[3.347s] -- Symlinking: /home/hayashi/xarm7_ws/install/xarm_description/share/xarm_description//meshes/xarm7_1305/collision/link6.obj
[3.358s] -- Symlinking: /home/hayashi/xarm7_ws/install/xarm_description/share/xarm_description//meshes/xarm7_1305/collision/link7.obj
[3.368s] -- Symlinking: /home/hayashi/xarm7_ws/install/xarm_description/share/xarm_description//meshes/xarm7_1305/collision/link_base.obj
[3.379s] -- Symlinking: /home/hayashi/xarm7_ws/install/xarm_description/share/xarm_description//meshes/xarm7_1305/visual/link1.stl
[3.388s] -- Symlinking: /home/hayashi/xarm7_ws/install/xarm_description/share/xarm_description//meshes/xarm7_1305/visual/link2.stl
[3.395s] -- Symlinking: /home/hayashi/xarm7_ws/install/xarm_description/share/xarm_description//meshes/xarm7_1305/visual/link3.stl
[3.403s] -- Symlinking: /home/hayashi/xarm7_ws/install/xarm_description/share/xarm_description//meshes/xarm7_1305/visual/link4.stl
[3.410s] -- Symlinking: /home/hayashi/xarm7_ws/install/xarm_description/share/xarm_description//meshes/xarm7_1305/visual/link5.stl
[3.417s] -- Symlinking: /home/hayashi/xarm7_ws/install/xarm_description/share/xarm_description//meshes/xarm7_1305/visual/link6.stl
[3.424s] -- Symlinking: /home/hayashi/xarm7_ws/install/xarm_description/share/xarm_description//meshes/xarm7_1305/visual/link7.stl
[3.431s] -- Symlinking: /home/hayashi/xarm7_ws/install/xarm_description/share/xarm_description//meshes/xarm7_1305/visual/link_base.stl
[3.438s] -- Symlinking: /home/hayashi/xarm7_ws/install/xarm_description/share/xarm_description//meshes/xarm7_mirror/collision/link1.stl
[3.448s] -- Symlinking: /home/hayashi/xarm7_ws/install/xarm_description/share/xarm_description//meshes/xarm7_mirror/collision/link2.stl
[3.459s] -- Symlinking: /home/hayashi/xarm7_ws/install/xarm_description/share/xarm_description//meshes/xarm7_mirror/collision/link3.stl
[3.466s] -- Symlinking: /home/hayashi/xarm7_ws/install/xarm_description/share/xarm_description//meshes/xarm7_mirror/collision/link4.stl
[3.473s] -- Symlinking: /home/hayashi/xarm7_ws/install/xarm_description/share/xarm_description//meshes/xarm7_mirror/collision/link5.stl
[3.484s] -- Symlinking: /home/hayashi/xarm7_ws/install/xarm_description/share/xarm_description//meshes/xarm7_mirror/collision/link6.stl
[3.494s] -- Symlinking: /home/hayashi/xarm7_ws/install/xarm_description/share/xarm_description//meshes/xarm7_mirror/collision/link7.stl
[3.503s] -- Symlinking: /home/hayashi/xarm7_ws/install/xarm_description/share/xarm_description//meshes/xarm7_mirror/collision/link_base.stl
[3.513s] -- Symlinking: /home/hayashi/xarm7_ws/install/xarm_description/share/xarm_description//meshes/xarm7_mirror/visual/link1.stl
[3.524s] -- Symlinking: /home/hayashi/xarm7_ws/install/xarm_description/share/xarm_description//meshes/xarm7_mirror/visual/link2.stl
[3.536s] -- Symlinking: /home/hayashi/xarm7_ws/install/xarm_description/share/xarm_description//meshes/xarm7_mirror/visual/link3.stl
[3.546s] -- Symlinking: /home/hayashi/xarm7_ws/install/xarm_description/share/xarm_description//meshes/xarm7_mirror/visual/link4.stl
[3.557s] -- Symlinking: /home/hayashi/xarm7_ws/install/xarm_description/share/xarm_description//meshes/xarm7_mirror/visual/link5.stl
[3.567s] -- Symlinking: /home/hayashi/xarm7_ws/install/xarm_description/share/xarm_description//meshes/xarm7_mirror/visual/link6.stl
[3.577s] -- Symlinking: /home/hayashi/xarm7_ws/install/xarm_description/share/xarm_description//meshes/xarm7_mirror/visual/link7.stl
[3.587s] -- Symlinking: /home/hayashi/xarm7_ws/install/xarm_description/share/xarm_description//meshes/xarm7_mirror/visual/link_base.stl
[3.597s] -- Symlinking: /home/hayashi/xarm7_ws/install/xarm_description/share/xarm_description//launch/_robot_description.launch.py
[3.607s] -- Symlinking: /home/hayashi/xarm7_ws/install/xarm_description/share/xarm_description//launch/_robot_joint_state.launch.py
[3.618s] -- Symlinking: /home/hayashi/xarm7_ws/install/xarm_description/share/xarm_description//launch/_robot_rviz_display.launch.py
[3.629s] -- Symlinking: /home/hayashi/xarm7_ws/install/xarm_description/share/xarm_description//launch/_rviz_display.launch.py
[3.639s] -- Symlinking: /home/hayashi/xarm7_ws/install/xarm_description/share/xarm_description//launch/lib/robot_description_lib.py
[3.650s] -- Symlinking: /home/hayashi/xarm7_ws/install/xarm_description/share/xarm_description//launch/lite6_rviz_display.launch.py
[3.661s] -- Symlinking: /home/hayashi/xarm7_ws/install/xarm_description/share/xarm_description//launch/uf850_rviz_display.launch.py
[3.671s] -- Symlinking: /home/hayashi/xarm7_ws/install/xarm_description/share/xarm_description//launch/xarm5_rviz_display.launch.py
[3.682s] -- Symlinking: /home/hayashi/xarm7_ws/install/xarm_description/share/xarm_description//launch/xarm6_rviz_display.launch.py
[3.693s] -- Symlinking: /home/hayashi/xarm7_ws/install/xarm_description/share/xarm_description//launch/xarm7_mirror_rviz_display.launch.py
[3.699s] -- Symlinking: /home/hayashi/xarm7_ws/install/xarm_description/share/xarm_description//launch/xarm7_rviz_display.launch.py
[3.712s] -- Symlinking: /home/hayashi/xarm7_ws/install/xarm_description/share/ament_index/resource_index/package_run_dependencies/xarm_description
[3.721s] -- Symlinking: /home/hayashi/xarm7_ws/install/xarm_description/share/ament_index/resource_index/parent_prefix_path/xarm_description
[3.732s] -- Symlinking: /home/hayashi/xarm7_ws/install/xarm_description/share/xarm_description/environment/ament_prefix_path.sh
[3.742s] -- Symlinking: /home/hayashi/xarm7_ws/install/xarm_description/share/xarm_description/environment/ament_prefix_path.dsv
[3.753s] -- Symlinking: /home/hayashi/xarm7_ws/install/xarm_description/share/xarm_description/environment/path.sh
[3.763s] -- Symlinking: /home/hayashi/xarm7_ws/install/xarm_description/share/xarm_description/environment/path.dsv
[3.774s] -- Symlinking: /home/hayashi/xarm7_ws/install/xarm_description/share/xarm_description/local_setup.bash
[3.784s] -- Symlinking: /home/hayashi/xarm7_ws/install/xarm_description/share/xarm_description/local_setup.sh
[3.795s] -- Symlinking: /home/hayashi/xarm7_ws/install/xarm_description/share/xarm_description/local_setup.zsh
[3.805s] -- Symlinking: /home/hayashi/xarm7_ws/install/xarm_description/share/xarm_description/local_setup.dsv
[3.815s] -- Symlinking: /home/hayashi/xarm7_ws/install/xarm_description/share/xarm_description/package.dsv
[3.826s] -- Symlinking: /home/hayashi/xarm7_ws/install/xarm_description/share/ament_index/resource_index/packages/xarm_description
[3.837s] -- Symlinking: /home/hayashi/xarm7_ws/install/xarm_description/share/xarm_description/cmake/xarm_descriptionConfig.cmake
[3.848s] -- Symlinking: /home/hayashi/xarm7_ws/install/xarm_description/share/xarm_description/cmake/xarm_descriptionConfig-version.cmake
[3.855s] -- Symlinking: /home/hayashi/xarm7_ws/install/xarm_description/share/xarm_description/package.xml
[3.868s] Invoked command in '/home/hayashi/xarm7_ws/build/xarm_description' returned '0': CMAKE_PREFIX_PATH=${CMAKE_PREFIX_PATH}:/home/hayashi/xarm7_ws/install/xarm_motion_planning:/home/hayashi/ws_moveit/install/moveit_configs_utils:/home/hayashi/ws_moveit/install/launch_param_builder:/opt/ros/humble /usr/bin/cmake --install /home/hayashi/xarm7_ws/build/xarm_description
