-- The C compiler identification is GNU 11.4.0
-- The CXX compiler identification is GNU 11.4.0
-- Detecting C compiler ABI info
-- Detecting C compiler ABI info - done
-- Check for working C compiler: /usr/bin/cc - skipped
-- Detecting C compile features
-- Detecting C compile features - done
-- Detecting CXX compiler ABI info
-- Detecting CXX compiler ABI info - done
-- Check for working CXX compiler: /usr/bin/c++ - skipped
-- Detecting CXX compile features
-- Detecting CXX compile features - done
-- Found ament_cmake: 1.3.10 (/opt/ros/humble/share/ament_cmake/cmake)
-- Found Python3: /usr/bin/python3 (found version "3.10.12") found components: Interpreter 
-- Override CMake install command with custom implementation using symlinks instead of copying resources
-- Found ament_lint_auto: 0.12.11 (/opt/ros/humble/share/ament_lint_auto/cmake)
-- Found rclcpp: 16.0.10 (/opt/ros/humble/share/rclcpp/cmake)
-- Found rosidl_generator_c: 3.1.5 (/opt/ros/humble/share/rosidl_generator_c/cmake)
-- Found rosidl_adapter: 3.1.5 (/opt/ros/humble/share/rosidl_adapter/cmake)
-- Found rosidl_generator_cpp: 3.1.5 (/opt/ros/humble/share/rosidl_generator_cpp/cmake)
-- Using all available rosidl_typesupport_c: rosidl_typesupport_fastrtps_c;rosidl_typesupport_introspection_c
-- Using all available rosidl_typesupport_cpp: rosidl_typesupport_fastrtps_cpp;rosidl_typesupport_introspection_cpp
-- Found rmw_implementation_cmake: 6.1.2 (/opt/ros/humble/share/rmw_implementation_cmake/cmake)
-- Found rmw_fastrtps_cpp: 6.2.7 (/opt/ros/humble/share/rmw_fastrtps_cpp/cmake)
-- Found OpenSSL: /usr/lib/x86_64-linux-gnu/libcrypto.so (found version "3.0.2")  
-- Found FastRTPS: /opt/ros/humble/include  
-- Using RMW implementation 'rmw_fastrtps_cpp' as default
-- Looking for pthread.h
-- Looking for pthread.h - found
-- Performing Test CMAKE_HAVE_LIBC_PTHREAD
-- Performing Test CMAKE_HAVE_LIBC_PTHREAD - Success
-- Found Threads: TRUE  
-- Found rclcpp_action: 16.0.10 (/opt/ros/humble/share/rclcpp_action/cmake)
-- Found sensor_msgs: 4.2.4 (/opt/ros/humble/share/sensor_msgs/cmake)
-- Found control_msgs: 4.6.0 (/opt/ros/humble/share/control_msgs/cmake)
-- Found xarm_msgs: 0.0.0 (/home/hayashi/xarm7_ws/install/xarm_msgs/share/xarm_msgs/cmake)
-- Found xarm_sdk: 0.0.0 (/home/hayashi/xarm7_ws/install/xarm_sdk/share/xarm_sdk/cmake)
-- Added test 'copyright' to check source files copyright and LICENSE
-- Added test 'cppcheck' to perform static code analysis on C / C++ code
-- Configured cppcheck include dirs: /home/hayashi/xarm7_ws/src/xarm_ros2/xarm_api/include
-- Configured cppcheck exclude dirs and/or files: 
-- Added test 'cpplint' to check C / C++ code against the Google style
-- Configured cpplint exclude dirs and/or files: 
-- Added test 'flake8' to check Python code syntax and style conventions
-- Added test 'lint_cmake' to check CMake code style
-- Added test 'pep257' to check Python code against some of the docstring style conventions in PEP 257
-- Added test 'uncrustify' to check C / C++ code style
-- Configured uncrustify additional arguments: 
-- Added test 'xmllint' to check XML markup files
-- Configuring done
-- Generating done
-- Build files have been written to: /home/hayashi/xarm7_ws/build/xarm_api
[  7%] [32mBuilding CXX object CMakeFiles/test_robot_states.dir/test/test_robot_states.cpp.o[0m
[ 15%] [32mBuilding CXX object CMakeFiles/xarm_ros_driver.dir/src/xarm_driver.cpp.o[0m
[ 23%] [32mBuilding CXX object CMakeFiles/xarm_ros_client.dir/src/xarm_ros_client.cpp.o[0m
[ 30%] [32mBuilding CXX object CMakeFiles/xarm_ros_driver.dir/src/xarm_driver_service.cpp.o[0m
[ 38%] [32m[1mLinking CXX executable test_robot_states[0m
[ 38%] Built target test_robot_states
[ 46%] [32m[1mLinking CXX shared library libxarm_ros_driver.so[0m
[ 46%] Built target xarm_ros_driver
[ 53%] [32mBuilding CXX object CMakeFiles/xarm_driver_node.dir/src/xarm_driver_node.cpp.o[0m
[ 61%] [32m[1mLinking CXX shared library libxarm_ros_client.so[0m
[ 61%] Built target xarm_ros_client
[ 69%] [32mBuilding CXX object CMakeFiles/test_xarm_velo_move.dir/test/test_xarm_velo_move.cpp.o[0m
[ 76%] [32mBuilding CXX object CMakeFiles/test_xarm_ros_client.dir/test/test_xarm_ros_client.cpp.o[0m
[ 84%] [32m[1mLinking CXX executable xarm_driver_node[0m
[ 92%] [32m[1mLinking CXX executable test_xarm_ros_client[0m
[ 92%] Built target xarm_driver_node
[ 92%] Built target test_xarm_ros_client
[100%] [32m[1mLinking CXX executable test_xarm_velo_move[0m
[100%] Built target test_xarm_velo_move
-- Install configuration: ""
-- Execute custom install script
-- Symlinking: /home/hayashi/xarm7_ws/install/xarm_api/share/xarm_api/environment/library_path.sh
-- Symlinking: /home/hayashi/xarm7_ws/install/xarm_api/share/xarm_api/environment/library_path.dsv
-- Symlinking: /home/hayashi/xarm7_ws/install/xarm_api/include/xarm_api/visibility_control.h
-- Symlinking: /home/hayashi/xarm7_ws/install/xarm_api/include/xarm_api/xarm_driver.h
-- Symlinking: /home/hayashi/xarm7_ws/install/xarm_api/include/xarm_api/xarm_msgs.h
-- Symlinking: /home/hayashi/xarm7_ws/install/xarm_api/include/xarm_api/xarm_ros_client.h
-- Symlinking: /home/hayashi/xarm7_ws/install/xarm_api/lib/libxarm_ros_driver.so
-- Symlinking: /home/hayashi/xarm7_ws/install/xarm_api/lib/libxarm_ros_client.so
-- Symlinking: /home/hayashi/xarm7_ws/install/xarm_api/lib/xarm_api/xarm_driver_node
-- Symlinking: /home/hayashi/xarm7_ws/install/xarm_api/lib/xarm_api/test_xarm_ros_client
-- Symlinking: /home/hayashi/xarm7_ws/install/xarm_api/lib/xarm_api/test_xarm_velo_move
-- Symlinking: /home/hayashi/xarm7_ws/install/xarm_api/lib/xarm_api/test_robot_states
-- Symlinking: /home/hayashi/xarm7_ws/install/xarm_api/share/xarm_api//launch/_robot_driver.launch.py
-- Symlinking: /home/hayashi/xarm7_ws/install/xarm_api/share/xarm_api//launch/lib/robot_api_lib.py
-- Symlinking: /home/hayashi/xarm7_ws/install/xarm_api/share/xarm_api//launch/lite6_driver.launch.py
-- Symlinking: /home/hayashi/xarm7_ws/install/xarm_api/share/xarm_api//launch/uf850_driver.launch.py
-- Symlinking: /home/hayashi/xarm7_ws/install/xarm_api/share/xarm_api//launch/xarm5_driver.launch.py
-- Symlinking: /home/hayashi/xarm7_ws/install/xarm_api/share/xarm_api//launch/xarm6_driver.launch.py
-- Symlinking: /home/hayashi/xarm7_ws/install/xarm_api/share/xarm_api//launch/xarm7_driver.launch.py
-- Symlinking: /home/hayashi/xarm7_ws/install/xarm_api/share/xarm_api//config/xarm_params.yaml
-- Symlinking: /home/hayashi/xarm7_ws/install/xarm_api/share/ament_index/resource_index/package_run_dependencies/xarm_api
-- Symlinking: /home/hayashi/xarm7_ws/install/xarm_api/share/ament_index/resource_index/parent_prefix_path/xarm_api
-- Symlinking: /home/hayashi/xarm7_ws/install/xarm_api/share/xarm_api/environment/ament_prefix_path.sh
-- Symlinking: /home/hayashi/xarm7_ws/install/xarm_api/share/xarm_api/environment/ament_prefix_path.dsv
-- Symlinking: /home/hayashi/xarm7_ws/install/xarm_api/share/xarm_api/environment/path.sh
-- Symlinking: /home/hayashi/xarm7_ws/install/xarm_api/share/xarm_api/environment/path.dsv
-- Symlinking: /home/hayashi/xarm7_ws/install/xarm_api/share/xarm_api/local_setup.bash
-- Symlinking: /home/hayashi/xarm7_ws/install/xarm_api/share/xarm_api/local_setup.sh
-- Symlinking: /home/hayashi/xarm7_ws/install/xarm_api/share/xarm_api/local_setup.zsh
-- Symlinking: /home/hayashi/xarm7_ws/install/xarm_api/share/xarm_api/local_setup.dsv
-- Symlinking: /home/hayashi/xarm7_ws/install/xarm_api/share/xarm_api/package.dsv
-- Symlinking: /home/hayashi/xarm7_ws/install/xarm_api/share/ament_index/resource_index/packages/xarm_api
-- Symlinking: /home/hayashi/xarm7_ws/install/xarm_api/share/xarm_api/cmake/ament_cmake_export_libraries-extras.cmake
-- Symlinking: /home/hayashi/xarm7_ws/install/xarm_api/share/xarm_api/cmake/ament_cmake_export_include_directories-extras.cmake
-- Symlinking: /home/hayashi/xarm7_ws/install/xarm_api/share/xarm_api/cmake/xarm_apiConfig.cmake
-- Symlinking: /home/hayashi/xarm7_ws/install/xarm_api/share/xarm_api/cmake/xarm_apiConfig-version.cmake
-- Symlinking: /home/hayashi/xarm7_ws/install/xarm_api/share/xarm_api/package.xml
