[0.023s] Invoking command in '/home/hayashi/xarm7_ws/build/xarm_api': AMENT_PREFIX_PATH=/home/hayashi/xarm7_ws/install/xarm_sdk:/home/hayashi/xarm7_ws/install/xarm_msgs:/home/hayashi/xarm7_ws/install/xarm_description:${AMENT_PREFIX_PATH} CMAKE_PREFIX_PATH=/home/hayashi/xarm7_ws/install/xarm_sdk:/home/hayashi/xarm7_ws/install/xarm_msgs:/home/hayashi/xarm7_ws/install/xarm_description:/home/hayashi/ws_moveit/install/pilz_industrial_motion_planner_testutils:/home/hayashi/ws_moveit/install/moveit_runtime:/home/hayashi/ws_moveit/install/moveit2_tutorials:/home/hayashi/ws_moveit/install/moveit:/home/hayashi/ws_moveit/install/moveit_planners:/home/hayashi/ws_moveit/install/pilz_industrial_motion_planner:/home/hayashi/ws_moveit/install/mtc_tutorial:/home/hayashi/ws_moveit/install/hello_moveit:/home/hayashi/ws_moveit/install/moveit_visual_tools:/home/hayashi/ws_moveit/install/moveit_task_constructor_visualization:/home/hayashi/ws_moveit/install/moveit_task_constructor_demo:/home/hayashi/ws_moveit/install/moveit_task_constructor_capabilities:/home/hayashi/ws_moveit/install/moveit_task_constructor_core:/home/hayashi/ws_moveit/install/moveit_ros_control_interface:/home/hayashi/ws_moveit/install/moveit_plugins:/home/hayashi/ws_moveit/install/moveit_simple_controller_manager:/home/hayashi/ws_moveit/install/moveit_setup_assistant:/home/hayashi/ws_moveit/install/moveit_setup_srdf_plugins:/home/hayashi/ws_moveit/install/moveit_setup_core_plugins:/home/hayashi/ws_moveit/install/moveit_setup_controllers:/home/hayashi/ws_moveit/install/moveit_setup_app_plugins:/home/hayashi/ws_moveit/install/moveit_setup_framework:/home/hayashi/ws_moveit/install/moveit_servo:/home/hayashi/ws_moveit/install/moveit_ros:/home/hayashi/ws_moveit/install/moveit_ros_visualization:/home/hayashi/ws_moveit/install/moveit_hybrid_planning:/home/hayashi/ws_moveit/install/moveit_ros_planning_interface:/home/hayashi/ws_moveit/install/moveit_ros_benchmarks:/home/hayashi/ws_moveit/install/moveit_ros_warehouse:/home/hayashi/ws_moveit/install/moveit_ros_robot_interaction:/home/hayashi/ws_moveit/install/moveit_ros_perception:/home/hayashi/ws_moveit/install/moveit_resources_prbt_pg70_support:/home/hayashi/ws_moveit/install/moveit_resources_prbt_moveit_config:/home/hayashi/ws_moveit/install/moveit_ros_move_group:/home/hayashi/ws_moveit/install/moveit_planners_ompl:/home/hayashi/ws_moveit/install/moveit_ros_planning:/home/hayashi/ws_moveit/install/moveit_ros_occupancy_map_monitor:/home/hayashi/ws_moveit/install/moveit_resources_prbt_ikfast_manipulator_plugin:/home/hayashi/ws_moveit/install/moveit_planners_chomp:/home/hayashi/ws_moveit/install/moveit_kinematics:/home/hayashi/ws_moveit/install/moveit_chomp_optimizer_adapter:/home/hayashi/ws_moveit/install/chomp_motion_planner:/home/hayashi/ws_moveit/install/moveit_core:/home/hayashi/ws_moveit/install/srdfdom:/home/hayashi/ws_moveit/install/rviz_marker_tools:/home/hayashi/ws_moveit/install/rosparam_shortcuts:/home/hayashi/ws_moveit/install/moveit_task_constructor_msgs:/home/hayashi/ws_moveit/install/moveit_resources_prbt_support:/home/hayashi/ws_moveit/install/moveit_resources:/home/hayashi/ws_moveit/install/moveit_resources_pr2_description:/home/hayashi/ws_moveit/install/moveit_resources_panda_moveit_config:/home/hayashi/ws_moveit/install/moveit_resources_panda_description:/home/hayashi/ws_moveit/install/moveit_resources_fanuc_moveit_config:/home/hayashi/ws_moveit/install/moveit_resources_fanuc_description:/home/hayashi/ws_moveit/install/moveit_common:/home/hayashi/xarm7_ws/install/xarm_motion_planning:/home/hayashi/ws_moveit/install/moveit_configs_utils:/home/hayashi/ws_moveit/install/launch_param_builder:/opt/ros/humble LD_LIBRARY_PATH=/home/hayashi/xarm7_ws/install/xarm_sdk/lib:/home/hayashi/xarm7_ws/install/xarm_msgs/lib:${LD_LIBRARY_PATH} PYTHONPATH=/home/hayashi/xarm7_ws/install/xarm_msgs/local/lib/python3.10/dist-packages:${PYTHONPATH} /usr/bin/cmake /home/hayashi/xarm7_ws/src/xarm_ros2/xarm_api -DAMENT_CMAKE_SYMLINK_INSTALL=1 -DCMAKE_INSTALL_PREFIX=/home/hayashi/xarm7_ws/install/xarm_api
[0.091s] -- The C compiler identification is GNU 11.4.0
[0.156s] -- The CXX compiler identification is GNU 11.4.0
[0.163s] -- Detecting C compiler ABI info
[0.248s] -- Detecting C compiler ABI info - done
[0.256s] -- Check for working C compiler: /usr/bin/cc - skipped
[0.256s] -- Detecting C compile features
[0.257s] -- Detecting C compile features - done
[0.260s] -- Detecting CXX compiler ABI info
[0.354s] -- Detecting CXX compiler ABI info - done
[0.362s] -- Check for working CXX compiler: /usr/bin/c++ - skipped
[0.362s] -- Detecting CXX compile features
[0.362s] -- Detecting CXX compile features - done
[0.370s] -- Found ament_cmake: 1.3.10 (/opt/ros/humble/share/ament_cmake/cmake)
[0.549s] -- Found Python3: /usr/bin/python3 (found version "3.10.12") found components: Interpreter 
[0.617s] -- Override CMake install command with custom implementation using symlinks instead of copying resources
[0.720s] -- Found ament_lint_auto: 0.12.11 (/opt/ros/humble/share/ament_lint_auto/cmake)
[0.860s] -- Found rclcpp: 16.0.10 (/opt/ros/humble/share/rclcpp/cmake)
[0.965s] -- Found rosidl_generator_c: 3.1.5 (/opt/ros/humble/share/rosidl_generator_c/cmake)
[0.981s] -- Found rosidl_adapter: 3.1.5 (/opt/ros/humble/share/rosidl_adapter/cmake)
[1.001s] -- Found rosidl_generator_cpp: 3.1.5 (/opt/ros/humble/share/rosidl_generator_cpp/cmake)
[1.027s] -- Using all available rosidl_typesupport_c: rosidl_typesupport_fastrtps_c;rosidl_typesupport_introspection_c
[1.064s] -- Using all available rosidl_typesupport_cpp: rosidl_typesupport_fastrtps_cpp;rosidl_typesupport_introspection_cpp
[1.168s] -- Found rmw_implementation_cmake: 6.1.2 (/opt/ros/humble/share/rmw_implementation_cmake/cmake)
[1.179s] -- Found rmw_fastrtps_cpp: 6.2.7 (/opt/ros/humble/share/rmw_fastrtps_cpp/cmake)
[1.325s] -- Found OpenSSL: /usr/lib/x86_64-linux-gnu/libcrypto.so (found version "3.0.2")  
[1.362s] -- Found FastRTPS: /opt/ros/humble/include  
[1.419s] -- Using RMW implementation 'rmw_fastrtps_cpp' as default
[1.442s] -- Looking for pthread.h
[1.530s] -- Looking for pthread.h - found
[1.530s] -- Performing Test CMAKE_HAVE_LIBC_PTHREAD
[1.624s] -- Performing Test CMAKE_HAVE_LIBC_PTHREAD - Success
[1.625s] -- Found Threads: TRUE  
[1.706s] -- Found rclcpp_action: 16.0.10 (/opt/ros/humble/share/rclcpp_action/cmake)
[1.765s] -- Found sensor_msgs: 4.2.4 (/opt/ros/humble/share/sensor_msgs/cmake)
[1.809s] -- Found control_msgs: 4.6.0 (/opt/ros/humble/share/control_msgs/cmake)
[1.861s] -- Found xarm_msgs: 0.0.0 (/home/hayashi/xarm7_ws/install/xarm_msgs/share/xarm_msgs/cmake)
[1.876s] -- Found xarm_sdk: 0.0.0 (/home/hayashi/xarm7_ws/install/xarm_sdk/share/xarm_sdk/cmake)
[1.961s] -- Added test 'copyright' to check source files copyright and LICENSE
[1.964s] -- Added test 'cppcheck' to perform static code analysis on C / C++ code
[1.965s] -- Configured cppcheck include dirs: /home/hayashi/xarm7_ws/src/xarm_ros2/xarm_api/include
[1.965s] -- Configured cppcheck exclude dirs and/or files: 
[1.967s] -- Added test 'cpplint' to check C / C++ code against the Google style
[1.967s] -- Configured cpplint exclude dirs and/or files: 
[1.968s] -- Added test 'flake8' to check Python code syntax and style conventions
[1.969s] -- Added test 'lint_cmake' to check CMake code style
[1.971s] -- Added test 'pep257' to check Python code against some of the docstring style conventions in PEP 257
[1.973s] -- Added test 'uncrustify' to check C / C++ code style
[1.973s] -- Configured uncrustify additional arguments: 
[1.974s] -- Added test 'xmllint' to check XML markup files
[1.978s] -- Configuring done
[2.011s] -- Generating done
[2.013s] -- Build files have been written to: /home/hayashi/xarm7_ws/build/xarm_api
[2.024s] Invoked command in '/home/hayashi/xarm7_ws/build/xarm_api' returned '0': AMENT_PREFIX_PATH=/home/hayashi/xarm7_ws/install/xarm_sdk:/home/hayashi/xarm7_ws/install/xarm_msgs:/home/hayashi/xarm7_ws/install/xarm_description:${AMENT_PREFIX_PATH} CMAKE_PREFIX_PATH=/home/hayashi/xarm7_ws/install/xarm_sdk:/home/hayashi/xarm7_ws/install/xarm_msgs:/home/hayashi/xarm7_ws/install/xarm_description:/home/hayashi/ws_moveit/install/pilz_industrial_motion_planner_testutils:/home/hayashi/ws_moveit/install/moveit_runtime:/home/hayashi/ws_moveit/install/moveit2_tutorials:/home/hayashi/ws_moveit/install/moveit:/home/hayashi/ws_moveit/install/moveit_planners:/home/hayashi/ws_moveit/install/pilz_industrial_motion_planner:/home/hayashi/ws_moveit/install/mtc_tutorial:/home/hayashi/ws_moveit/install/hello_moveit:/home/hayashi/ws_moveit/install/moveit_visual_tools:/home/hayashi/ws_moveit/install/moveit_task_constructor_visualization:/home/hayashi/ws_moveit/install/moveit_task_constructor_demo:/home/hayashi/ws_moveit/install/moveit_task_constructor_capabilities:/home/hayashi/ws_moveit/install/moveit_task_constructor_core:/home/hayashi/ws_moveit/install/moveit_ros_control_interface:/home/hayashi/ws_moveit/install/moveit_plugins:/home/hayashi/ws_moveit/install/moveit_simple_controller_manager:/home/hayashi/ws_moveit/install/moveit_setup_assistant:/home/hayashi/ws_moveit/install/moveit_setup_srdf_plugins:/home/hayashi/ws_moveit/install/moveit_setup_core_plugins:/home/hayashi/ws_moveit/install/moveit_setup_controllers:/home/hayashi/ws_moveit/install/moveit_setup_app_plugins:/home/hayashi/ws_moveit/install/moveit_setup_framework:/home/hayashi/ws_moveit/install/moveit_servo:/home/hayashi/ws_moveit/install/moveit_ros:/home/hayashi/ws_moveit/install/moveit_ros_visualization:/home/hayashi/ws_moveit/install/moveit_hybrid_planning:/home/hayashi/ws_moveit/install/moveit_ros_planning_interface:/home/hayashi/ws_moveit/install/moveit_ros_benchmarks:/home/hayashi/ws_moveit/install/moveit_ros_warehouse:/home/hayashi/ws_moveit/install/moveit_ros_robot_interaction:/home/hayashi/ws_moveit/install/moveit_ros_perception:/home/hayashi/ws_moveit/install/moveit_resources_prbt_pg70_support:/home/hayashi/ws_moveit/install/moveit_resources_prbt_moveit_config:/home/hayashi/ws_moveit/install/moveit_ros_move_group:/home/hayashi/ws_moveit/install/moveit_planners_ompl:/home/hayashi/ws_moveit/install/moveit_ros_planning:/home/hayashi/ws_moveit/install/moveit_ros_occupancy_map_monitor:/home/hayashi/ws_moveit/install/moveit_resources_prbt_ikfast_manipulator_plugin:/home/hayashi/ws_moveit/install/moveit_planners_chomp:/home/hayashi/ws_moveit/install/moveit_kinematics:/home/hayashi/ws_moveit/install/moveit_chomp_optimizer_adapter:/home/hayashi/ws_moveit/install/chomp_motion_planner:/home/hayashi/ws_moveit/install/moveit_core:/home/hayashi/ws_moveit/install/srdfdom:/home/hayashi/ws_moveit/install/rviz_marker_tools:/home/hayashi/ws_moveit/install/rosparam_shortcuts:/home/hayashi/ws_moveit/install/moveit_task_constructor_msgs:/home/hayashi/ws_moveit/install/moveit_resources_prbt_support:/home/hayashi/ws_moveit/install/moveit_resources:/home/hayashi/ws_moveit/install/moveit_resources_pr2_description:/home/hayashi/ws_moveit/install/moveit_resources_panda_moveit_config:/home/hayashi/ws_moveit/install/moveit_resources_panda_description:/home/hayashi/ws_moveit/install/moveit_resources_fanuc_moveit_config:/home/hayashi/ws_moveit/install/moveit_resources_fanuc_description:/home/hayashi/ws_moveit/install/moveit_common:/home/hayashi/xarm7_ws/install/xarm_motion_planning:/home/hayashi/ws_moveit/install/moveit_configs_utils:/home/hayashi/ws_moveit/install/launch_param_builder:/opt/ros/humble LD_LIBRARY_PATH=/home/hayashi/xarm7_ws/install/xarm_sdk/lib:/home/hayashi/xarm7_ws/install/xarm_msgs/lib:${LD_LIBRARY_PATH} PYTHONPATH=/home/hayashi/xarm7_ws/install/xarm_msgs/local/lib/python3.10/dist-packages:${PYTHONPATH} /usr/bin/cmake /home/hayashi/xarm7_ws/src/xarm_ros2/xarm_api -DAMENT_CMAKE_SYMLINK_INSTALL=1 -DCMAKE_INSTALL_PREFIX=/home/hayashi/xarm7_ws/install/xarm_api
[2.024s] Invoking command in '/home/hayashi/xarm7_ws/build/xarm_api': AMENT_PREFIX_PATH=/home/hayashi/xarm7_ws/install/xarm_sdk:/home/hayashi/xarm7_ws/install/xarm_msgs:/home/hayashi/xarm7_ws/install/xarm_description:${AMENT_PREFIX_PATH} CMAKE_PREFIX_PATH=/home/hayashi/xarm7_ws/install/xarm_sdk:/home/hayashi/xarm7_ws/install/xarm_msgs:/home/hayashi/xarm7_ws/install/xarm_description:/home/hayashi/ws_moveit/install/pilz_industrial_motion_planner_testutils:/home/hayashi/ws_moveit/install/moveit_runtime:/home/hayashi/ws_moveit/install/moveit2_tutorials:/home/hayashi/ws_moveit/install/moveit:/home/hayashi/ws_moveit/install/moveit_planners:/home/hayashi/ws_moveit/install/pilz_industrial_motion_planner:/home/hayashi/ws_moveit/install/mtc_tutorial:/home/hayashi/ws_moveit/install/hello_moveit:/home/hayashi/ws_moveit/install/moveit_visual_tools:/home/hayashi/ws_moveit/install/moveit_task_constructor_visualization:/home/hayashi/ws_moveit/install/moveit_task_constructor_demo:/home/hayashi/ws_moveit/install/moveit_task_constructor_capabilities:/home/hayashi/ws_moveit/install/moveit_task_constructor_core:/home/hayashi/ws_moveit/install/moveit_ros_control_interface:/home/hayashi/ws_moveit/install/moveit_plugins:/home/hayashi/ws_moveit/install/moveit_simple_controller_manager:/home/hayashi/ws_moveit/install/moveit_setup_assistant:/home/hayashi/ws_moveit/install/moveit_setup_srdf_plugins:/home/hayashi/ws_moveit/install/moveit_setup_core_plugins:/home/hayashi/ws_moveit/install/moveit_setup_controllers:/home/hayashi/ws_moveit/install/moveit_setup_app_plugins:/home/hayashi/ws_moveit/install/moveit_setup_framework:/home/hayashi/ws_moveit/install/moveit_servo:/home/hayashi/ws_moveit/install/moveit_ros:/home/hayashi/ws_moveit/install/moveit_ros_visualization:/home/hayashi/ws_moveit/install/moveit_hybrid_planning:/home/hayashi/ws_moveit/install/moveit_ros_planning_interface:/home/hayashi/ws_moveit/install/moveit_ros_benchmarks:/home/hayashi/ws_moveit/install/moveit_ros_warehouse:/home/hayashi/ws_moveit/install/moveit_ros_robot_interaction:/home/hayashi/ws_moveit/install/moveit_ros_perception:/home/hayashi/ws_moveit/install/moveit_resources_prbt_pg70_support:/home/hayashi/ws_moveit/install/moveit_resources_prbt_moveit_config:/home/hayashi/ws_moveit/install/moveit_ros_move_group:/home/hayashi/ws_moveit/install/moveit_planners_ompl:/home/hayashi/ws_moveit/install/moveit_ros_planning:/home/hayashi/ws_moveit/install/moveit_ros_occupancy_map_monitor:/home/hayashi/ws_moveit/install/moveit_resources_prbt_ikfast_manipulator_plugin:/home/hayashi/ws_moveit/install/moveit_planners_chomp:/home/hayashi/ws_moveit/install/moveit_kinematics:/home/hayashi/ws_moveit/install/moveit_chomp_optimizer_adapter:/home/hayashi/ws_moveit/install/chomp_motion_planner:/home/hayashi/ws_moveit/install/moveit_core:/home/hayashi/ws_moveit/install/srdfdom:/home/hayashi/ws_moveit/install/rviz_marker_tools:/home/hayashi/ws_moveit/install/rosparam_shortcuts:/home/hayashi/ws_moveit/install/moveit_task_constructor_msgs:/home/hayashi/ws_moveit/install/moveit_resources_prbt_support:/home/hayashi/ws_moveit/install/moveit_resources:/home/hayashi/ws_moveit/install/moveit_resources_pr2_description:/home/hayashi/ws_moveit/install/moveit_resources_panda_moveit_config:/home/hayashi/ws_moveit/install/moveit_resources_panda_description:/home/hayashi/ws_moveit/install/moveit_resources_fanuc_moveit_config:/home/hayashi/ws_moveit/install/moveit_resources_fanuc_description:/home/hayashi/ws_moveit/install/moveit_common:/home/hayashi/xarm7_ws/install/xarm_motion_planning:/home/hayashi/ws_moveit/install/moveit_configs_utils:/home/hayashi/ws_moveit/install/launch_param_builder:/opt/ros/humble LD_LIBRARY_PATH=/home/hayashi/xarm7_ws/install/xarm_sdk/lib:/home/hayashi/xarm7_ws/install/xarm_msgs/lib:${LD_LIBRARY_PATH} PYTHONPATH=/home/hayashi/xarm7_ws/install/xarm_msgs/local/lib/python3.10/dist-packages:${PYTHONPATH} /usr/bin/cmake --build /home/hayashi/xarm7_ws/build/xarm_api -- -j16 -l16
[2.080s] [  7%] [32mBuilding CXX object CMakeFiles/test_robot_states.dir/test/test_robot_states.cpp.o[0m
[2.085s] [ 15%] [32mBuilding CXX object CMakeFiles/xarm_ros_driver.dir/src/xarm_driver.cpp.o[0m
[2.088s] [ 23%] [32mBuilding CXX object CMakeFiles/xarm_ros_client.dir/src/xarm_ros_client.cpp.o[0m
[2.088s] [ 30%] [32mBuilding CXX object CMakeFiles/xarm_ros_driver.dir/src/xarm_driver_service.cpp.o[0m
[10.981s] [ 38%] [32m[1mLinking CXX executable test_robot_states[0m
[11.547s] [ 38%] Built target test_robot_states
[24.247s] [ 46%] [32m[1mLinking CXX shared library libxarm_ros_driver.so[0m
[25.963s] [ 46%] Built target xarm_ros_driver
[25.995s] [ 53%] [32mBuilding CXX object CMakeFiles/xarm_driver_node.dir/src/xarm_driver_node.cpp.o[0m
[26.568s] [ 61%] [32m[1mLinking CXX shared library libxarm_ros_client.so[0m
[27.729s] [ 61%] Built target xarm_ros_client
[27.747s] [ 69%] [32mBuilding CXX object CMakeFiles/test_xarm_velo_move.dir/test/test_xarm_velo_move.cpp.o[0m
[27.756s] [ 76%] [32mBuilding CXX object CMakeFiles/test_xarm_ros_client.dir/test/test_xarm_ros_client.cpp.o[0m
[31.357s] [ 84%] [32m[1mLinking CXX executable xarm_driver_node[0m
[31.568s] [ 92%] [32m[1mLinking CXX executable test_xarm_ros_client[0m
[32.047s] [ 92%] Built target xarm_driver_node
[32.211s] [ 92%] Built target test_xarm_ros_client
[32.563s] [100%] [32m[1mLinking CXX executable test_xarm_velo_move[0m
[33.250s] [100%] Built target test_xarm_velo_move
[33.264s] Invoked command in '/home/hayashi/xarm7_ws/build/xarm_api' returned '0': AMENT_PREFIX_PATH=/home/hayashi/xarm7_ws/install/xarm_sdk:/home/hayashi/xarm7_ws/install/xarm_msgs:/home/hayashi/xarm7_ws/install/xarm_description:${AMENT_PREFIX_PATH} CMAKE_PREFIX_PATH=/home/hayashi/xarm7_ws/install/xarm_sdk:/home/hayashi/xarm7_ws/install/xarm_msgs:/home/hayashi/xarm7_ws/install/xarm_description:/home/hayashi/ws_moveit/install/pilz_industrial_motion_planner_testutils:/home/hayashi/ws_moveit/install/moveit_runtime:/home/hayashi/ws_moveit/install/moveit2_tutorials:/home/hayashi/ws_moveit/install/moveit:/home/hayashi/ws_moveit/install/moveit_planners:/home/hayashi/ws_moveit/install/pilz_industrial_motion_planner:/home/hayashi/ws_moveit/install/mtc_tutorial:/home/hayashi/ws_moveit/install/hello_moveit:/home/hayashi/ws_moveit/install/moveit_visual_tools:/home/hayashi/ws_moveit/install/moveit_task_constructor_visualization:/home/hayashi/ws_moveit/install/moveit_task_constructor_demo:/home/hayashi/ws_moveit/install/moveit_task_constructor_capabilities:/home/hayashi/ws_moveit/install/moveit_task_constructor_core:/home/hayashi/ws_moveit/install/moveit_ros_control_interface:/home/hayashi/ws_moveit/install/moveit_plugins:/home/hayashi/ws_moveit/install/moveit_simple_controller_manager:/home/hayashi/ws_moveit/install/moveit_setup_assistant:/home/hayashi/ws_moveit/install/moveit_setup_srdf_plugins:/home/hayashi/ws_moveit/install/moveit_setup_core_plugins:/home/hayashi/ws_moveit/install/moveit_setup_controllers:/home/hayashi/ws_moveit/install/moveit_setup_app_plugins:/home/hayashi/ws_moveit/install/moveit_setup_framework:/home/hayashi/ws_moveit/install/moveit_servo:/home/hayashi/ws_moveit/install/moveit_ros:/home/hayashi/ws_moveit/install/moveit_ros_visualization:/home/hayashi/ws_moveit/install/moveit_hybrid_planning:/home/hayashi/ws_moveit/install/moveit_ros_planning_interface:/home/hayashi/ws_moveit/install/moveit_ros_benchmarks:/home/hayashi/ws_moveit/install/moveit_ros_warehouse:/home/hayashi/ws_moveit/install/moveit_ros_robot_interaction:/home/hayashi/ws_moveit/install/moveit_ros_perception:/home/hayashi/ws_moveit/install/moveit_resources_prbt_pg70_support:/home/hayashi/ws_moveit/install/moveit_resources_prbt_moveit_config:/home/hayashi/ws_moveit/install/moveit_ros_move_group:/home/hayashi/ws_moveit/install/moveit_planners_ompl:/home/hayashi/ws_moveit/install/moveit_ros_planning:/home/hayashi/ws_moveit/install/moveit_ros_occupancy_map_monitor:/home/hayashi/ws_moveit/install/moveit_resources_prbt_ikfast_manipulator_plugin:/home/hayashi/ws_moveit/install/moveit_planners_chomp:/home/hayashi/ws_moveit/install/moveit_kinematics:/home/hayashi/ws_moveit/install/moveit_chomp_optimizer_adapter:/home/hayashi/ws_moveit/install/chomp_motion_planner:/home/hayashi/ws_moveit/install/moveit_core:/home/hayashi/ws_moveit/install/srdfdom:/home/hayashi/ws_moveit/install/rviz_marker_tools:/home/hayashi/ws_moveit/install/rosparam_shortcuts:/home/hayashi/ws_moveit/install/moveit_task_constructor_msgs:/home/hayashi/ws_moveit/install/moveit_resources_prbt_support:/home/hayashi/ws_moveit/install/moveit_resources:/home/hayashi/ws_moveit/install/moveit_resources_pr2_description:/home/hayashi/ws_moveit/install/moveit_resources_panda_moveit_config:/home/hayashi/ws_moveit/install/moveit_resources_panda_description:/home/hayashi/ws_moveit/install/moveit_resources_fanuc_moveit_config:/home/hayashi/ws_moveit/install/moveit_resources_fanuc_description:/home/hayashi/ws_moveit/install/moveit_common:/home/hayashi/xarm7_ws/install/xarm_motion_planning:/home/hayashi/ws_moveit/install/moveit_configs_utils:/home/hayashi/ws_moveit/install/launch_param_builder:/opt/ros/humble LD_LIBRARY_PATH=/home/hayashi/xarm7_ws/install/xarm_sdk/lib:/home/hayashi/xarm7_ws/install/xarm_msgs/lib:${LD_LIBRARY_PATH} PYTHONPATH=/home/hayashi/xarm7_ws/install/xarm_msgs/local/lib/python3.10/dist-packages:${PYTHONPATH} /usr/bin/cmake --build /home/hayashi/xarm7_ws/build/xarm_api -- -j16 -l16
[33.344s] Invoking command in '/home/hayashi/xarm7_ws/build/xarm_api': AMENT_PREFIX_PATH=/home/hayashi/xarm7_ws/install/xarm_sdk:/home/hayashi/xarm7_ws/install/xarm_msgs:/home/hayashi/xarm7_ws/install/xarm_description:${AMENT_PREFIX_PATH} CMAKE_PREFIX_PATH=/home/hayashi/xarm7_ws/install/xarm_sdk:/home/hayashi/xarm7_ws/install/xarm_msgs:/home/hayashi/xarm7_ws/install/xarm_description:/home/hayashi/ws_moveit/install/pilz_industrial_motion_planner_testutils:/home/hayashi/ws_moveit/install/moveit_runtime:/home/hayashi/ws_moveit/install/moveit2_tutorials:/home/hayashi/ws_moveit/install/moveit:/home/hayashi/ws_moveit/install/moveit_planners:/home/hayashi/ws_moveit/install/pilz_industrial_motion_planner:/home/hayashi/ws_moveit/install/mtc_tutorial:/home/hayashi/ws_moveit/install/hello_moveit:/home/hayashi/ws_moveit/install/moveit_visual_tools:/home/hayashi/ws_moveit/install/moveit_task_constructor_visualization:/home/hayashi/ws_moveit/install/moveit_task_constructor_demo:/home/hayashi/ws_moveit/install/moveit_task_constructor_capabilities:/home/hayashi/ws_moveit/install/moveit_task_constructor_core:/home/hayashi/ws_moveit/install/moveit_ros_control_interface:/home/hayashi/ws_moveit/install/moveit_plugins:/home/hayashi/ws_moveit/install/moveit_simple_controller_manager:/home/hayashi/ws_moveit/install/moveit_setup_assistant:/home/hayashi/ws_moveit/install/moveit_setup_srdf_plugins:/home/hayashi/ws_moveit/install/moveit_setup_core_plugins:/home/hayashi/ws_moveit/install/moveit_setup_controllers:/home/hayashi/ws_moveit/install/moveit_setup_app_plugins:/home/hayashi/ws_moveit/install/moveit_setup_framework:/home/hayashi/ws_moveit/install/moveit_servo:/home/hayashi/ws_moveit/install/moveit_ros:/home/hayashi/ws_moveit/install/moveit_ros_visualization:/home/hayashi/ws_moveit/install/moveit_hybrid_planning:/home/hayashi/ws_moveit/install/moveit_ros_planning_interface:/home/hayashi/ws_moveit/install/moveit_ros_benchmarks:/home/hayashi/ws_moveit/install/moveit_ros_warehouse:/home/hayashi/ws_moveit/install/moveit_ros_robot_interaction:/home/hayashi/ws_moveit/install/moveit_ros_perception:/home/hayashi/ws_moveit/install/moveit_resources_prbt_pg70_support:/home/hayashi/ws_moveit/install/moveit_resources_prbt_moveit_config:/home/hayashi/ws_moveit/install/moveit_ros_move_group:/home/hayashi/ws_moveit/install/moveit_planners_ompl:/home/hayashi/ws_moveit/install/moveit_ros_planning:/home/hayashi/ws_moveit/install/moveit_ros_occupancy_map_monitor:/home/hayashi/ws_moveit/install/moveit_resources_prbt_ikfast_manipulator_plugin:/home/hayashi/ws_moveit/install/moveit_planners_chomp:/home/hayashi/ws_moveit/install/moveit_kinematics:/home/hayashi/ws_moveit/install/moveit_chomp_optimizer_adapter:/home/hayashi/ws_moveit/install/chomp_motion_planner:/home/hayashi/ws_moveit/install/moveit_core:/home/hayashi/ws_moveit/install/srdfdom:/home/hayashi/ws_moveit/install/rviz_marker_tools:/home/hayashi/ws_moveit/install/rosparam_shortcuts:/home/hayashi/ws_moveit/install/moveit_task_constructor_msgs:/home/hayashi/ws_moveit/install/moveit_resources_prbt_support:/home/hayashi/ws_moveit/install/moveit_resources:/home/hayashi/ws_moveit/install/moveit_resources_pr2_description:/home/hayashi/ws_moveit/install/moveit_resources_panda_moveit_config:/home/hayashi/ws_moveit/install/moveit_resources_panda_description:/home/hayashi/ws_moveit/install/moveit_resources_fanuc_moveit_config:/home/hayashi/ws_moveit/install/moveit_resources_fanuc_description:/home/hayashi/ws_moveit/install/moveit_common:/home/hayashi/xarm7_ws/install/xarm_motion_planning:/home/hayashi/ws_moveit/install/moveit_configs_utils:/home/hayashi/ws_moveit/install/launch_param_builder:/opt/ros/humble LD_LIBRARY_PATH=/home/hayashi/xarm7_ws/install/xarm_sdk/lib:/home/hayashi/xarm7_ws/install/xarm_msgs/lib:${LD_LIBRARY_PATH} PYTHONPATH=/home/hayashi/xarm7_ws/install/xarm_msgs/local/lib/python3.10/dist-packages:${PYTHONPATH} /usr/bin/cmake --install /home/hayashi/xarm7_ws/build/xarm_api
[33.355s] -- Install configuration: ""
[33.355s] -- Execute custom install script
[33.355s] -- Symlinking: /home/hayashi/xarm7_ws/install/xarm_api/share/xarm_api/environment/library_path.sh
[33.366s] -- Symlinking: /home/hayashi/xarm7_ws/install/xarm_api/share/xarm_api/environment/library_path.dsv
[33.376s] -- Symlinking: /home/hayashi/xarm7_ws/install/xarm_api/include/xarm_api/visibility_control.h
[33.387s] -- Symlinking: /home/hayashi/xarm7_ws/install/xarm_api/include/xarm_api/xarm_driver.h
[33.397s] -- Symlinking: /home/hayashi/xarm7_ws/install/xarm_api/include/xarm_api/xarm_msgs.h
[33.406s] -- Symlinking: /home/hayashi/xarm7_ws/install/xarm_api/include/xarm_api/xarm_ros_client.h
[33.417s] -- Symlinking: /home/hayashi/xarm7_ws/install/xarm_api/lib/libxarm_ros_driver.so
[33.427s] -- Symlinking: /home/hayashi/xarm7_ws/install/xarm_api/lib/libxarm_ros_client.so
[33.437s] -- Symlinking: /home/hayashi/xarm7_ws/install/xarm_api/lib/xarm_api/xarm_driver_node
[33.448s] -- Symlinking: /home/hayashi/xarm7_ws/install/xarm_api/lib/xarm_api/test_xarm_ros_client
[33.458s] -- Symlinking: /home/hayashi/xarm7_ws/install/xarm_api/lib/xarm_api/test_xarm_velo_move
[33.468s] -- Symlinking: /home/hayashi/xarm7_ws/install/xarm_api/lib/xarm_api/test_robot_states
[33.478s] -- Symlinking: /home/hayashi/xarm7_ws/install/xarm_api/share/xarm_api//launch/_robot_driver.launch.py
[33.488s] -- Symlinking: /home/hayashi/xarm7_ws/install/xarm_api/share/xarm_api//launch/lib/robot_api_lib.py
[33.498s] -- Symlinking: /home/hayashi/xarm7_ws/install/xarm_api/share/xarm_api//launch/lite6_driver.launch.py
[33.508s] -- Symlinking: /home/hayashi/xarm7_ws/install/xarm_api/share/xarm_api//launch/uf850_driver.launch.py
[33.518s] -- Symlinking: /home/hayashi/xarm7_ws/install/xarm_api/share/xarm_api//launch/xarm5_driver.launch.py
[33.528s] -- Symlinking: /home/hayashi/xarm7_ws/install/xarm_api/share/xarm_api//launch/xarm6_driver.launch.py
[33.539s] -- Symlinking: /home/hayashi/xarm7_ws/install/xarm_api/share/xarm_api//launch/xarm7_driver.launch.py
[33.549s] -- Symlinking: /home/hayashi/xarm7_ws/install/xarm_api/share/xarm_api//config/xarm_params.yaml
[33.559s] -- Symlinking: /home/hayashi/xarm7_ws/install/xarm_api/share/ament_index/resource_index/package_run_dependencies/xarm_api
[33.569s] -- Symlinking: /home/hayashi/xarm7_ws/install/xarm_api/share/ament_index/resource_index/parent_prefix_path/xarm_api
[33.579s] -- Symlinking: /home/hayashi/xarm7_ws/install/xarm_api/share/xarm_api/environment/ament_prefix_path.sh
[33.589s] -- Symlinking: /home/hayashi/xarm7_ws/install/xarm_api/share/xarm_api/environment/ament_prefix_path.dsv
[33.599s] -- Symlinking: /home/hayashi/xarm7_ws/install/xarm_api/share/xarm_api/environment/path.sh
[33.609s] -- Symlinking: /home/hayashi/xarm7_ws/install/xarm_api/share/xarm_api/environment/path.dsv
[33.619s] -- Symlinking: /home/hayashi/xarm7_ws/install/xarm_api/share/xarm_api/local_setup.bash
[33.630s] -- Symlinking: /home/hayashi/xarm7_ws/install/xarm_api/share/xarm_api/local_setup.sh
[33.640s] -- Symlinking: /home/hayashi/xarm7_ws/install/xarm_api/share/xarm_api/local_setup.zsh
[33.650s] -- Symlinking: /home/hayashi/xarm7_ws/install/xarm_api/share/xarm_api/local_setup.dsv
[33.660s] -- Symlinking: /home/hayashi/xarm7_ws/install/xarm_api/share/xarm_api/package.dsv
[33.673s] -- Symlinking: /home/hayashi/xarm7_ws/install/xarm_api/share/ament_index/resource_index/packages/xarm_api
[33.685s] -- Symlinking: /home/hayashi/xarm7_ws/install/xarm_api/share/xarm_api/cmake/ament_cmake_export_libraries-extras.cmake
[33.695s] -- Symlinking: /home/hayashi/xarm7_ws/install/xarm_api/share/xarm_api/cmake/ament_cmake_export_include_directories-extras.cmake
[33.705s] -- Symlinking: /home/hayashi/xarm7_ws/install/xarm_api/share/xarm_api/cmake/xarm_apiConfig.cmake
[33.715s] -- Symlinking: /home/hayashi/xarm7_ws/install/xarm_api/share/xarm_api/cmake/xarm_apiConfig-version.cmake
[33.728s] -- Symlinking: /home/hayashi/xarm7_ws/install/xarm_api/share/xarm_api/package.xml
[33.741s] Invoked command in '/home/hayashi/xarm7_ws/build/xarm_api' returned '0': AMENT_PREFIX_PATH=/home/hayashi/xarm7_ws/install/xarm_sdk:/home/hayashi/xarm7_ws/install/xarm_msgs:/home/hayashi/xarm7_ws/install/xarm_description:${AMENT_PREFIX_PATH} CMAKE_PREFIX_PATH=/home/hayashi/xarm7_ws/install/xarm_sdk:/home/hayashi/xarm7_ws/install/xarm_msgs:/home/hayashi/xarm7_ws/install/xarm_description:/home/hayashi/ws_moveit/install/pilz_industrial_motion_planner_testutils:/home/hayashi/ws_moveit/install/moveit_runtime:/home/hayashi/ws_moveit/install/moveit2_tutorials:/home/hayashi/ws_moveit/install/moveit:/home/hayashi/ws_moveit/install/moveit_planners:/home/hayashi/ws_moveit/install/pilz_industrial_motion_planner:/home/hayashi/ws_moveit/install/mtc_tutorial:/home/hayashi/ws_moveit/install/hello_moveit:/home/hayashi/ws_moveit/install/moveit_visual_tools:/home/hayashi/ws_moveit/install/moveit_task_constructor_visualization:/home/hayashi/ws_moveit/install/moveit_task_constructor_demo:/home/hayashi/ws_moveit/install/moveit_task_constructor_capabilities:/home/hayashi/ws_moveit/install/moveit_task_constructor_core:/home/hayashi/ws_moveit/install/moveit_ros_control_interface:/home/hayashi/ws_moveit/install/moveit_plugins:/home/hayashi/ws_moveit/install/moveit_simple_controller_manager:/home/hayashi/ws_moveit/install/moveit_setup_assistant:/home/hayashi/ws_moveit/install/moveit_setup_srdf_plugins:/home/hayashi/ws_moveit/install/moveit_setup_core_plugins:/home/hayashi/ws_moveit/install/moveit_setup_controllers:/home/hayashi/ws_moveit/install/moveit_setup_app_plugins:/home/hayashi/ws_moveit/install/moveit_setup_framework:/home/hayashi/ws_moveit/install/moveit_servo:/home/hayashi/ws_moveit/install/moveit_ros:/home/hayashi/ws_moveit/install/moveit_ros_visualization:/home/hayashi/ws_moveit/install/moveit_hybrid_planning:/home/hayashi/ws_moveit/install/moveit_ros_planning_interface:/home/hayashi/ws_moveit/install/moveit_ros_benchmarks:/home/hayashi/ws_moveit/install/moveit_ros_warehouse:/home/hayashi/ws_moveit/install/moveit_ros_robot_interaction:/home/hayashi/ws_moveit/install/moveit_ros_perception:/home/hayashi/ws_moveit/install/moveit_resources_prbt_pg70_support:/home/hayashi/ws_moveit/install/moveit_resources_prbt_moveit_config:/home/hayashi/ws_moveit/install/moveit_ros_move_group:/home/hayashi/ws_moveit/install/moveit_planners_ompl:/home/hayashi/ws_moveit/install/moveit_ros_planning:/home/hayashi/ws_moveit/install/moveit_ros_occupancy_map_monitor:/home/hayashi/ws_moveit/install/moveit_resources_prbt_ikfast_manipulator_plugin:/home/hayashi/ws_moveit/install/moveit_planners_chomp:/home/hayashi/ws_moveit/install/moveit_kinematics:/home/hayashi/ws_moveit/install/moveit_chomp_optimizer_adapter:/home/hayashi/ws_moveit/install/chomp_motion_planner:/home/hayashi/ws_moveit/install/moveit_core:/home/hayashi/ws_moveit/install/srdfdom:/home/hayashi/ws_moveit/install/rviz_marker_tools:/home/hayashi/ws_moveit/install/rosparam_shortcuts:/home/hayashi/ws_moveit/install/moveit_task_constructor_msgs:/home/hayashi/ws_moveit/install/moveit_resources_prbt_support:/home/hayashi/ws_moveit/install/moveit_resources:/home/hayashi/ws_moveit/install/moveit_resources_pr2_description:/home/hayashi/ws_moveit/install/moveit_resources_panda_moveit_config:/home/hayashi/ws_moveit/install/moveit_resources_panda_description:/home/hayashi/ws_moveit/install/moveit_resources_fanuc_moveit_config:/home/hayashi/ws_moveit/install/moveit_resources_fanuc_description:/home/hayashi/ws_moveit/install/moveit_common:/home/hayashi/xarm7_ws/install/xarm_motion_planning:/home/hayashi/ws_moveit/install/moveit_configs_utils:/home/hayashi/ws_moveit/install/launch_param_builder:/opt/ros/humble LD_LIBRARY_PATH=/home/hayashi/xarm7_ws/install/xarm_sdk/lib:/home/hayashi/xarm7_ws/install/xarm_msgs/lib:${LD_LIBRARY_PATH} PYTHONPATH=/home/hayashi/xarm7_ws/install/xarm_msgs/local/lib/python3.10/dist-packages:${PYTHONPATH} /usr/bin/cmake --install /home/hayashi/xarm7_ws/build/xarm_api
