[0.091s] Invoking command in '/home/hayashi/xarm7_ws/build/xarm_sdk': CMAKE_PREFIX_PATH=${CMAKE_PREFIX_PATH}:/home/hayashi/ws_moveit/install/moveit_configs_utils:/home/hayashi/ws_moveit/install/launch_param_builder:/opt/ros/humble /usr/bin/cmake --build /home/hayashi/xarm7_ws/build/xarm_sdk -- -j16 -l16
[0.582s] [35m[1mConsolidate compiler generated dependencies of target xarm_cxx_sdk[0m
[0.582s] [100%] Built target xarm_cxx_sdk
[0.998s] Invoked command in '/home/hayashi/xarm7_ws/build/xarm_sdk' returned '0': CMAKE_PREFIX_PATH=${CMAKE_PREFIX_PATH}:/home/hayashi/ws_moveit/install/moveit_configs_utils:/home/hayashi/ws_moveit/install/launch_param_builder:/opt/ros/humble /usr/bin/cmake --build /home/hayashi/xarm7_ws/build/xarm_sdk -- -j16 -l16
[1.440s] Invoking command in '/home/hayashi/xarm7_ws/build/xarm_sdk': CMAKE_PREFIX_PATH=${CMAKE_PREFIX_PATH}:/home/hayashi/ws_moveit/install/moveit_configs_utils:/home/hayashi/ws_moveit/install/launch_param_builder:/opt/ros/humble /usr/bin/cmake --install /home/hayashi/xarm7_ws/build/xarm_sdk
[1.475s] -- Install configuration: ""
[1.477s] -- Execute custom install script
[1.478s] -- Up-to-date symlink: /home/hayashi/xarm7_ws/install/xarm_sdk/share/xarm_sdk/environment/library_path.sh
[1.478s] -- Up-to-date symlink: /home/hayashi/xarm7_ws/install/xarm_sdk/share/xarm_sdk/environment/library_path.dsv
[1.481s] -- Up-to-date symlink: /home/hayashi/xarm7_ws/install/xarm_sdk/cxx/include/serial/impl/unix.h
[1.481s] -- Up-to-date symlink: /home/hayashi/xarm7_ws/install/xarm_sdk/cxx/include/serial/impl/win.h
[1.482s] -- Up-to-date symlink: /home/hayashi/xarm7_ws/install/xarm_sdk/cxx/include/serial/serial.h
[1.482s] -- Up-to-date symlink: /home/hayashi/xarm7_ws/install/xarm_sdk/cxx/include/serial/v8stdint.h
[1.483s] -- Up-to-date symlink: /home/hayashi/xarm7_ws/install/xarm_sdk/cxx/include/xarm/core/common/crc16.h
[1.483s] -- Up-to-date symlink: /home/hayashi/xarm7_ws/install/xarm_sdk/cxx/include/xarm/core/common/data_type.h
[1.484s] -- Up-to-date symlink: /home/hayashi/xarm7_ws/install/xarm_sdk/cxx/include/xarm/core/common/queue_memcpy.h
[1.484s] -- Up-to-date symlink: /home/hayashi/xarm7_ws/install/xarm_sdk/cxx/include/xarm/core/connect.h
[1.485s] -- Up-to-date symlink: /home/hayashi/xarm7_ws/install/xarm_sdk/cxx/include/xarm/core/debug/debug_print.h
[1.485s] -- Up-to-date symlink: /home/hayashi/xarm7_ws/install/xarm_sdk/cxx/include/xarm/core/instruction/servo3_config.h
[1.485s] -- Up-to-date symlink: /home/hayashi/xarm7_ws/install/xarm_sdk/cxx/include/xarm/core/instruction/uxbus_cmd.h
[1.486s] -- Up-to-date symlink: /home/hayashi/xarm7_ws/install/xarm_sdk/cxx/include/xarm/core/instruction/uxbus_cmd_config.h
[1.486s] -- Up-to-date symlink: /home/hayashi/xarm7_ws/install/xarm_sdk/cxx/include/xarm/core/instruction/uxbus_cmd_ser.h
[1.487s] -- Up-to-date symlink: /home/hayashi/xarm7_ws/install/xarm_sdk/cxx/include/xarm/core/instruction/uxbus_cmd_tcp.h
[1.488s] -- Up-to-date symlink: /home/hayashi/xarm7_ws/install/xarm_sdk/cxx/include/xarm/core/os/bak/thread.h
[1.488s] -- Up-to-date symlink: /home/hayashi/xarm7_ws/install/xarm_sdk/cxx/include/xarm/core/os/network.h
[1.489s] -- Up-to-date symlink: /home/hayashi/xarm7_ws/install/xarm_sdk/cxx/include/xarm/core/port/ser.h
[1.489s] -- Up-to-date symlink: /home/hayashi/xarm7_ws/install/xarm_sdk/cxx/include/xarm/core/port/socket.h
[1.489s] -- Up-to-date symlink: /home/hayashi/xarm7_ws/install/xarm_sdk/cxx/include/xarm/core/report_data.h
[1.490s] -- Up-to-date symlink: /home/hayashi/xarm7_ws/install/xarm_sdk/cxx/include/xarm/core/xarm_config.h
[1.490s] -- Up-to-date symlink: /home/hayashi/xarm7_ws/install/xarm_sdk/cxx/include/xarm/wrapper/common/timer.h
[1.490s] -- Up-to-date symlink: /home/hayashi/xarm7_ws/install/xarm_sdk/cxx/include/xarm/wrapper/common/utils.h
[1.491s] -- Up-to-date symlink: /home/hayashi/xarm7_ws/install/xarm_sdk/cxx/include/xarm/wrapper/xarm_api.h
[1.493s] -- Up-to-date symlink: /home/hayashi/xarm7_ws/install/xarm_sdk/lib/libxarm_cxx_sdk.so
[1.493s] -- Up-to-date symlink: /home/hayashi/xarm7_ws/install/xarm_sdk/share/ament_index/resource_index/package_run_dependencies/xarm_sdk
[1.494s] -- Up-to-date symlink: /home/hayashi/xarm7_ws/install/xarm_sdk/share/ament_index/resource_index/parent_prefix_path/xarm_sdk
[1.495s] -- Up-to-date symlink: /home/hayashi/xarm7_ws/install/xarm_sdk/share/xarm_sdk/environment/ament_prefix_path.sh
[1.495s] -- Up-to-date symlink: /home/hayashi/xarm7_ws/install/xarm_sdk/share/xarm_sdk/environment/ament_prefix_path.dsv
[1.496s] -- Up-to-date symlink: /home/hayashi/xarm7_ws/install/xarm_sdk/share/xarm_sdk/environment/path.sh
[1.497s] -- Up-to-date symlink: /home/hayashi/xarm7_ws/install/xarm_sdk/share/xarm_sdk/environment/path.dsv
[1.497s] -- Up-to-date symlink: /home/hayashi/xarm7_ws/install/xarm_sdk/share/xarm_sdk/local_setup.bash
[1.497s] -- Up-to-date symlink: /home/hayashi/xarm7_ws/install/xarm_sdk/share/xarm_sdk/local_setup.sh
[1.498s] -- Up-to-date symlink: /home/hayashi/xarm7_ws/install/xarm_sdk/share/xarm_sdk/local_setup.zsh
[1.498s] -- Up-to-date symlink: /home/hayashi/xarm7_ws/install/xarm_sdk/share/xarm_sdk/local_setup.dsv
[1.499s] -- Symlinking: /home/hayashi/xarm7_ws/install/xarm_sdk/share/xarm_sdk/package.dsv
[1.531s] -- Up-to-date symlink: /home/hayashi/xarm7_ws/install/xarm_sdk/share/ament_index/resource_index/packages/xarm_sdk
[1.531s] -- Up-to-date symlink: /home/hayashi/xarm7_ws/install/xarm_sdk/share/xarm_sdk/cmake/ament_cmake_export_libraries-extras.cmake
[1.532s] -- Up-to-date symlink: /home/hayashi/xarm7_ws/install/xarm_sdk/share/xarm_sdk/cmake/ament_cmake_export_include_directories-extras.cmake
[1.532s] -- Up-to-date symlink: /home/hayashi/xarm7_ws/install/xarm_sdk/share/xarm_sdk/cmake/xarm_sdkConfig.cmake
[1.533s] -- Up-to-date symlink: /home/hayashi/xarm7_ws/install/xarm_sdk/share/xarm_sdk/cmake/xarm_sdkConfig-version.cmake
[1.533s] -- Up-to-date symlink: /home/hayashi/xarm7_ws/install/xarm_sdk/share/xarm_sdk/package.xml
[1.539s] Invoked command in '/home/hayashi/xarm7_ws/build/xarm_sdk' returned '0': CMAKE_PREFIX_PATH=${CMAKE_PREFIX_PATH}:/home/hayashi/ws_moveit/install/moveit_configs_utils:/home/hayashi/ws_moveit/install/launch_param_builder:/opt/ros/humble /usr/bin/cmake --install /home/hayashi/xarm7_ws/build/xarm_sdk
