[0.530s] Invoking command in '/home/hayashi/xarm7_ws/build/realsense_gazebo_plugin': CMAKE_PREFIX_PATH=${CMAKE_PREFIX_PATH}:/home/hayashi/ws_moveit/install/moveit_configs_utils:/home/hayashi/ws_moveit/install/launch_param_builder:/opt/ros/humble /usr/bin/cmake --build /home/hayashi/xarm7_ws/build/realsense_gazebo_plugin -- -j16 -l16
[0.644s] [35m[1mConsolidate compiler generated dependencies of target realsense_gazebo_plugin[0m
[0.758s] [100%] Built target realsense_gazebo_plugin
[0.968s] Invoked command in '/home/hayashi/xarm7_ws/build/realsense_gazebo_plugin' returned '0': CMAKE_PREFIX_PATH=${CMAKE_PREFIX_PATH}:/home/hayashi/ws_moveit/install/moveit_configs_utils:/home/hayashi/ws_moveit/install/launch_param_builder:/opt/ros/humble /usr/bin/cmake --build /home/hayashi/xarm7_ws/build/realsense_gazebo_plugin -- -j16 -l16
[1.053s] Invoking command in '/home/hayashi/xarm7_ws/build/realsense_gazebo_plugin': CMAKE_PREFIX_PATH=${CMAKE_PREFIX_PATH}:/home/hayashi/ws_moveit/install/moveit_configs_utils:/home/hayashi/ws_moveit/install/launch_param_builder:/opt/ros/humble /usr/bin/cmake --install /home/hayashi/xarm7_ws/build/realsense_gazebo_plugin
[1.082s] -- Install configuration: ""
[1.083s] -- Execute custom install script
[1.083s] -- Up-to-date symlink: /home/hayashi/xarm7_ws/install/realsense_gazebo_plugin/lib/librealsense_gazebo_plugin.so
[1.085s] -- Up-to-date symlink: /home/hayashi/xarm7_ws/install/realsense_gazebo_plugin/include//realsense_gazebo_plugin/RealSensePlugin.h
[1.085s] -- Up-to-date symlink: /home/hayashi/xarm7_ws/install/realsense_gazebo_plugin/include//realsense_gazebo_plugin/gazebo_ros_realsense.h
[1.086s] -- Up-to-date symlink: /home/hayashi/xarm7_ws/install/realsense_gazebo_plugin/share/realsense_gazebo_plugin/environment/library_path.sh
[1.086s] -- Up-to-date symlink: /home/hayashi/xarm7_ws/install/realsense_gazebo_plugin/share/realsense_gazebo_plugin/environment/library_path.dsv
[1.086s] -- Up-to-date symlink: /home/hayashi/xarm7_ws/install/realsense_gazebo_plugin/share/ament_index/resource_index/package_run_dependencies/realsense_gazebo_plugin
[1.086s] -- Up-to-date symlink: /home/hayashi/xarm7_ws/install/realsense_gazebo_plugin/share/ament_index/resource_index/parent_prefix_path/realsense_gazebo_plugin
[1.086s] -- Up-to-date symlink: /home/hayashi/xarm7_ws/install/realsense_gazebo_plugin/share/realsense_gazebo_plugin/environment/ament_prefix_path.sh
[1.086s] -- Up-to-date symlink: /home/hayashi/xarm7_ws/install/realsense_gazebo_plugin/share/realsense_gazebo_plugin/environment/ament_prefix_path.dsv
[1.087s] -- Up-to-date symlink: /home/hayashi/xarm7_ws/install/realsense_gazebo_plugin/share/realsense_gazebo_plugin/environment/path.sh
[1.087s] -- Up-to-date symlink: /home/hayashi/xarm7_ws/install/realsense_gazebo_plugin/share/realsense_gazebo_plugin/environment/path.dsv
[1.087s] -- Up-to-date symlink: /home/hayashi/xarm7_ws/install/realsense_gazebo_plugin/share/realsense_gazebo_plugin/local_setup.bash
[1.087s] -- Up-to-date symlink: /home/hayashi/xarm7_ws/install/realsense_gazebo_plugin/share/realsense_gazebo_plugin/local_setup.sh
[1.088s] -- Up-to-date symlink: /home/hayashi/xarm7_ws/install/realsense_gazebo_plugin/share/realsense_gazebo_plugin/local_setup.zsh
[1.088s] -- Up-to-date symlink: /home/hayashi/xarm7_ws/install/realsense_gazebo_plugin/share/realsense_gazebo_plugin/local_setup.dsv
[1.088s] -- Symlinking: /home/hayashi/xarm7_ws/install/realsense_gazebo_plugin/share/realsense_gazebo_plugin/package.dsv
[1.111s] -- Up-to-date symlink: /home/hayashi/xarm7_ws/install/realsense_gazebo_plugin/share/ament_index/resource_index/packages/realsense_gazebo_plugin
[1.111s] -- Up-to-date symlink: /home/hayashi/xarm7_ws/install/realsense_gazebo_plugin/share/realsense_gazebo_plugin/cmake/ament_cmake_export_include_directories-extras.cmake
[1.114s] -- Up-to-date symlink: /home/hayashi/xarm7_ws/install/realsense_gazebo_plugin/share/realsense_gazebo_plugin/cmake/ament_cmake_export_libraries-extras.cmake
[1.119s] -- Up-to-date symlink: /home/hayashi/xarm7_ws/install/realsense_gazebo_plugin/share/realsense_gazebo_plugin/cmake/realsense_gazebo_pluginConfig.cmake
[1.119s] -- Up-to-date symlink: /home/hayashi/xarm7_ws/install/realsense_gazebo_plugin/share/realsense_gazebo_plugin/cmake/realsense_gazebo_pluginConfig-version.cmake
[1.120s] -- Up-to-date symlink: /home/hayashi/xarm7_ws/install/realsense_gazebo_plugin/share/realsense_gazebo_plugin/package.xml
[1.164s] Invoked command in '/home/hayashi/xarm7_ws/build/realsense_gazebo_plugin' returned '0': CMAKE_PREFIX_PATH=${CMAKE_PREFIX_PATH}:/home/hayashi/ws_moveit/install/moveit_configs_utils:/home/hayashi/ws_moveit/install/launch_param_builder:/opt/ros/humble /usr/bin/cmake --install /home/hayashi/xarm7_ws/build/realsense_gazebo_plugin
