[1.177s] Invoking command in '/home/hayashi/xarm7_ws/build/uf_ros_lib': PYTHONPATH=/home/hayashi/xarm7_ws/build/uf_ros_lib/prefix_override:/usr/lib/python3/dist-packages/colcon_core/task/python/colcon_distutils_commands:/home/hayashi/xarm7_ws/install/uf_ros_lib/lib/python3.10/site-packages:${PYTHONPATH} /usr/bin/python3 -W ignore:setup.py install is deprecated setup.py develop --editable --build-directory /home/hayashi/xarm7_ws/build/uf_ros_lib/build --no-deps symlink_data
[1.688s] running develop
[1.689s] /usr/lib/python3/dist-packages/setuptools/command/easy_install.py:158: EasyInstallDeprecationWarning: easy_install command is deprecated. Use build and pip and other standards-based tools.
[1.689s]   warnings.warn(
[2.042s] running egg_info
[2.042s] creating uf_ros_lib.egg-info
[2.042s] writing uf_ros_lib.egg-info/PKG-INFO
[2.042s] writing dependency_links to uf_ros_lib.egg-info/dependency_links.txt
[2.042s] writing entry points to uf_ros_lib.egg-info/entry_points.txt
[2.042s] writing requirements to uf_ros_lib.egg-info/requires.txt
[2.042s] writing top-level names to uf_ros_lib.egg-info/top_level.txt
[2.046s] writing manifest file 'uf_ros_lib.egg-info/SOURCES.txt'
[2.046s] reading manifest file 'uf_ros_lib.egg-info/SOURCES.txt'
[2.046s] writing manifest file 'uf_ros_lib.egg-info/SOURCES.txt'
[2.048s] running build_ext
[2.048s] Creating /home/hayashi/xarm7_ws/install/uf_ros_lib/lib/python3.10/site-packages/uf-ros-lib.egg-link (link to .)
[2.050s] 
[2.050s] Installed /home/hayashi/xarm7_ws/build/uf_ros_lib
[2.050s] running symlink_data
[2.050s] creating /home/hayashi/xarm7_ws/install/uf_ros_lib/share/ament_index
[2.050s] creating /home/hayashi/xarm7_ws/install/uf_ros_lib/share/ament_index/resource_index
[2.050s] creating /home/hayashi/xarm7_ws/install/uf_ros_lib/share/ament_index/resource_index/packages
[2.050s] symbolically linking /home/hayashi/xarm7_ws/build/uf_ros_lib/resource/uf_ros_lib -> /home/hayashi/xarm7_ws/install/uf_ros_lib/share/ament_index/resource_index/packages
[2.050s] symbolically linking /home/hayashi/xarm7_ws/build/uf_ros_lib/package.xml -> /home/hayashi/xarm7_ws/install/uf_ros_lib/share/uf_ros_lib
[2.095s] Invoked command in '/home/hayashi/xarm7_ws/build/uf_ros_lib' returned '0': PYTHONPATH=/home/hayashi/xarm7_ws/build/uf_ros_lib/prefix_override:/usr/lib/python3/dist-packages/colcon_core/task/python/colcon_distutils_commands:/home/hayashi/xarm7_ws/install/uf_ros_lib/lib/python3.10/site-packages:${PYTHONPATH} /usr/bin/python3 -W ignore:setup.py install is deprecated setup.py develop --editable --build-directory /home/hayashi/xarm7_ws/build/uf_ros_lib/build --no-deps symlink_data
