[0.197s] Invoking command in '/home/hayashi/xarm7_ws/build/pymoveit2': CMAKE_PREFIX_PATH=${CMAKE_PREFIX_PATH}:/home/hayashi/xarm7_ws/install/xarm_motion_planning:/home/hayashi/xarm7_ws/install/uf_ros_lib:/home/hayashi/ws_moveit/install/moveit_configs_utils:/home/hayashi/ws_moveit/install/launch_param_builder:/opt/ros/humble /usr/bin/cmake --build /home/hayashi/xarm7_ws/build/pymoveit2 -- -j16 -l16
[0.252s] Built target ament_cmake_python_symlink_pymoveit2
[0.448s] running egg_info
[0.449s] writing pymoveit2.egg-info/PKG-INFO
[0.449s] writing dependency_links to pymoveit2.egg-info/dependency_links.txt
[0.449s] writing top-level names to pymoveit2.egg-info/top_level.txt
[0.451s] reading manifest file 'pymoveit2.egg-info/SOURCES.txt'
[0.452s] writing manifest file 'pymoveit2.egg-info/SOURCES.txt'
[0.472s] Built target ament_cmake_python_build_pymoveit2_egg
[0.479s] Invoked command in '/home/hayashi/xarm7_ws/build/pymoveit2' returned '0': CMAKE_PREFIX_PATH=${CMAKE_PREFIX_PATH}:/home/hayashi/xarm7_ws/install/xarm_motion_planning:/home/hayashi/xarm7_ws/install/uf_ros_lib:/home/hayashi/ws_moveit/install/moveit_configs_utils:/home/hayashi/ws_moveit/install/launch_param_builder:/opt/ros/humble /usr/bin/cmake --build /home/hayashi/xarm7_ws/build/pymoveit2 -- -j16 -l16
[0.501s] Invoking command in '/home/hayashi/xarm7_ws/build/pymoveit2': CMAKE_PREFIX_PATH=${CMAKE_PREFIX_PATH}:/home/hayashi/xarm7_ws/install/xarm_motion_planning:/home/hayashi/xarm7_ws/install/uf_ros_lib:/home/hayashi/ws_moveit/install/moveit_configs_utils:/home/hayashi/ws_moveit/install/launch_param_builder:/opt/ros/humble /usr/bin/cmake --install /home/hayashi/xarm7_ws/build/pymoveit2
[0.507s] -- Install configuration: ""
[0.507s] -- Execute custom install script
[0.507s] -- Up-to-date symlink: /home/hayashi/xarm7_ws/install/pymoveit2/share/pymoveit2/environment/pythonpath.sh
[0.507s] -- Up-to-date symlink: /home/hayashi/xarm7_ws/install/pymoveit2/share/pymoveit2/environment/pythonpath.dsv
[0.508s] -- Up-to-date symlink: /home/hayashi/xarm7_ws/install/pymoveit2/local/lib/python3.10/dist-packages/pymoveit2-4.0.0-py3.10.egg-info/PKG-INFO
[0.508s] -- Up-to-date symlink: /home/hayashi/xarm7_ws/install/pymoveit2/local/lib/python3.10/dist-packages/pymoveit2-4.0.0-py3.10.egg-info/SOURCES.txt
[0.508s] -- Up-to-date symlink: /home/hayashi/xarm7_ws/install/pymoveit2/local/lib/python3.10/dist-packages/pymoveit2-4.0.0-py3.10.egg-info/dependency_links.txt
[0.508s] -- Up-to-date symlink: /home/hayashi/xarm7_ws/install/pymoveit2/local/lib/python3.10/dist-packages/pymoveit2-4.0.0-py3.10.egg-info/top_level.txt
[0.508s] -- Up-to-date symlink: /home/hayashi/xarm7_ws/install/pymoveit2/local/lib/python3.10/dist-packages/pymoveit2/__init__.py
[0.508s] -- Up-to-date symlink: /home/hayashi/xarm7_ws/install/pymoveit2/local/lib/python3.10/dist-packages/pymoveit2/gripper_command.py
[0.508s] -- Up-to-date symlink: /home/hayashi/xarm7_ws/install/pymoveit2/local/lib/python3.10/dist-packages/pymoveit2/gripper_interface.py
[0.508s] -- Up-to-date symlink: /home/hayashi/xarm7_ws/install/pymoveit2/local/lib/python3.10/dist-packages/pymoveit2/moveit2.py
[0.508s] -- Up-to-date symlink: /home/hayashi/xarm7_ws/install/pymoveit2/local/lib/python3.10/dist-packages/pymoveit2/moveit2_gripper.py
[0.508s] -- Up-to-date symlink: /home/hayashi/xarm7_ws/install/pymoveit2/local/lib/python3.10/dist-packages/pymoveit2/moveit2_servo.py
[0.508s] -- Up-to-date symlink: /home/hayashi/xarm7_ws/install/pymoveit2/local/lib/python3.10/dist-packages/pymoveit2/robots/__init__.py
[0.509s] -- Up-to-date symlink: /home/hayashi/xarm7_ws/install/pymoveit2/local/lib/python3.10/dist-packages/pymoveit2/robots/crane_x7.py
[0.509s] -- Up-to-date symlink: /home/hayashi/xarm7_ws/install/pymoveit2/local/lib/python3.10/dist-packages/pymoveit2/robots/kinova.py
[0.509s] -- Up-to-date symlink: /home/hayashi/xarm7_ws/install/pymoveit2/local/lib/python3.10/dist-packages/pymoveit2/robots/lbr.py
[0.509s] -- Up-to-date symlink: /home/hayashi/xarm7_ws/install/pymoveit2/local/lib/python3.10/dist-packages/pymoveit2/robots/panda.py
[0.509s] -- Up-to-date symlink: /home/hayashi/xarm7_ws/install/pymoveit2/local/lib/python3.10/dist-packages/pymoveit2/robots/phantomx_pincher.py
[0.509s] -- Up-to-date symlink: /home/hayashi/xarm7_ws/install/pymoveit2/lib/pymoveit2/ex_allow_collisions.py
[0.509s] -- Up-to-date symlink: /home/hayashi/xarm7_ws/install/pymoveit2/lib/pymoveit2/ex_clear_planning_scene.py
[0.509s] -- Up-to-date symlink: /home/hayashi/xarm7_ws/install/pymoveit2/lib/pymoveit2/ex_collision_mesh.py
[0.509s] -- Up-to-date symlink: /home/hayashi/xarm7_ws/install/pymoveit2/lib/pymoveit2/ex_collision_primitive.py
[0.509s] -- Up-to-date symlink: /home/hayashi/xarm7_ws/install/pymoveit2/lib/pymoveit2/ex_fk.py
[0.509s] -- Up-to-date symlink: /home/hayashi/xarm7_ws/install/pymoveit2/lib/pymoveit2/ex_gripper.py
[0.509s] -- Up-to-date symlink: /home/hayashi/xarm7_ws/install/pymoveit2/lib/pymoveit2/ex_ik.py
[0.510s] -- Up-to-date symlink: /home/hayashi/xarm7_ws/install/pymoveit2/lib/pymoveit2/ex_joint_goal.py
[0.510s] -- Up-to-date symlink: /home/hayashi/xarm7_ws/install/pymoveit2/lib/pymoveit2/ex_orientation_path_constraint.py
[0.510s] -- Up-to-date symlink: /home/hayashi/xarm7_ws/install/pymoveit2/lib/pymoveit2/ex_pose_goal.py
[0.510s] -- Up-to-date symlink: /home/hayashi/xarm7_ws/install/pymoveit2/lib/pymoveit2/ex_servo.py
[0.510s] -- Up-to-date symlink: /home/hayashi/xarm7_ws/install/pymoveit2/share/ament_index/resource_index/package_run_dependencies/pymoveit2
[0.510s] -- Up-to-date symlink: /home/hayashi/xarm7_ws/install/pymoveit2/share/ament_index/resource_index/parent_prefix_path/pymoveit2
[0.510s] -- Up-to-date symlink: /home/hayashi/xarm7_ws/install/pymoveit2/share/pymoveit2/environment/ament_prefix_path.sh
[0.510s] -- Up-to-date symlink: /home/hayashi/xarm7_ws/install/pymoveit2/share/pymoveit2/environment/ament_prefix_path.dsv
[0.510s] -- Up-to-date symlink: /home/hayashi/xarm7_ws/install/pymoveit2/share/pymoveit2/environment/path.sh
[0.510s] -- Up-to-date symlink: /home/hayashi/xarm7_ws/install/pymoveit2/share/pymoveit2/environment/path.dsv
[0.510s] -- Up-to-date symlink: /home/hayashi/xarm7_ws/install/pymoveit2/share/pymoveit2/local_setup.bash
[0.510s] -- Up-to-date symlink: /home/hayashi/xarm7_ws/install/pymoveit2/share/pymoveit2/local_setup.sh
[0.510s] -- Up-to-date symlink: /home/hayashi/xarm7_ws/install/pymoveit2/share/pymoveit2/local_setup.zsh
[0.510s] -- Up-to-date symlink: /home/hayashi/xarm7_ws/install/pymoveit2/share/pymoveit2/local_setup.dsv
[0.510s] -- Symlinking: /home/hayashi/xarm7_ws/install/pymoveit2/share/pymoveit2/package.dsv
[0.516s] -- Up-to-date symlink: /home/hayashi/xarm7_ws/install/pymoveit2/share/ament_index/resource_index/packages/pymoveit2
[0.517s] -- Up-to-date symlink: /home/hayashi/xarm7_ws/install/pymoveit2/share/pymoveit2/cmake/pymoveit2Config.cmake
[0.517s] -- Up-to-date symlink: /home/hayashi/xarm7_ws/install/pymoveit2/share/pymoveit2/cmake/pymoveit2Config-version.cmake
[0.517s] -- Up-to-date symlink: /home/hayashi/xarm7_ws/install/pymoveit2/share/pymoveit2/package.xml
[0.538s] Listing '/home/hayashi/xarm7_ws/install/pymoveit2/local/lib/python3.10/dist-packages/pymoveit2'...
[0.539s] Listing '/home/hayashi/xarm7_ws/install/pymoveit2/local/lib/python3.10/dist-packages/pymoveit2/robots'...
[0.543s] Invoked command in '/home/hayashi/xarm7_ws/build/pymoveit2' returned '0': CMAKE_PREFIX_PATH=${CMAKE_PREFIX_PATH}:/home/hayashi/xarm7_ws/install/xarm_motion_planning:/home/hayashi/xarm7_ws/install/uf_ros_lib:/home/hayashi/ws_moveit/install/moveit_configs_utils:/home/hayashi/ws_moveit/install/launch_param_builder:/opt/ros/humble /usr/bin/cmake --install /home/hayashi/xarm7_ws/build/pymoveit2
