[0.036s] Invoking command in '/home/hayashi/xarm7_ws/build/xarm_gazebo': AMENT_PREFIX_PATH=/home/hayashi/xarm7_ws/install/xarm_controller:/home/hayashi/xarm7_ws/install/xarm_api:/home/hayashi/xarm7_ws/install/xarm_sdk:/home/hayashi/xarm7_ws/install/xarm_msgs:/home/hayashi/xarm7_ws/install/xarm_description:/home/hayashi/xarm7_ws/install/uf_ros_lib:${AMENT_PREFIX_PATH} CMAKE_PREFIX_PATH=/home/hayashi/xarm7_ws/install/xarm_controller:/home/hayashi/xarm7_ws/install/xarm_api:/home/hayashi/xarm7_ws/install/xarm_sdk:/home/hayashi/xarm7_ws/install/xarm_msgs:/home/hayashi/xarm7_ws/install/xarm_description:/home/hayashi/ws_moveit/install/pilz_industrial_motion_planner_testutils:/home/hayashi/ws_moveit/install/moveit_runtime:/home/hayashi/ws_moveit/install/moveit2_tutorials:/home/hayashi/ws_moveit/install/moveit:/home/hayashi/ws_moveit/install/moveit_planners:/home/hayashi/ws_moveit/install/pilz_industrial_motion_planner:/home/hayashi/ws_moveit/install/mtc_tutorial:/home/hayashi/ws_moveit/install/hello_moveit:/home/hayashi/ws_moveit/install/moveit_visual_tools:/home/hayashi/ws_moveit/install/moveit_task_constructor_visualization:/home/hayashi/ws_moveit/install/moveit_task_constructor_demo:/home/hayashi/ws_moveit/install/moveit_task_constructor_capabilities:/home/hayashi/ws_moveit/install/moveit_task_constructor_core:/home/hayashi/ws_moveit/install/moveit_ros_control_interface:/home/hayashi/ws_moveit/install/moveit_plugins:/home/hayashi/ws_moveit/install/moveit_simple_controller_manager:/home/hayashi/ws_moveit/install/moveit_setup_assistant:/home/hayashi/ws_moveit/install/moveit_setup_srdf_plugins:/home/hayashi/ws_moveit/install/moveit_setup_core_plugins:/home/hayashi/ws_moveit/install/moveit_setup_controllers:/home/hayashi/ws_moveit/install/moveit_setup_app_plugins:/home/hayashi/ws_moveit/install/moveit_setup_framework:/home/hayashi/ws_moveit/install/moveit_servo:/home/hayashi/ws_moveit/install/moveit_ros:/home/hayashi/ws_moveit/install/moveit_ros_visualization:/home/hayashi/ws_moveit/install/moveit_hybrid_planning:/home/hayashi/ws_moveit/install/moveit_ros_planning_interface:/home/hayashi/ws_moveit/install/moveit_ros_benchmarks:/home/hayashi/ws_moveit/install/moveit_ros_warehouse:/home/hayashi/ws_moveit/install/moveit_ros_robot_interaction:/home/hayashi/ws_moveit/install/moveit_ros_perception:/home/hayashi/ws_moveit/install/moveit_resources_prbt_pg70_support:/home/hayashi/ws_moveit/install/moveit_resources_prbt_moveit_config:/home/hayashi/ws_moveit/install/moveit_ros_move_group:/home/hayashi/ws_moveit/install/moveit_planners_ompl:/home/hayashi/ws_moveit/install/moveit_ros_planning:/home/hayashi/ws_moveit/install/moveit_ros_occupancy_map_monitor:/home/hayashi/ws_moveit/install/moveit_resources_prbt_ikfast_manipulator_plugin:/home/hayashi/ws_moveit/install/moveit_planners_chomp:/home/hayashi/ws_moveit/install/moveit_kinematics:/home/hayashi/ws_moveit/install/moveit_chomp_optimizer_adapter:/home/hayashi/ws_moveit/install/chomp_motion_planner:/home/hayashi/ws_moveit/install/moveit_core:/home/hayashi/ws_moveit/install/srdfdom:/home/hayashi/ws_moveit/install/rviz_marker_tools:/home/hayashi/ws_moveit/install/rosparam_shortcuts:/home/hayashi/ws_moveit/install/moveit_task_constructor_msgs:/home/hayashi/ws_moveit/install/moveit_resources_prbt_support:/home/hayashi/ws_moveit/install/moveit_resources:/home/hayashi/ws_moveit/install/moveit_resources_pr2_description:/home/hayashi/ws_moveit/install/moveit_resources_panda_moveit_config:/home/hayashi/ws_moveit/install/moveit_resources_panda_description:/home/hayashi/ws_moveit/install/moveit_resources_fanuc_moveit_config:/home/hayashi/ws_moveit/install/moveit_resources_fanuc_description:/home/hayashi/ws_moveit/install/moveit_common:/home/hayashi/xarm7_ws/install/xarm_motion_planning:/home/hayashi/ws_moveit/install/moveit_configs_utils:/home/hayashi/ws_moveit/install/launch_param_builder:/opt/ros/humble LD_LIBRARY_PATH=/home/hayashi/xarm7_ws/install/xarm_controller/lib:/home/hayashi/xarm7_ws/install/xarm_api/lib:/home/hayashi/xarm7_ws/install/xarm_sdk/lib:/home/hayashi/xarm7_ws/install/xarm_msgs/lib:${LD_LIBRARY_PATH} PYTHONPATH=/home/hayashi/xarm7_ws/install/xarm_msgs/local/lib/python3.10/dist-packages:/home/hayashi/xarm7_ws/build/uf_ros_lib:/home/hayashi/xarm7_ws/install/uf_ros_lib/lib/python3.10/site-packages:${PYTHONPATH} /usr/bin/cmake /home/hayashi/xarm7_ws/src/xarm_ros2/xarm_gazebo -DAMENT_CMAKE_SYMLINK_INSTALL=1 -DCMAKE_INSTALL_PREFIX=/home/hayashi/xarm7_ws/install/xarm_gazebo
[0.108s] -- The C compiler identification is GNU 11.4.0
[0.174s] -- The CXX compiler identification is GNU 11.4.0
[0.182s] -- Detecting C compiler ABI info
[0.267s] -- Detecting C compiler ABI info - done
[0.276s] -- Check for working C compiler: /usr/bin/cc - skipped
[0.276s] -- Detecting C compile features
[0.277s] -- Detecting C compile features - done
[0.280s] -- Detecting CXX compiler ABI info
[0.369s] -- Detecting CXX compiler ABI info - done
[0.377s] -- Check for working CXX compiler: /usr/bin/c++ - skipped
[0.377s] -- Detecting CXX compile features
[0.378s] -- Detecting CXX compile features - done
[0.385s] -- Found ament_cmake: 1.3.10 (/opt/ros/humble/share/ament_cmake/cmake)
[0.571s] -- Found Python3: /usr/bin/python3 (found version "3.10.12") found components: Interpreter 
[0.640s] -- Override CMake install command with custom implementation using symlinks instead of copying resources
[0.740s] -- Found rclcpp: 16.0.10 (/opt/ros/humble/share/rclcpp/cmake)
[0.843s] -- Found rosidl_generator_c: 3.1.5 (/opt/ros/humble/share/rosidl_generator_c/cmake)
[0.858s] -- Found rosidl_adapter: 3.1.5 (/opt/ros/humble/share/rosidl_adapter/cmake)
[0.877s] -- Found rosidl_generator_cpp: 3.1.5 (/opt/ros/humble/share/rosidl_generator_cpp/cmake)
[0.904s] -- Using all available rosidl_typesupport_c: rosidl_typesupport_fastrtps_c;rosidl_typesupport_introspection_c
[0.941s] -- Using all available rosidl_typesupport_cpp: rosidl_typesupport_fastrtps_cpp;rosidl_typesupport_introspection_cpp
[1.047s] -- Found rmw_implementation_cmake: 6.1.2 (/opt/ros/humble/share/rmw_implementation_cmake/cmake)
[1.058s] -- Found rmw_fastrtps_cpp: 6.2.7 (/opt/ros/humble/share/rmw_fastrtps_cpp/cmake)
[1.209s] -- Found OpenSSL: /usr/lib/x86_64-linux-gnu/libcrypto.so (found version "3.0.2")  
[1.246s] -- Found FastRTPS: /opt/ros/humble/include  
[1.303s] -- Using RMW implementation 'rmw_fastrtps_cpp' as default
[1.327s] -- Looking for pthread.h
[1.415s] -- Looking for pthread.h - found
[1.415s] -- Performing Test CMAKE_HAVE_LIBC_PTHREAD
[1.508s] -- Performing Test CMAKE_HAVE_LIBC_PTHREAD - Success
[1.509s] -- Found Threads: TRUE  
[1.592s] -- Found control_toolbox: 3.3.0 (/opt/ros/humble/share/control_toolbox/cmake)
[1.787s] -- Found parameter_traits: 0.3.9 (/opt/ros/humble/share/parameter_traits/cmake)
[1.830s] -- Found rclcpp_lifecycle: 16.0.10 (/opt/ros/humble/share/rclcpp_lifecycle/cmake)
[1.924s] -- Found controller_manager: 2.43.1 (/opt/ros/humble/share/controller_manager/cmake)
[1.990s] -- Found gazebo_ros: 3.7.0 (/opt/ros/humble/share/gazebo_ros/cmake)
[2.012s] -- Found PkgConfig: /usr/bin/pkg-config (found version "0.29.2") 
[2.013s] -- Checking for module 'bullet>=2.82'
[2.034s] --   Found bullet, version 3.05
[2.203s] -- Found fcl: /usr/include (found suitable version "0.7.0", minimum required is "0.5.0") 
[2.287s] -- Found assimp: /usr/include (found version "5.2.0") 
[2.330s] -- Found DART: /usr/include (Required is at least version "6.6") found components: dart 
[2.392s] -- Found Boost: /usr/lib/x86_64-linux-gnu/cmake/Boost-1.74.0/BoostConfig.cmake (found suitable version "1.74.0", minimum required is "1.40.0") found components: thread system filesystem program_options regex iostreams date_time 
[2.412s] -- Found Protobuf: /usr/lib/x86_64-linux-gnu/libprotobuf.so (found version "3.12.4") 
[2.427s] -- Looking for ignition-math6 -- found version 6.15.1
[2.438s] -- Searching for dependencies of ignition-math6
[2.439s] -- Looking for OGRE...
[2.440s] -- OGRE_PREFIX_WATCH changed.
[2.446s] -- Checking for module 'OGRE'
[2.466s] --   Found OGRE, version 1.9.0
[2.519s] -- Found Ogre Ghadamon (1.9.0)
[2.532s] -- Found OGRE: optimized;/usr/lib/x86_64-linux-gnu/libOgreMain.so;debug;/usr/lib/x86_64-linux-gnu/libOgreMain.so
[2.543s] -- Looking for OGRE_Paging...
[2.553s] -- Found OGRE_Paging: optimized;/usr/lib/x86_64-linux-gnu/libOgrePaging.so;debug;/usr/lib/x86_64-linux-gnu/libOgrePaging.so
[2.553s] -- Looking for OGRE_Terrain...
[2.564s] -- Found OGRE_Terrain: optimized;/usr/lib/x86_64-linux-gnu/libOgreTerrain.so;debug;/usr/lib/x86_64-linux-gnu/libOgreTerrain.so
[2.564s] -- Looking for OGRE_Property...
[2.574s] -- Found OGRE_Property: optimized;/usr/lib/x86_64-linux-gnu/libOgreProperty.so;debug;/usr/lib/x86_64-linux-gnu/libOgreProperty.so
[2.574s] -- Looking for OGRE_RTShaderSystem...
[2.585s] -- Found OGRE_RTShaderSystem: optimized;/usr/lib/x86_64-linux-gnu/libOgreRTShaderSystem.so;debug;/usr/lib/x86_64-linux-gnu/libOgreRTShaderSystem.so
[2.585s] -- Looking for OGRE_Volume...
[2.596s] -- Found OGRE_Volume: optimized;/usr/lib/x86_64-linux-gnu/libOgreVolume.so;debug;/usr/lib/x86_64-linux-gnu/libOgreVolume.so
[2.596s] -- Looking for OGRE_Overlay...
[2.606s] -- Found OGRE_Overlay: optimized;/usr/lib/x86_64-linux-gnu/libOgreOverlay.so;debug;/usr/lib/x86_64-linux-gnu/libOgreOverlay.so
[2.861s] -- Looking for ignition-math6 -- found version 6.15.1
[2.869s] -- Looking for ignition-transport8 -- found version 8.2.1
[2.870s] -- Searching for dependencies of ignition-transport8
[2.895s] -- Found Protobuf: /usr/lib/x86_64-linux-gnu/libprotobuf.so (found suitable version "3.12.4", minimum required is "3") 
[2.912s] -- Config-file not installed for ZeroMQ -- checking for pkg-config
[2.918s] -- Checking for module 'libzmq >= 4'
[2.939s] --   Found libzmq , version 4.3.4
[2.998s] -- Found ZeroMQ: TRUE (Required is at least version "4") 
[3.007s] -- Checking for module 'uuid'
[3.031s] --   Found uuid, version 2.37.2
[3.086s] -- Found UUID: TRUE  
[3.094s] -- Looking for ignition-msgs5 -- found version 5.8.1
[3.094s] -- Searching for dependencies of ignition-msgs5
[3.119s] -- Looking for ignition-math6 -- found version 6.15.1
[3.125s] -- Checking for module 'tinyxml2'
[3.146s] --   Found tinyxml2, version 9.0.0
[3.200s] -- Looking for ignition-msgs5 -- found version 5.8.1
[3.208s] -- Looking for ignition-common3 -- found version 3.14.0
[3.208s] -- Searching for dependencies of ignition-common3
[3.209s] -- Looking for dlfcn.h - found
[3.210s] -- Looking for libdl - found
[3.212s] -- Found DL: TRUE  
[3.229s] -- Found tinyobjloader: /usr/lib/x86_64-linux-gnu/cmake/tinyobjloader/tinyobjloader-config.cmake (found version "2.0.0") 
[3.230s] -- Searching for <ignition-common3> component [graphics]
[3.237s] -- Looking for ignition-common3-graphics -- found version 3.14.0
[3.238s] -- Searching for dependencies of ignition-common3-graphics
[3.238s] -- Looking for ignition-math6 -- found version 6.15.1
[3.247s] -- Looking for ignition-fuel_tools4 -- found version 4.4.0
[3.247s] -- Searching for dependencies of ignition-fuel_tools4
[3.373s] -- Found CURL: /usr/lib/x86_64-linux-gnu/libcurl.so (found version "7.81.0")  
[3.387s] -- Checking for module 'jsoncpp'
[3.408s] --   Found jsoncpp, version 1.9.5
[3.467s] -- Found JSONCPP: TRUE  
[3.476s] -- Checking for module 'libzip'
[3.501s] --   Found libzip, version 1.7.3
[3.560s] -- Found ZIP: TRUE  
[3.560s] -- Looking for ignition-common3 -- found version 3.14.0
[3.561s] -- Looking for ignition-math6 -- found version 6.15.1
[3.562s] -- Looking for ignition-msgs5 -- found version 5.8.1
[3.571s] -- Gazebo version: 11.10
[3.572s] -- Checking for module 'tbb'
[3.593s] --   Found tbb, version 2021.5.0
[3.660s] -- Found ament_lint_auto: 0.12.11 (/opt/ros/humble/share/ament_lint_auto/cmake)
[3.869s] -- Added test 'copyright' to check source files copyright and LICENSE
[3.871s] -- Added test 'cppcheck' to perform static code analysis on C / C++ code
[3.872s] -- Configured cppcheck include dirs: /home/hayashi/xarm7_ws/src/xarm_ros2/xarm_gazebo/include
[3.872s] -- Configured cppcheck exclude dirs and/or files: 
[3.873s] -- Added test 'cpplint' to check C / C++ code against the Google style
[3.873s] -- Configured cpplint exclude dirs and/or files: 
[3.875s] -- Added test 'flake8' to check Python code syntax and style conventions
[3.876s] -- Added test 'lint_cmake' to check CMake code style
[3.877s] -- Added test 'pep257' to check Python code against some of the docstring style conventions in PEP 257
[3.879s] -- Added test 'uncrustify' to check C / C++ code style
[3.879s] -- Configured uncrustify additional arguments: 
[3.880s] -- Added test 'xmllint' to check XML markup files
[3.883s] -- Configuring done
[3.921s] -- Generating done
[3.924s] -- Build files have been written to: /home/hayashi/xarm7_ws/build/xarm_gazebo
[3.940s] Invoked command in '/home/hayashi/xarm7_ws/build/xarm_gazebo' returned '0': AMENT_PREFIX_PATH=/home/hayashi/xarm7_ws/install/xarm_controller:/home/hayashi/xarm7_ws/install/xarm_api:/home/hayashi/xarm7_ws/install/xarm_sdk:/home/hayashi/xarm7_ws/install/xarm_msgs:/home/hayashi/xarm7_ws/install/xarm_description:/home/hayashi/xarm7_ws/install/uf_ros_lib:${AMENT_PREFIX_PATH} CMAKE_PREFIX_PATH=/home/hayashi/xarm7_ws/install/xarm_controller:/home/hayashi/xarm7_ws/install/xarm_api:/home/hayashi/xarm7_ws/install/xarm_sdk:/home/hayashi/xarm7_ws/install/xarm_msgs:/home/hayashi/xarm7_ws/install/xarm_description:/home/hayashi/ws_moveit/install/pilz_industrial_motion_planner_testutils:/home/hayashi/ws_moveit/install/moveit_runtime:/home/hayashi/ws_moveit/install/moveit2_tutorials:/home/hayashi/ws_moveit/install/moveit:/home/hayashi/ws_moveit/install/moveit_planners:/home/hayashi/ws_moveit/install/pilz_industrial_motion_planner:/home/hayashi/ws_moveit/install/mtc_tutorial:/home/hayashi/ws_moveit/install/hello_moveit:/home/hayashi/ws_moveit/install/moveit_visual_tools:/home/hayashi/ws_moveit/install/moveit_task_constructor_visualization:/home/hayashi/ws_moveit/install/moveit_task_constructor_demo:/home/hayashi/ws_moveit/install/moveit_task_constructor_capabilities:/home/hayashi/ws_moveit/install/moveit_task_constructor_core:/home/hayashi/ws_moveit/install/moveit_ros_control_interface:/home/hayashi/ws_moveit/install/moveit_plugins:/home/hayashi/ws_moveit/install/moveit_simple_controller_manager:/home/hayashi/ws_moveit/install/moveit_setup_assistant:/home/hayashi/ws_moveit/install/moveit_setup_srdf_plugins:/home/hayashi/ws_moveit/install/moveit_setup_core_plugins:/home/hayashi/ws_moveit/install/moveit_setup_controllers:/home/hayashi/ws_moveit/install/moveit_setup_app_plugins:/home/hayashi/ws_moveit/install/moveit_setup_framework:/home/hayashi/ws_moveit/install/moveit_servo:/home/hayashi/ws_moveit/install/moveit_ros:/home/hayashi/ws_moveit/install/moveit_ros_visualization:/home/hayashi/ws_moveit/install/moveit_hybrid_planning:/home/hayashi/ws_moveit/install/moveit_ros_planning_interface:/home/hayashi/ws_moveit/install/moveit_ros_benchmarks:/home/hayashi/ws_moveit/install/moveit_ros_warehouse:/home/hayashi/ws_moveit/install/moveit_ros_robot_interaction:/home/hayashi/ws_moveit/install/moveit_ros_perception:/home/hayashi/ws_moveit/install/moveit_resources_prbt_pg70_support:/home/hayashi/ws_moveit/install/moveit_resources_prbt_moveit_config:/home/hayashi/ws_moveit/install/moveit_ros_move_group:/home/hayashi/ws_moveit/install/moveit_planners_ompl:/home/hayashi/ws_moveit/install/moveit_ros_planning:/home/hayashi/ws_moveit/install/moveit_ros_occupancy_map_monitor:/home/hayashi/ws_moveit/install/moveit_resources_prbt_ikfast_manipulator_plugin:/home/hayashi/ws_moveit/install/moveit_planners_chomp:/home/hayashi/ws_moveit/install/moveit_kinematics:/home/hayashi/ws_moveit/install/moveit_chomp_optimizer_adapter:/home/hayashi/ws_moveit/install/chomp_motion_planner:/home/hayashi/ws_moveit/install/moveit_core:/home/hayashi/ws_moveit/install/srdfdom:/home/hayashi/ws_moveit/install/rviz_marker_tools:/home/hayashi/ws_moveit/install/rosparam_shortcuts:/home/hayashi/ws_moveit/install/moveit_task_constructor_msgs:/home/hayashi/ws_moveit/install/moveit_resources_prbt_support:/home/hayashi/ws_moveit/install/moveit_resources:/home/hayashi/ws_moveit/install/moveit_resources_pr2_description:/home/hayashi/ws_moveit/install/moveit_resources_panda_moveit_config:/home/hayashi/ws_moveit/install/moveit_resources_panda_description:/home/hayashi/ws_moveit/install/moveit_resources_fanuc_moveit_config:/home/hayashi/ws_moveit/install/moveit_resources_fanuc_description:/home/hayashi/ws_moveit/install/moveit_common:/home/hayashi/xarm7_ws/install/xarm_motion_planning:/home/hayashi/ws_moveit/install/moveit_configs_utils:/home/hayashi/ws_moveit/install/launch_param_builder:/opt/ros/humble LD_LIBRARY_PATH=/home/hayashi/xarm7_ws/install/xarm_controller/lib:/home/hayashi/xarm7_ws/install/xarm_api/lib:/home/hayashi/xarm7_ws/install/xarm_sdk/lib:/home/hayashi/xarm7_ws/install/xarm_msgs/lib:${LD_LIBRARY_PATH} PYTHONPATH=/home/hayashi/xarm7_ws/install/xarm_msgs/local/lib/python3.10/dist-packages:/home/hayashi/xarm7_ws/build/uf_ros_lib:/home/hayashi/xarm7_ws/install/uf_ros_lib/lib/python3.10/site-packages:${PYTHONPATH} /usr/bin/cmake /home/hayashi/xarm7_ws/src/xarm_ros2/xarm_gazebo -DAMENT_CMAKE_SYMLINK_INSTALL=1 -DCMAKE_INSTALL_PREFIX=/home/hayashi/xarm7_ws/install/xarm_gazebo
[3.941s] Invoking command in '/home/hayashi/xarm7_ws/build/xarm_gazebo': AMENT_PREFIX_PATH=/home/hayashi/xarm7_ws/install/xarm_controller:/home/hayashi/xarm7_ws/install/xarm_api:/home/hayashi/xarm7_ws/install/xarm_sdk:/home/hayashi/xarm7_ws/install/xarm_msgs:/home/hayashi/xarm7_ws/install/xarm_description:/home/hayashi/xarm7_ws/install/uf_ros_lib:${AMENT_PREFIX_PATH} CMAKE_PREFIX_PATH=/home/hayashi/xarm7_ws/install/xarm_controller:/home/hayashi/xarm7_ws/install/xarm_api:/home/hayashi/xarm7_ws/install/xarm_sdk:/home/hayashi/xarm7_ws/install/xarm_msgs:/home/hayashi/xarm7_ws/install/xarm_description:/home/hayashi/ws_moveit/install/pilz_industrial_motion_planner_testutils:/home/hayashi/ws_moveit/install/moveit_runtime:/home/hayashi/ws_moveit/install/moveit2_tutorials:/home/hayashi/ws_moveit/install/moveit:/home/hayashi/ws_moveit/install/moveit_planners:/home/hayashi/ws_moveit/install/pilz_industrial_motion_planner:/home/hayashi/ws_moveit/install/mtc_tutorial:/home/hayashi/ws_moveit/install/hello_moveit:/home/hayashi/ws_moveit/install/moveit_visual_tools:/home/hayashi/ws_moveit/install/moveit_task_constructor_visualization:/home/hayashi/ws_moveit/install/moveit_task_constructor_demo:/home/hayashi/ws_moveit/install/moveit_task_constructor_capabilities:/home/hayashi/ws_moveit/install/moveit_task_constructor_core:/home/hayashi/ws_moveit/install/moveit_ros_control_interface:/home/hayashi/ws_moveit/install/moveit_plugins:/home/hayashi/ws_moveit/install/moveit_simple_controller_manager:/home/hayashi/ws_moveit/install/moveit_setup_assistant:/home/hayashi/ws_moveit/install/moveit_setup_srdf_plugins:/home/hayashi/ws_moveit/install/moveit_setup_core_plugins:/home/hayashi/ws_moveit/install/moveit_setup_controllers:/home/hayashi/ws_moveit/install/moveit_setup_app_plugins:/home/hayashi/ws_moveit/install/moveit_setup_framework:/home/hayashi/ws_moveit/install/moveit_servo:/home/hayashi/ws_moveit/install/moveit_ros:/home/hayashi/ws_moveit/install/moveit_ros_visualization:/home/hayashi/ws_moveit/install/moveit_hybrid_planning:/home/hayashi/ws_moveit/install/moveit_ros_planning_interface:/home/hayashi/ws_moveit/install/moveit_ros_benchmarks:/home/hayashi/ws_moveit/install/moveit_ros_warehouse:/home/hayashi/ws_moveit/install/moveit_ros_robot_interaction:/home/hayashi/ws_moveit/install/moveit_ros_perception:/home/hayashi/ws_moveit/install/moveit_resources_prbt_pg70_support:/home/hayashi/ws_moveit/install/moveit_resources_prbt_moveit_config:/home/hayashi/ws_moveit/install/moveit_ros_move_group:/home/hayashi/ws_moveit/install/moveit_planners_ompl:/home/hayashi/ws_moveit/install/moveit_ros_planning:/home/hayashi/ws_moveit/install/moveit_ros_occupancy_map_monitor:/home/hayashi/ws_moveit/install/moveit_resources_prbt_ikfast_manipulator_plugin:/home/hayashi/ws_moveit/install/moveit_planners_chomp:/home/hayashi/ws_moveit/install/moveit_kinematics:/home/hayashi/ws_moveit/install/moveit_chomp_optimizer_adapter:/home/hayashi/ws_moveit/install/chomp_motion_planner:/home/hayashi/ws_moveit/install/moveit_core:/home/hayashi/ws_moveit/install/srdfdom:/home/hayashi/ws_moveit/install/rviz_marker_tools:/home/hayashi/ws_moveit/install/rosparam_shortcuts:/home/hayashi/ws_moveit/install/moveit_task_constructor_msgs:/home/hayashi/ws_moveit/install/moveit_resources_prbt_support:/home/hayashi/ws_moveit/install/moveit_resources:/home/hayashi/ws_moveit/install/moveit_resources_pr2_description:/home/hayashi/ws_moveit/install/moveit_resources_panda_moveit_config:/home/hayashi/ws_moveit/install/moveit_resources_panda_description:/home/hayashi/ws_moveit/install/moveit_resources_fanuc_moveit_config:/home/hayashi/ws_moveit/install/moveit_resources_fanuc_description:/home/hayashi/ws_moveit/install/moveit_common:/home/hayashi/xarm7_ws/install/xarm_motion_planning:/home/hayashi/ws_moveit/install/moveit_configs_utils:/home/hayashi/ws_moveit/install/launch_param_builder:/opt/ros/humble LD_LIBRARY_PATH=/home/hayashi/xarm7_ws/install/xarm_controller/lib:/home/hayashi/xarm7_ws/install/xarm_api/lib:/home/hayashi/xarm7_ws/install/xarm_sdk/lib:/home/hayashi/xarm7_ws/install/xarm_msgs/lib:${LD_LIBRARY_PATH} PYTHONPATH=/home/hayashi/xarm7_ws/install/xarm_msgs/local/lib/python3.10/dist-packages:/home/hayashi/xarm7_ws/build/uf_ros_lib:/home/hayashi/xarm7_ws/install/uf_ros_lib/lib/python3.10/site-packages:${PYTHONPATH} /usr/bin/cmake --build /home/hayashi/xarm7_ws/build/xarm_gazebo -- -j16 -l16
[4.012s] [ 50%] [32mBuilding CXX object CMakeFiles/gazebo_mimic_joint_plugin.dir/src/mimic_joint_plugin.cpp.o[0m
[16.729s] [100%] [32m[1mLinking CXX shared library libgazebo_mimic_joint_plugin.so[0m
[17.369s] [100%] Built target gazebo_mimic_joint_plugin
[17.383s] Invoked command in '/home/hayashi/xarm7_ws/build/xarm_gazebo' returned '0': AMENT_PREFIX_PATH=/home/hayashi/xarm7_ws/install/xarm_controller:/home/hayashi/xarm7_ws/install/xarm_api:/home/hayashi/xarm7_ws/install/xarm_sdk:/home/hayashi/xarm7_ws/install/xarm_msgs:/home/hayashi/xarm7_ws/install/xarm_description:/home/hayashi/xarm7_ws/install/uf_ros_lib:${AMENT_PREFIX_PATH} CMAKE_PREFIX_PATH=/home/hayashi/xarm7_ws/install/xarm_controller:/home/hayashi/xarm7_ws/install/xarm_api:/home/hayashi/xarm7_ws/install/xarm_sdk:/home/hayashi/xarm7_ws/install/xarm_msgs:/home/hayashi/xarm7_ws/install/xarm_description:/home/hayashi/ws_moveit/install/pilz_industrial_motion_planner_testutils:/home/hayashi/ws_moveit/install/moveit_runtime:/home/hayashi/ws_moveit/install/moveit2_tutorials:/home/hayashi/ws_moveit/install/moveit:/home/hayashi/ws_moveit/install/moveit_planners:/home/hayashi/ws_moveit/install/pilz_industrial_motion_planner:/home/hayashi/ws_moveit/install/mtc_tutorial:/home/hayashi/ws_moveit/install/hello_moveit:/home/hayashi/ws_moveit/install/moveit_visual_tools:/home/hayashi/ws_moveit/install/moveit_task_constructor_visualization:/home/hayashi/ws_moveit/install/moveit_task_constructor_demo:/home/hayashi/ws_moveit/install/moveit_task_constructor_capabilities:/home/hayashi/ws_moveit/install/moveit_task_constructor_core:/home/hayashi/ws_moveit/install/moveit_ros_control_interface:/home/hayashi/ws_moveit/install/moveit_plugins:/home/hayashi/ws_moveit/install/moveit_simple_controller_manager:/home/hayashi/ws_moveit/install/moveit_setup_assistant:/home/hayashi/ws_moveit/install/moveit_setup_srdf_plugins:/home/hayashi/ws_moveit/install/moveit_setup_core_plugins:/home/hayashi/ws_moveit/install/moveit_setup_controllers:/home/hayashi/ws_moveit/install/moveit_setup_app_plugins:/home/hayashi/ws_moveit/install/moveit_setup_framework:/home/hayashi/ws_moveit/install/moveit_servo:/home/hayashi/ws_moveit/install/moveit_ros:/home/hayashi/ws_moveit/install/moveit_ros_visualization:/home/hayashi/ws_moveit/install/moveit_hybrid_planning:/home/hayashi/ws_moveit/install/moveit_ros_planning_interface:/home/hayashi/ws_moveit/install/moveit_ros_benchmarks:/home/hayashi/ws_moveit/install/moveit_ros_warehouse:/home/hayashi/ws_moveit/install/moveit_ros_robot_interaction:/home/hayashi/ws_moveit/install/moveit_ros_perception:/home/hayashi/ws_moveit/install/moveit_resources_prbt_pg70_support:/home/hayashi/ws_moveit/install/moveit_resources_prbt_moveit_config:/home/hayashi/ws_moveit/install/moveit_ros_move_group:/home/hayashi/ws_moveit/install/moveit_planners_ompl:/home/hayashi/ws_moveit/install/moveit_ros_planning:/home/hayashi/ws_moveit/install/moveit_ros_occupancy_map_monitor:/home/hayashi/ws_moveit/install/moveit_resources_prbt_ikfast_manipulator_plugin:/home/hayashi/ws_moveit/install/moveit_planners_chomp:/home/hayashi/ws_moveit/install/moveit_kinematics:/home/hayashi/ws_moveit/install/moveit_chomp_optimizer_adapter:/home/hayashi/ws_moveit/install/chomp_motion_planner:/home/hayashi/ws_moveit/install/moveit_core:/home/hayashi/ws_moveit/install/srdfdom:/home/hayashi/ws_moveit/install/rviz_marker_tools:/home/hayashi/ws_moveit/install/rosparam_shortcuts:/home/hayashi/ws_moveit/install/moveit_task_constructor_msgs:/home/hayashi/ws_moveit/install/moveit_resources_prbt_support:/home/hayashi/ws_moveit/install/moveit_resources:/home/hayashi/ws_moveit/install/moveit_resources_pr2_description:/home/hayashi/ws_moveit/install/moveit_resources_panda_moveit_config:/home/hayashi/ws_moveit/install/moveit_resources_panda_description:/home/hayashi/ws_moveit/install/moveit_resources_fanuc_moveit_config:/home/hayashi/ws_moveit/install/moveit_resources_fanuc_description:/home/hayashi/ws_moveit/install/moveit_common:/home/hayashi/xarm7_ws/install/xarm_motion_planning:/home/hayashi/ws_moveit/install/moveit_configs_utils:/home/hayashi/ws_moveit/install/launch_param_builder:/opt/ros/humble LD_LIBRARY_PATH=/home/hayashi/xarm7_ws/install/xarm_controller/lib:/home/hayashi/xarm7_ws/install/xarm_api/lib:/home/hayashi/xarm7_ws/install/xarm_sdk/lib:/home/hayashi/xarm7_ws/install/xarm_msgs/lib:${LD_LIBRARY_PATH} PYTHONPATH=/home/hayashi/xarm7_ws/install/xarm_msgs/local/lib/python3.10/dist-packages:/home/hayashi/xarm7_ws/build/uf_ros_lib:/home/hayashi/xarm7_ws/install/uf_ros_lib/lib/python3.10/site-packages:${PYTHONPATH} /usr/bin/cmake --build /home/hayashi/xarm7_ws/build/xarm_gazebo -- -j16 -l16
[17.433s] Invoking command in '/home/hayashi/xarm7_ws/build/xarm_gazebo': AMENT_PREFIX_PATH=/home/hayashi/xarm7_ws/install/xarm_controller:/home/hayashi/xarm7_ws/install/xarm_api:/home/hayashi/xarm7_ws/install/xarm_sdk:/home/hayashi/xarm7_ws/install/xarm_msgs:/home/hayashi/xarm7_ws/install/xarm_description:/home/hayashi/xarm7_ws/install/uf_ros_lib:${AMENT_PREFIX_PATH} CMAKE_PREFIX_PATH=/home/hayashi/xarm7_ws/install/xarm_controller:/home/hayashi/xarm7_ws/install/xarm_api:/home/hayashi/xarm7_ws/install/xarm_sdk:/home/hayashi/xarm7_ws/install/xarm_msgs:/home/hayashi/xarm7_ws/install/xarm_description:/home/hayashi/ws_moveit/install/pilz_industrial_motion_planner_testutils:/home/hayashi/ws_moveit/install/moveit_runtime:/home/hayashi/ws_moveit/install/moveit2_tutorials:/home/hayashi/ws_moveit/install/moveit:/home/hayashi/ws_moveit/install/moveit_planners:/home/hayashi/ws_moveit/install/pilz_industrial_motion_planner:/home/hayashi/ws_moveit/install/mtc_tutorial:/home/hayashi/ws_moveit/install/hello_moveit:/home/hayashi/ws_moveit/install/moveit_visual_tools:/home/hayashi/ws_moveit/install/moveit_task_constructor_visualization:/home/hayashi/ws_moveit/install/moveit_task_constructor_demo:/home/hayashi/ws_moveit/install/moveit_task_constructor_capabilities:/home/hayashi/ws_moveit/install/moveit_task_constructor_core:/home/hayashi/ws_moveit/install/moveit_ros_control_interface:/home/hayashi/ws_moveit/install/moveit_plugins:/home/hayashi/ws_moveit/install/moveit_simple_controller_manager:/home/hayashi/ws_moveit/install/moveit_setup_assistant:/home/hayashi/ws_moveit/install/moveit_setup_srdf_plugins:/home/hayashi/ws_moveit/install/moveit_setup_core_plugins:/home/hayashi/ws_moveit/install/moveit_setup_controllers:/home/hayashi/ws_moveit/install/moveit_setup_app_plugins:/home/hayashi/ws_moveit/install/moveit_setup_framework:/home/hayashi/ws_moveit/install/moveit_servo:/home/hayashi/ws_moveit/install/moveit_ros:/home/hayashi/ws_moveit/install/moveit_ros_visualization:/home/hayashi/ws_moveit/install/moveit_hybrid_planning:/home/hayashi/ws_moveit/install/moveit_ros_planning_interface:/home/hayashi/ws_moveit/install/moveit_ros_benchmarks:/home/hayashi/ws_moveit/install/moveit_ros_warehouse:/home/hayashi/ws_moveit/install/moveit_ros_robot_interaction:/home/hayashi/ws_moveit/install/moveit_ros_perception:/home/hayashi/ws_moveit/install/moveit_resources_prbt_pg70_support:/home/hayashi/ws_moveit/install/moveit_resources_prbt_moveit_config:/home/hayashi/ws_moveit/install/moveit_ros_move_group:/home/hayashi/ws_moveit/install/moveit_planners_ompl:/home/hayashi/ws_moveit/install/moveit_ros_planning:/home/hayashi/ws_moveit/install/moveit_ros_occupancy_map_monitor:/home/hayashi/ws_moveit/install/moveit_resources_prbt_ikfast_manipulator_plugin:/home/hayashi/ws_moveit/install/moveit_planners_chomp:/home/hayashi/ws_moveit/install/moveit_kinematics:/home/hayashi/ws_moveit/install/moveit_chomp_optimizer_adapter:/home/hayashi/ws_moveit/install/chomp_motion_planner:/home/hayashi/ws_moveit/install/moveit_core:/home/hayashi/ws_moveit/install/srdfdom:/home/hayashi/ws_moveit/install/rviz_marker_tools:/home/hayashi/ws_moveit/install/rosparam_shortcuts:/home/hayashi/ws_moveit/install/moveit_task_constructor_msgs:/home/hayashi/ws_moveit/install/moveit_resources_prbt_support:/home/hayashi/ws_moveit/install/moveit_resources:/home/hayashi/ws_moveit/install/moveit_resources_pr2_description:/home/hayashi/ws_moveit/install/moveit_resources_panda_moveit_config:/home/hayashi/ws_moveit/install/moveit_resources_panda_description:/home/hayashi/ws_moveit/install/moveit_resources_fanuc_moveit_config:/home/hayashi/ws_moveit/install/moveit_resources_fanuc_description:/home/hayashi/ws_moveit/install/moveit_common:/home/hayashi/xarm7_ws/install/xarm_motion_planning:/home/hayashi/ws_moveit/install/moveit_configs_utils:/home/hayashi/ws_moveit/install/launch_param_builder:/opt/ros/humble LD_LIBRARY_PATH=/home/hayashi/xarm7_ws/install/xarm_controller/lib:/home/hayashi/xarm7_ws/install/xarm_api/lib:/home/hayashi/xarm7_ws/install/xarm_sdk/lib:/home/hayashi/xarm7_ws/install/xarm_msgs/lib:${LD_LIBRARY_PATH} PYTHONPATH=/home/hayashi/xarm7_ws/install/xarm_msgs/local/lib/python3.10/dist-packages:/home/hayashi/xarm7_ws/build/uf_ros_lib:/home/hayashi/xarm7_ws/install/uf_ros_lib/lib/python3.10/site-packages:${PYTHONPATH} /usr/bin/cmake --install /home/hayashi/xarm7_ws/build/xarm_gazebo
[17.445s] -- Install configuration: ""
[17.446s] -- Execute custom install script
[17.446s] -- Symlinking: /home/hayashi/xarm7_ws/install/xarm_gazebo/include/xarm_gazebo/mimic_joint_plugin.h
[17.459s] -- Symlinking: /home/hayashi/xarm7_ws/install/xarm_gazebo/lib/libgazebo_mimic_joint_plugin.so
[17.471s] -- Symlinking: /home/hayashi/xarm7_ws/install/xarm_gazebo/share/xarm_gazebo//worlds/table.world
[17.483s] -- Symlinking: /home/hayashi/xarm7_ws/install/xarm_gazebo/share/xarm_gazebo//launch/_dual_robot_beside_table_gazebo.launch.py
[17.494s] -- Symlinking: /home/hayashi/xarm7_ws/install/xarm_gazebo/share/xarm_gazebo//launch/_robot_beside_table_gazebo.launch.py
[17.504s] -- Symlinking: /home/hayashi/xarm7_ws/install/xarm_gazebo/share/xarm_gazebo//launch/lite6_beside_table_gazebo.launch.py
[17.514s] -- Symlinking: /home/hayashi/xarm7_ws/install/xarm_gazebo/share/xarm_gazebo//launch/uf850_beside_table_gazebo.launch.py
[17.524s] -- Symlinking: /home/hayashi/xarm7_ws/install/xarm_gazebo/share/xarm_gazebo//launch/xarm5_beside_table_gazebo.launch.py
[17.534s] -- Symlinking: /home/hayashi/xarm7_ws/install/xarm_gazebo/share/xarm_gazebo//launch/xarm6_beside_table_gazebo.launch.py
[17.545s] -- Symlinking: /home/hayashi/xarm7_ws/install/xarm_gazebo/share/xarm_gazebo//launch/xarm7_beside_table_gazebo.launch.py
[17.555s] -- Symlinking: /home/hayashi/xarm7_ws/install/xarm_gazebo/share/xarm_gazebo//launch/xarm7_mirror_beside_table_gazebo.launch.py
[17.565s] -- Symlinking: /home/hayashi/xarm7_ws/install/xarm_gazebo/share/ament_index/resource_index/package_run_dependencies/xarm_gazebo
[17.575s] -- Symlinking: /home/hayashi/xarm7_ws/install/xarm_gazebo/share/ament_index/resource_index/parent_prefix_path/xarm_gazebo
[17.586s] -- Symlinking: /home/hayashi/xarm7_ws/install/xarm_gazebo/share/xarm_gazebo/environment/ament_prefix_path.sh
[17.596s] -- Symlinking: /home/hayashi/xarm7_ws/install/xarm_gazebo/share/xarm_gazebo/environment/ament_prefix_path.dsv
[17.606s] -- Symlinking: /home/hayashi/xarm7_ws/install/xarm_gazebo/share/xarm_gazebo/environment/path.sh
[17.616s] -- Symlinking: /home/hayashi/xarm7_ws/install/xarm_gazebo/share/xarm_gazebo/environment/path.dsv
[17.626s] -- Symlinking: /home/hayashi/xarm7_ws/install/xarm_gazebo/share/xarm_gazebo/local_setup.bash
[17.637s] -- Symlinking: /home/hayashi/xarm7_ws/install/xarm_gazebo/share/xarm_gazebo/local_setup.sh
[17.647s] -- Symlinking: /home/hayashi/xarm7_ws/install/xarm_gazebo/share/xarm_gazebo/local_setup.zsh
[17.657s] -- Symlinking: /home/hayashi/xarm7_ws/install/xarm_gazebo/share/xarm_gazebo/local_setup.dsv
[17.668s] -- Symlinking: /home/hayashi/xarm7_ws/install/xarm_gazebo/share/xarm_gazebo/package.dsv
[17.678s] -- Symlinking: /home/hayashi/xarm7_ws/install/xarm_gazebo/share/ament_index/resource_index/packages/xarm_gazebo
[17.689s] -- Symlinking: /home/hayashi/xarm7_ws/install/xarm_gazebo/share/xarm_gazebo/cmake/xarm_gazeboConfig.cmake
[17.699s] -- Symlinking: /home/hayashi/xarm7_ws/install/xarm_gazebo/share/xarm_gazebo/cmake/xarm_gazeboConfig-version.cmake
[17.709s] -- Symlinking: /home/hayashi/xarm7_ws/install/xarm_gazebo/share/xarm_gazebo/package.xml
[17.721s] Invoked command in '/home/hayashi/xarm7_ws/build/xarm_gazebo' returned '0': AMENT_PREFIX_PATH=/home/hayashi/xarm7_ws/install/xarm_controller:/home/hayashi/xarm7_ws/install/xarm_api:/home/hayashi/xarm7_ws/install/xarm_sdk:/home/hayashi/xarm7_ws/install/xarm_msgs:/home/hayashi/xarm7_ws/install/xarm_description:/home/hayashi/xarm7_ws/install/uf_ros_lib:${AMENT_PREFIX_PATH} CMAKE_PREFIX_PATH=/home/hayashi/xarm7_ws/install/xarm_controller:/home/hayashi/xarm7_ws/install/xarm_api:/home/hayashi/xarm7_ws/install/xarm_sdk:/home/hayashi/xarm7_ws/install/xarm_msgs:/home/hayashi/xarm7_ws/install/xarm_description:/home/hayashi/ws_moveit/install/pilz_industrial_motion_planner_testutils:/home/hayashi/ws_moveit/install/moveit_runtime:/home/hayashi/ws_moveit/install/moveit2_tutorials:/home/hayashi/ws_moveit/install/moveit:/home/hayashi/ws_moveit/install/moveit_planners:/home/hayashi/ws_moveit/install/pilz_industrial_motion_planner:/home/hayashi/ws_moveit/install/mtc_tutorial:/home/hayashi/ws_moveit/install/hello_moveit:/home/hayashi/ws_moveit/install/moveit_visual_tools:/home/hayashi/ws_moveit/install/moveit_task_constructor_visualization:/home/hayashi/ws_moveit/install/moveit_task_constructor_demo:/home/hayashi/ws_moveit/install/moveit_task_constructor_capabilities:/home/hayashi/ws_moveit/install/moveit_task_constructor_core:/home/hayashi/ws_moveit/install/moveit_ros_control_interface:/home/hayashi/ws_moveit/install/moveit_plugins:/home/hayashi/ws_moveit/install/moveit_simple_controller_manager:/home/hayashi/ws_moveit/install/moveit_setup_assistant:/home/hayashi/ws_moveit/install/moveit_setup_srdf_plugins:/home/hayashi/ws_moveit/install/moveit_setup_core_plugins:/home/hayashi/ws_moveit/install/moveit_setup_controllers:/home/hayashi/ws_moveit/install/moveit_setup_app_plugins:/home/hayashi/ws_moveit/install/moveit_setup_framework:/home/hayashi/ws_moveit/install/moveit_servo:/home/hayashi/ws_moveit/install/moveit_ros:/home/hayashi/ws_moveit/install/moveit_ros_visualization:/home/hayashi/ws_moveit/install/moveit_hybrid_planning:/home/hayashi/ws_moveit/install/moveit_ros_planning_interface:/home/hayashi/ws_moveit/install/moveit_ros_benchmarks:/home/hayashi/ws_moveit/install/moveit_ros_warehouse:/home/hayashi/ws_moveit/install/moveit_ros_robot_interaction:/home/hayashi/ws_moveit/install/moveit_ros_perception:/home/hayashi/ws_moveit/install/moveit_resources_prbt_pg70_support:/home/hayashi/ws_moveit/install/moveit_resources_prbt_moveit_config:/home/hayashi/ws_moveit/install/moveit_ros_move_group:/home/hayashi/ws_moveit/install/moveit_planners_ompl:/home/hayashi/ws_moveit/install/moveit_ros_planning:/home/hayashi/ws_moveit/install/moveit_ros_occupancy_map_monitor:/home/hayashi/ws_moveit/install/moveit_resources_prbt_ikfast_manipulator_plugin:/home/hayashi/ws_moveit/install/moveit_planners_chomp:/home/hayashi/ws_moveit/install/moveit_kinematics:/home/hayashi/ws_moveit/install/moveit_chomp_optimizer_adapter:/home/hayashi/ws_moveit/install/chomp_motion_planner:/home/hayashi/ws_moveit/install/moveit_core:/home/hayashi/ws_moveit/install/srdfdom:/home/hayashi/ws_moveit/install/rviz_marker_tools:/home/hayashi/ws_moveit/install/rosparam_shortcuts:/home/hayashi/ws_moveit/install/moveit_task_constructor_msgs:/home/hayashi/ws_moveit/install/moveit_resources_prbt_support:/home/hayashi/ws_moveit/install/moveit_resources:/home/hayashi/ws_moveit/install/moveit_resources_pr2_description:/home/hayashi/ws_moveit/install/moveit_resources_panda_moveit_config:/home/hayashi/ws_moveit/install/moveit_resources_panda_description:/home/hayashi/ws_moveit/install/moveit_resources_fanuc_moveit_config:/home/hayashi/ws_moveit/install/moveit_resources_fanuc_description:/home/hayashi/ws_moveit/install/moveit_common:/home/hayashi/xarm7_ws/install/xarm_motion_planning:/home/hayashi/ws_moveit/install/moveit_configs_utils:/home/hayashi/ws_moveit/install/launch_param_builder:/opt/ros/humble LD_LIBRARY_PATH=/home/hayashi/xarm7_ws/install/xarm_controller/lib:/home/hayashi/xarm7_ws/install/xarm_api/lib:/home/hayashi/xarm7_ws/install/xarm_sdk/lib:/home/hayashi/xarm7_ws/install/xarm_msgs/lib:${LD_LIBRARY_PATH} PYTHONPATH=/home/hayashi/xarm7_ws/install/xarm_msgs/local/lib/python3.10/dist-packages:/home/hayashi/xarm7_ws/build/uf_ros_lib:/home/hayashi/xarm7_ws/install/uf_ros_lib/lib/python3.10/site-packages:${PYTHONPATH} /usr/bin/cmake --install /home/hayashi/xarm7_ws/build/xarm_gazebo
