[0.207s] Invoking command in '/home/hayashi/xarm7_ws/build/realsense_gazebo_plugin': CMAKE_PREFIX_PATH=${CMAKE_PREFIX_PATH}:/home/hayashi/xarm7_ws/install/xarm_motion_planning:/home/hayashi/ws_moveit/install/moveit_configs_utils:/home/hayashi/ws_moveit/install/launch_param_builder:/opt/ros/humble /usr/bin/cmake /home/hayashi/xarm7_ws/src/xarm_ros2/thirdparty/realsense_gazebo_plugin -DAMENT_CMAKE_SYMLINK_INSTALL=1 -DCMAKE_INSTALL_PREFIX=/home/hayashi/xarm7_ws/install/realsense_gazebo_plugin
[0.253s] -- The C compiler identification is GNU 11.4.0
[0.295s] -- The CXX compiler identification is GNU 11.4.0
[0.302s] -- Detecting C compiler ABI info
[0.368s] -- Detecting C compiler ABI info - done
[0.376s] -- Check for working C compiler: /usr/bin/cc - skipped
[0.376s] -- Detecting C compile features
[0.376s] -- Detecting C compile features - done
[0.380s] -- Detecting CXX compiler ABI info
[0.452s] -- Detecting CXX compiler ABI info - done
[0.460s] -- Check for working CXX compiler: /usr/bin/c++ - skipped
[0.460s] -- Detecting CXX compile features
[0.461s] -- Detecting CXX compile features - done
[0.465s] -- Found ament_cmake: 1.3.10 (/opt/ros/humble/share/ament_cmake/cmake)
[0.579s] -- Found Python3: /usr/bin/python3 (found version "3.10.12") found components: Interpreter 
[0.622s] -- Override CMake install command with custom implementation using symlinks instead of copying resources
[0.675s] -- Found rclcpp: 16.0.10 (/opt/ros/humble/share/rclcpp/cmake)
[0.766s] -- Found rosidl_generator_c: 3.1.5 (/opt/ros/humble/share/rosidl_generator_c/cmake)
[0.782s] -- Found rosidl_adapter: 3.1.5 (/opt/ros/humble/share/rosidl_adapter/cmake)
[0.803s] -- Found rosidl_generator_cpp: 3.1.5 (/opt/ros/humble/share/rosidl_generator_cpp/cmake)
[0.843s] -- Using all available rosidl_typesupport_c: rosidl_typesupport_fastrtps_c;rosidl_typesupport_introspection_c
[0.899s] -- Using all available rosidl_typesupport_cpp: rosidl_typesupport_fastrtps_cpp;rosidl_typesupport_introspection_cpp
[1.035s] -- Found rmw_implementation_cmake: 6.1.2 (/opt/ros/humble/share/rmw_implementation_cmake/cmake)
[1.048s] -- Found rmw_fastrtps_cpp: 6.2.7 (/opt/ros/humble/share/rmw_fastrtps_cpp/cmake)
[1.387s] -- Found OpenSSL: /usr/lib/x86_64-linux-gnu/libcrypto.so (found version "3.0.2")  
[1.476s] -- Found FastRTPS: /opt/ros/foxy/include  
[1.644s] -- Using RMW implementation 'rmw_fastrtps_cpp' as default
[1.709s] -- Looking for pthread.h
[1.872s] -- Looking for pthread.h - found
[1.872s] -- Performing Test CMAKE_HAVE_LIBC_PTHREAD
[2.020s] -- Performing Test CMAKE_HAVE_LIBC_PTHREAD - Success
[2.021s] -- Found Threads: TRUE  
[2.132s] -- Found gazebo_ros: 3.7.0 (/opt/ros/humble/share/gazebo_ros/cmake)
[2.161s] -- Found PkgConfig: /usr/bin/pkg-config (found version "0.29.2") 
[2.163s] -- Checking for module 'bullet>=2.82'
[2.196s] --   Found bullet, version 3.05
[2.375s] -- Found fcl: /usr/include (found suitable version "0.7.0", minimum required is "0.5.0") 
[2.458s] -- Found assimp: /usr/include (found version "5.2.0") 
[2.494s] -- Found DART: /usr/include (Required is at least version "6.6") found components: dart 
[2.533s] -- Found Boost: /usr/lib/x86_64-linux-gnu/cmake/Boost-1.74.0/BoostConfig.cmake (found suitable version "1.74.0", minimum required is "1.40.0") found components: thread system filesystem program_options regex iostreams date_time 
[2.551s] -- Found Protobuf: /usr/lib/x86_64-linux-gnu/libprotobuf.so (found version "3.12.4") 
[2.560s] -- Looking for ignition-math6 -- found version 6.15.1
[2.569s] -- Searching for dependencies of ignition-math6
[2.570s] -- Looking for OGRE...
[2.571s] -- OGRE_PREFIX_WATCH changed.
[2.575s] -- Checking for module 'OGRE'
[2.589s] --   Found OGRE, version 1.9.0
[2.621s] -- Found Ogre Ghadamon (1.9.0)
[2.629s] -- Found OGRE: optimized;/usr/lib/x86_64-linux-gnu/libOgreMain.so;debug;/usr/lib/x86_64-linux-gnu/libOgreMain.so
[2.637s] -- Looking for OGRE_Paging...
[2.646s] -- Found OGRE_Paging: optimized;/usr/lib/x86_64-linux-gnu/libOgrePaging.so;debug;/usr/lib/x86_64-linux-gnu/libOgrePaging.so
[2.646s] -- Looking for OGRE_Terrain...
[2.654s] -- Found OGRE_Terrain: optimized;/usr/lib/x86_64-linux-gnu/libOgreTerrain.so;debug;/usr/lib/x86_64-linux-gnu/libOgreTerrain.so
[2.654s] -- Looking for OGRE_Property...
[2.661s] -- Found OGRE_Property: optimized;/usr/lib/x86_64-linux-gnu/libOgreProperty.so;debug;/usr/lib/x86_64-linux-gnu/libOgreProperty.so
[2.662s] -- Looking for OGRE_RTShaderSystem...
[2.669s] -- Found OGRE_RTShaderSystem: optimized;/usr/lib/x86_64-linux-gnu/libOgreRTShaderSystem.so;debug;/usr/lib/x86_64-linux-gnu/libOgreRTShaderSystem.so
[2.669s] -- Looking for OGRE_Volume...
[2.677s] -- Found OGRE_Volume: optimized;/usr/lib/x86_64-linux-gnu/libOgreVolume.so;debug;/usr/lib/x86_64-linux-gnu/libOgreVolume.so
[2.677s] -- Looking for OGRE_Overlay...
[2.684s] -- Found OGRE_Overlay: optimized;/usr/lib/x86_64-linux-gnu/libOgreOverlay.so;debug;/usr/lib/x86_64-linux-gnu/libOgreOverlay.so
[2.847s] -- Looking for ignition-math6 -- found version 6.15.1
[2.852s] -- Looking for ignition-transport8 -- found version 8.2.1
[2.852s] -- Searching for dependencies of ignition-transport8
[2.870s] -- Found Protobuf: /usr/lib/x86_64-linux-gnu/libprotobuf.so (found suitable version "3.12.4", minimum required is "3") 
[2.888s] -- Config-file not installed for ZeroMQ -- checking for pkg-config
[2.894s] -- Checking for module 'libzmq >= 4'
[2.917s] --   Found libzmq , version 4.3.4
[2.962s] -- Found ZeroMQ: TRUE (Required is at least version "4") 
[2.970s] -- Checking for module 'uuid'
[2.990s] --   Found uuid, version 2.37.2
[3.030s] -- Found UUID: TRUE  
[3.039s] -- Looking for ignition-msgs5 -- found version 5.8.1
[3.040s] -- Searching for dependencies of ignition-msgs5
[3.065s] -- Looking for ignition-math6 -- found version 6.15.1
[3.072s] -- Checking for module 'tinyxml2'
[3.092s] --   Found tinyxml2, version 9.0.0
[3.134s] -- Looking for ignition-msgs5 -- found version 5.8.1
[3.142s] -- Looking for ignition-common3 -- found version 3.14.0
[3.142s] -- Searching for dependencies of ignition-common3
[3.143s] -- Looking for dlfcn.h - found
[3.145s] -- Looking for libdl - found
[3.146s] -- Found DL: TRUE  
[3.166s] -- Found tinyobjloader: /usr/lib/x86_64-linux-gnu/cmake/tinyobjloader/tinyobjloader-config.cmake (found version "2.0.0") 
[3.167s] -- Searching for <ignition-common3> component [graphics]
[3.175s] -- Looking for ignition-common3-graphics -- found version 3.14.0
[3.176s] -- Searching for dependencies of ignition-common3-graphics
[3.176s] -- Looking for ignition-math6 -- found version 6.15.1
[3.185s] -- Looking for ignition-fuel_tools4 -- found version 4.4.0
[3.185s] -- Searching for dependencies of ignition-fuel_tools4
[3.275s] -- Found CURL: /usr/lib/x86_64-linux-gnu/libcurl.so (found version "7.81.0")  
[3.284s] -- Checking for module 'jsoncpp'
[3.298s] --   Found jsoncpp, version 1.9.5
[3.324s] -- Found JSONCPP: TRUE  
[3.330s] -- Checking for module 'libzip'
[3.347s] --   Found libzip, version 1.7.3
[3.385s] -- Found ZIP: TRUE  
[3.386s] -- Looking for ignition-common3 -- found version 3.14.0
[3.386s] -- Looking for ignition-math6 -- found version 6.15.1
[3.386s] -- Looking for ignition-msgs5 -- found version 5.8.1
[3.393s] -- Gazebo version: 11.10
[3.393s] -- Checking for module 'tbb'
[3.406s] --   Found tbb, version 2021.5.0
[3.444s] -- Found image_transport: 3.1.9 (/opt/ros/humble/share/image_transport/cmake)
[3.512s] -- Found camera_info_manager: 3.1.9 (/opt/ros/humble/share/camera_info_manager/cmake)
[3.551s] -- Found ament_lint_auto: 0.12.11 (/opt/ros/humble/share/ament_lint_auto/cmake)
[3.622s] -- Configuring done
[3.647s] -- Generating done
[3.650s] -- Build files have been written to: /home/hayashi/xarm7_ws/build/realsense_gazebo_plugin
[3.663s] Invoked command in '/home/hayashi/xarm7_ws/build/realsense_gazebo_plugin' returned '0': CMAKE_PREFIX_PATH=${CMAKE_PREFIX_PATH}:/home/hayashi/xarm7_ws/install/xarm_motion_planning:/home/hayashi/ws_moveit/install/moveit_configs_utils:/home/hayashi/ws_moveit/install/launch_param_builder:/opt/ros/humble /usr/bin/cmake /home/hayashi/xarm7_ws/src/xarm_ros2/thirdparty/realsense_gazebo_plugin -DAMENT_CMAKE_SYMLINK_INSTALL=1 -DCMAKE_INSTALL_PREFIX=/home/hayashi/xarm7_ws/install/realsense_gazebo_plugin
[3.663s] Invoking command in '/home/hayashi/xarm7_ws/build/realsense_gazebo_plugin': CMAKE_PREFIX_PATH=${CMAKE_PREFIX_PATH}:/home/hayashi/xarm7_ws/install/xarm_motion_planning:/home/hayashi/ws_moveit/install/moveit_configs_utils:/home/hayashi/ws_moveit/install/launch_param_builder:/opt/ros/humble /usr/bin/cmake --build /home/hayashi/xarm7_ws/build/realsense_gazebo_plugin -- -j16 -l16
[3.723s] [ 33%] [32mBuilding CXX object CMakeFiles/realsense_gazebo_plugin.dir/src/gazebo_ros_realsense.cpp.o[0m
[3.727s] [ 66%] [32mBuilding CXX object CMakeFiles/realsense_gazebo_plugin.dir/src/RealSensePlugin.cpp.o[0m
[24.303s] [100%] [32m[1mLinking CXX shared library librealsense_gazebo_plugin.so[0m
[25.211s] [100%] Built target realsense_gazebo_plugin
[25.223s] Invoked command in '/home/hayashi/xarm7_ws/build/realsense_gazebo_plugin' returned '0': CMAKE_PREFIX_PATH=${CMAKE_PREFIX_PATH}:/home/hayashi/xarm7_ws/install/xarm_motion_planning:/home/hayashi/ws_moveit/install/moveit_configs_utils:/home/hayashi/ws_moveit/install/launch_param_builder:/opt/ros/humble /usr/bin/cmake --build /home/hayashi/xarm7_ws/build/realsense_gazebo_plugin -- -j16 -l16
[25.270s] Invoking command in '/home/hayashi/xarm7_ws/build/realsense_gazebo_plugin': CMAKE_PREFIX_PATH=${CMAKE_PREFIX_PATH}:/home/hayashi/xarm7_ws/install/xarm_motion_planning:/home/hayashi/ws_moveit/install/moveit_configs_utils:/home/hayashi/ws_moveit/install/launch_param_builder:/opt/ros/humble /usr/bin/cmake --install /home/hayashi/xarm7_ws/build/realsense_gazebo_plugin
[25.281s] -- Install configuration: ""
[25.282s] -- Execute custom install script
[25.282s] -- Symlinking: /home/hayashi/xarm7_ws/install/realsense_gazebo_plugin/lib/librealsense_gazebo_plugin.so
[25.307s] -- Symlinking: /home/hayashi/xarm7_ws/install/realsense_gazebo_plugin/include//realsense_gazebo_plugin/RealSensePlugin.h
[25.345s] -- Symlinking: /home/hayashi/xarm7_ws/install/realsense_gazebo_plugin/include//realsense_gazebo_plugin/gazebo_ros_realsense.h
[25.376s] -- Symlinking: /home/hayashi/xarm7_ws/install/realsense_gazebo_plugin/share/realsense_gazebo_plugin/environment/library_path.sh
[25.401s] -- Symlinking: /home/hayashi/xarm7_ws/install/realsense_gazebo_plugin/share/realsense_gazebo_plugin/environment/library_path.dsv
[25.418s] -- Symlinking: /home/hayashi/xarm7_ws/install/realsense_gazebo_plugin/share/ament_index/resource_index/package_run_dependencies/realsense_gazebo_plugin
[25.428s] -- Symlinking: /home/hayashi/xarm7_ws/install/realsense_gazebo_plugin/share/ament_index/resource_index/parent_prefix_path/realsense_gazebo_plugin
[25.439s] -- Symlinking: /home/hayashi/xarm7_ws/install/realsense_gazebo_plugin/share/realsense_gazebo_plugin/environment/ament_prefix_path.sh
[25.450s] -- Symlinking: /home/hayashi/xarm7_ws/install/realsense_gazebo_plugin/share/realsense_gazebo_plugin/environment/ament_prefix_path.dsv
[25.463s] -- Symlinking: /home/hayashi/xarm7_ws/install/realsense_gazebo_plugin/share/realsense_gazebo_plugin/environment/path.sh
[25.476s] -- Symlinking: /home/hayashi/xarm7_ws/install/realsense_gazebo_plugin/share/realsense_gazebo_plugin/environment/path.dsv
[25.495s] -- Symlinking: /home/hayashi/xarm7_ws/install/realsense_gazebo_plugin/share/realsense_gazebo_plugin/local_setup.bash
[25.514s] -- Symlinking: /home/hayashi/xarm7_ws/install/realsense_gazebo_plugin/share/realsense_gazebo_plugin/local_setup.sh
[25.534s] -- Symlinking: /home/hayashi/xarm7_ws/install/realsense_gazebo_plugin/share/realsense_gazebo_plugin/local_setup.zsh
[25.553s] -- Symlinking: /home/hayashi/xarm7_ws/install/realsense_gazebo_plugin/share/realsense_gazebo_plugin/local_setup.dsv
[25.568s] -- Symlinking: /home/hayashi/xarm7_ws/install/realsense_gazebo_plugin/share/realsense_gazebo_plugin/package.dsv
[25.583s] -- Symlinking: /home/hayashi/xarm7_ws/install/realsense_gazebo_plugin/share/ament_index/resource_index/packages/realsense_gazebo_plugin
[25.599s] -- Symlinking: /home/hayashi/xarm7_ws/install/realsense_gazebo_plugin/share/realsense_gazebo_plugin/cmake/ament_cmake_export_include_directories-extras.cmake
[25.614s] -- Symlinking: /home/hayashi/xarm7_ws/install/realsense_gazebo_plugin/share/realsense_gazebo_plugin/cmake/ament_cmake_export_libraries-extras.cmake
[25.627s] -- Symlinking: /home/hayashi/xarm7_ws/install/realsense_gazebo_plugin/share/realsense_gazebo_plugin/cmake/realsense_gazebo_pluginConfig.cmake
[25.642s] -- Symlinking: /home/hayashi/xarm7_ws/install/realsense_gazebo_plugin/share/realsense_gazebo_plugin/cmake/realsense_gazebo_pluginConfig-version.cmake
[25.660s] -- Symlinking: /home/hayashi/xarm7_ws/install/realsense_gazebo_plugin/share/realsense_gazebo_plugin/package.xml
[25.676s] Invoked command in '/home/hayashi/xarm7_ws/build/realsense_gazebo_plugin' returned '0': CMAKE_PREFIX_PATH=${CMAKE_PREFIX_PATH}:/home/hayashi/xarm7_ws/install/xarm_motion_planning:/home/hayashi/ws_moveit/install/moveit_configs_utils:/home/hayashi/ws_moveit/install/launch_param_builder:/opt/ros/humble /usr/bin/cmake --install /home/hayashi/xarm7_ws/build/realsense_gazebo_plugin
