[0.212s] Invoking command in '/home/hayashi/xarm7_ws/build/mbot_demo': CMAKE_PREFIX_PATH=${CMAKE_PREFIX_PATH}:/home/hayashi/xarm7_ws/install/xarm_motion_planning:/home/hayashi/ws_moveit/install/moveit_configs_utils:/home/hayashi/ws_moveit/install/launch_param_builder:/opt/ros/humble /usr/bin/cmake /home/hayashi/xarm7_ws/src/xarm_ros2/demo/mbot_demo -DAMENT_CMAKE_SYMLINK_INSTALL=1 -DCMAKE_INSTALL_PREFIX=/home/hayashi/xarm7_ws/install/mbot_demo
[0.252s] -- The C compiler identification is GNU 11.4.0
[0.292s] -- The CXX compiler identification is GNU 11.4.0
[0.297s] -- Detecting C compiler ABI info
[0.355s] -- Detecting C compiler ABI info - done
[0.360s] -- Check for working C compiler: /usr/bin/cc - skipped
[0.360s] -- Detecting C compile features
[0.360s] -- Detecting C compile features - done
[0.362s] -- Detecting CXX compiler ABI info
[0.422s] -- Detecting CXX compiler ABI info - done
[0.427s] -- Check for working CXX compiler: /usr/bin/c++ - skipped
[0.428s] -- Detecting CXX compile features
[0.428s] -- Detecting CXX compile features - done
[0.432s] -- Found ament_cmake: 1.3.10 (/opt/ros/humble/share/ament_cmake/cmake)
[0.590s] -- Found Python3: /usr/bin/python3 (found version "3.10.12") found components: Interpreter 
[0.659s] -- Override CMake install command with custom implementation using symlinks instead of copying resources
[0.790s] -- Found ament_lint_auto: 0.12.11 (/opt/ros/humble/share/ament_lint_auto/cmake)
[1.185s] -- Added test 'copyright' to check source files copyright and LICENSE
[1.200s] -- Added test 'flake8' to check Python code syntax and style conventions
[1.203s] -- Added test 'lint_cmake' to check CMake code style
[1.210s] -- Added test 'pep257' to check Python code against some of the docstring style conventions in PEP 257
[1.216s] -- Added test 'xmllint' to check XML markup files
[1.223s] -- Configuring done
[1.229s] -- Generating done
[1.232s] -- Build files have been written to: /home/hayashi/xarm7_ws/build/mbot_demo
[1.246s] Invoked command in '/home/hayashi/xarm7_ws/build/mbot_demo' returned '0': CMAKE_PREFIX_PATH=${CMAKE_PREFIX_PATH}:/home/hayashi/xarm7_ws/install/xarm_motion_planning:/home/hayashi/ws_moveit/install/moveit_configs_utils:/home/hayashi/ws_moveit/install/launch_param_builder:/opt/ros/humble /usr/bin/cmake /home/hayashi/xarm7_ws/src/xarm_ros2/demo/mbot_demo -DAMENT_CMAKE_SYMLINK_INSTALL=1 -DCMAKE_INSTALL_PREFIX=/home/hayashi/xarm7_ws/install/mbot_demo
[1.249s] Invoking command in '/home/hayashi/xarm7_ws/build/mbot_demo': CMAKE_PREFIX_PATH=${CMAKE_PREFIX_PATH}:/home/hayashi/xarm7_ws/install/xarm_motion_planning:/home/hayashi/ws_moveit/install/moveit_configs_utils:/home/hayashi/ws_moveit/install/launch_param_builder:/opt/ros/humble /usr/bin/cmake --build /home/hayashi/xarm7_ws/build/mbot_demo -- -j16 -l16
[1.374s] Invoked command in '/home/hayashi/xarm7_ws/build/mbot_demo' returned '0': CMAKE_PREFIX_PATH=${CMAKE_PREFIX_PATH}:/home/hayashi/xarm7_ws/install/xarm_motion_planning:/home/hayashi/ws_moveit/install/moveit_configs_utils:/home/hayashi/ws_moveit/install/launch_param_builder:/opt/ros/humble /usr/bin/cmake --build /home/hayashi/xarm7_ws/build/mbot_demo -- -j16 -l16
[1.460s] Invoking command in '/home/hayashi/xarm7_ws/build/mbot_demo': CMAKE_PREFIX_PATH=${CMAKE_PREFIX_PATH}:/home/hayashi/xarm7_ws/install/xarm_motion_planning:/home/hayashi/ws_moveit/install/moveit_configs_utils:/home/hayashi/ws_moveit/install/launch_param_builder:/opt/ros/humble /usr/bin/cmake --install /home/hayashi/xarm7_ws/build/mbot_demo
[1.492s] -- Install configuration: ""
[1.493s] -- Execute custom install script
[1.494s] -- Symlinking: /home/hayashi/xarm7_ws/install/mbot_demo/share/mbot_demo//rviz/moveit.rviz
[1.528s] -- Symlinking: /home/hayashi/xarm7_ws/install/mbot_demo/share/mbot_demo//urdf/mbot.gazebo.xacro
[1.554s] -- Symlinking: /home/hayashi/xarm7_ws/install/mbot_demo/share/mbot_demo//urdf/mbot.ros2_control.xacro
[1.584s] -- Symlinking: /home/hayashi/xarm7_ws/install/mbot_demo/share/mbot_demo//urdf/mbot.transmission.xacro
[1.604s] -- Symlinking: /home/hayashi/xarm7_ws/install/mbot_demo/share/mbot_demo//urdf/mbot.urdf.xacro
[1.640s] -- Symlinking: /home/hayashi/xarm7_ws/install/mbot_demo/share/mbot_demo//urdf/mbot_macro.xacro
[1.669s] -- Symlinking: /home/hayashi/xarm7_ws/install/mbot_demo/share/mbot_demo//urdf/mbot_with_xarm.urdf.xacro
[1.702s] -- Symlinking: /home/hayashi/xarm7_ws/install/mbot_demo/share/mbot_demo//srdf/mbot_macro.srdf.xacro
[1.737s] -- Symlinking: /home/hayashi/xarm7_ws/install/mbot_demo/share/mbot_demo//srdf/mbot_with_xarm.srdf.xacro
[1.763s] -- Symlinking: /home/hayashi/xarm7_ws/install/mbot_demo/share/mbot_demo//config/controllers.yaml
[1.797s] -- Symlinking: /home/hayashi/xarm7_ws/install/mbot_demo/share/mbot_demo//config/joint_limits.yaml
[1.834s] -- Symlinking: /home/hayashi/xarm7_ws/install/mbot_demo/share/mbot_demo//config/kinematics.yaml
[1.864s] -- Symlinking: /home/hayashi/xarm7_ws/install/mbot_demo/share/mbot_demo//config/ompl_planning.yaml
[1.893s] -- Symlinking: /home/hayashi/xarm7_ws/install/mbot_demo/share/mbot_demo//config/ros2_controllers.yaml
[1.919s] -- Symlinking: /home/hayashi/xarm7_ws/install/mbot_demo/share/mbot_demo//worlds/empty.world
[1.934s] -- Symlinking: /home/hayashi/xarm7_ws/install/mbot_demo/share/mbot_demo//launch/_robot_on_mbot_gazebo.launch.py
[1.948s] -- Symlinking: /home/hayashi/xarm7_ws/install/mbot_demo/share/mbot_demo//launch/mbot_moveit_fake.launch.py
[1.962s] -- Symlinking: /home/hayashi/xarm7_ws/install/mbot_demo/share/mbot_demo//launch/mbot_moveit_gazebo.launch.py
[1.976s] -- Symlinking: /home/hayashi/xarm7_ws/install/mbot_demo/share/mbot_demo//launch/mbot_moveit_realmove.launch.py
[2.010s] -- Symlinking: /home/hayashi/xarm7_ws/install/mbot_demo/share/ament_index/resource_index/package_run_dependencies/mbot_demo
[2.028s] -- Symlinking: /home/hayashi/xarm7_ws/install/mbot_demo/share/ament_index/resource_index/parent_prefix_path/mbot_demo
[2.044s] -- Symlinking: /home/hayashi/xarm7_ws/install/mbot_demo/share/mbot_demo/environment/ament_prefix_path.sh
[2.066s] -- Symlinking: /home/hayashi/xarm7_ws/install/mbot_demo/share/mbot_demo/environment/ament_prefix_path.dsv
[2.075s] -- Symlinking: /home/hayashi/xarm7_ws/install/mbot_demo/share/mbot_demo/environment/path.sh
[2.087s] -- Symlinking: /home/hayashi/xarm7_ws/install/mbot_demo/share/mbot_demo/environment/path.dsv
[2.103s] -- Symlinking: /home/hayashi/xarm7_ws/install/mbot_demo/share/mbot_demo/local_setup.bash
[2.112s] -- Symlinking: /home/hayashi/xarm7_ws/install/mbot_demo/share/mbot_demo/local_setup.sh
[2.121s] -- Symlinking: /home/hayashi/xarm7_ws/install/mbot_demo/share/mbot_demo/local_setup.zsh
[2.130s] -- Symlinking: /home/hayashi/xarm7_ws/install/mbot_demo/share/mbot_demo/local_setup.dsv
[2.142s] -- Symlinking: /home/hayashi/xarm7_ws/install/mbot_demo/share/mbot_demo/package.dsv
[2.152s] -- Symlinking: /home/hayashi/xarm7_ws/install/mbot_demo/share/ament_index/resource_index/packages/mbot_demo
[2.162s] -- Symlinking: /home/hayashi/xarm7_ws/install/mbot_demo/share/mbot_demo/cmake/mbot_demoConfig.cmake
[2.175s] -- Symlinking: /home/hayashi/xarm7_ws/install/mbot_demo/share/mbot_demo/cmake/mbot_demoConfig-version.cmake
[2.191s] -- Symlinking: /home/hayashi/xarm7_ws/install/mbot_demo/share/mbot_demo/package.xml
[2.201s] Invoked command in '/home/hayashi/xarm7_ws/build/mbot_demo' returned '0': CMAKE_PREFIX_PATH=${CMAKE_PREFIX_PATH}:/home/hayashi/xarm7_ws/install/xarm_motion_planning:/home/hayashi/ws_moveit/install/moveit_configs_utils:/home/hayashi/ws_moveit/install/launch_param_builder:/opt/ros/humble /usr/bin/cmake --install /home/hayashi/xarm7_ws/build/mbot_demo
