[0.033s] Invoking command in '/home/hayashi/xarm7_ws/build/xarm_planner': AMENT_PREFIX_PATH=/home/hayashi/xarm7_ws/install/xarm_moveit_config:/home/hayashi/xarm7_ws/install/xarm_gazebo:/home/hayashi/xarm7_ws/install/xarm_controller:/home/hayashi/xarm7_ws/install/xarm_api:/home/hayashi/xarm7_ws/install/xarm_sdk:/home/hayashi/xarm7_ws/install/xarm_msgs:/home/hayashi/xarm7_ws/install/xarm_description:/home/hayashi/xarm7_ws/install/uf_ros_lib:${AMENT_PREFIX_PATH} CMAKE_PREFIX_PATH=/home/hayashi/xarm7_ws/install/xarm_moveit_config:/home/hayashi/xarm7_ws/install/xarm_gazebo:/home/hayashi/xarm7_ws/install/xarm_controller:/home/hayashi/xarm7_ws/install/xarm_api:/home/hayashi/xarm7_ws/install/xarm_sdk:/home/hayashi/xarm7_ws/install/xarm_msgs:/home/hayashi/xarm7_ws/install/xarm_description:/home/hayashi/ws_moveit/install/pilz_industrial_motion_planner_testutils:/home/hayashi/ws_moveit/install/moveit_runtime:/home/hayashi/ws_moveit/install/moveit2_tutorials:/home/hayashi/ws_moveit/install/moveit:/home/hayashi/ws_moveit/install/moveit_planners:/home/hayashi/ws_moveit/install/pilz_industrial_motion_planner:/home/hayashi/ws_moveit/install/mtc_tutorial:/home/hayashi/ws_moveit/install/hello_moveit:/home/hayashi/ws_moveit/install/moveit_visual_tools:/home/hayashi/ws_moveit/install/moveit_task_constructor_visualization:/home/hayashi/ws_moveit/install/moveit_task_constructor_demo:/home/hayashi/ws_moveit/install/moveit_task_constructor_capabilities:/home/hayashi/ws_moveit/install/moveit_task_constructor_core:/home/hayashi/ws_moveit/install/moveit_ros_control_interface:/home/hayashi/ws_moveit/install/moveit_plugins:/home/hayashi/ws_moveit/install/moveit_simple_controller_manager:/home/hayashi/ws_moveit/install/moveit_setup_assistant:/home/hayashi/ws_moveit/install/moveit_setup_srdf_plugins:/home/hayashi/ws_moveit/install/moveit_setup_core_plugins:/home/hayashi/ws_moveit/install/moveit_setup_controllers:/home/hayashi/ws_moveit/install/moveit_setup_app_plugins:/home/hayashi/ws_moveit/install/moveit_setup_framework:/home/hayashi/ws_moveit/install/moveit_servo:/home/hayashi/ws_moveit/install/moveit_ros:/home/hayashi/ws_moveit/install/moveit_ros_visualization:/home/hayashi/ws_moveit/install/moveit_hybrid_planning:/home/hayashi/ws_moveit/install/moveit_ros_planning_interface:/home/hayashi/ws_moveit/install/moveit_ros_benchmarks:/home/hayashi/ws_moveit/install/moveit_ros_warehouse:/home/hayashi/ws_moveit/install/moveit_ros_robot_interaction:/home/hayashi/ws_moveit/install/moveit_ros_perception:/home/hayashi/ws_moveit/install/moveit_resources_prbt_pg70_support:/home/hayashi/ws_moveit/install/moveit_resources_prbt_moveit_config:/home/hayashi/ws_moveit/install/moveit_ros_move_group:/home/hayashi/ws_moveit/install/moveit_planners_ompl:/home/hayashi/ws_moveit/install/moveit_ros_planning:/home/hayashi/ws_moveit/install/moveit_ros_occupancy_map_monitor:/home/hayashi/ws_moveit/install/moveit_resources_prbt_ikfast_manipulator_plugin:/home/hayashi/ws_moveit/install/moveit_planners_chomp:/home/hayashi/ws_moveit/install/moveit_kinematics:/home/hayashi/ws_moveit/install/moveit_chomp_optimizer_adapter:/home/hayashi/ws_moveit/install/chomp_motion_planner:/home/hayashi/ws_moveit/install/moveit_core:/home/hayashi/ws_moveit/install/srdfdom:/home/hayashi/ws_moveit/install/rviz_marker_tools:/home/hayashi/ws_moveit/install/rosparam_shortcuts:/home/hayashi/ws_moveit/install/moveit_task_constructor_msgs:/home/hayashi/ws_moveit/install/moveit_resources_prbt_support:/home/hayashi/ws_moveit/install/moveit_resources:/home/hayashi/ws_moveit/install/moveit_resources_pr2_description:/home/hayashi/ws_moveit/install/moveit_resources_panda_moveit_config:/home/hayashi/ws_moveit/install/moveit_resources_panda_description:/home/hayashi/ws_moveit/install/moveit_resources_fanuc_moveit_config:/home/hayashi/ws_moveit/install/moveit_resources_fanuc_description:/home/hayashi/ws_moveit/install/moveit_common:/home/hayashi/xarm7_ws/install/xarm_motion_planning:/home/hayashi/ws_moveit/install/moveit_configs_utils:/home/hayashi/ws_moveit/install/launch_param_builder:/opt/ros/humble LD_LIBRARY_PATH=/home/hayashi/xarm7_ws/install/xarm_gazebo/lib:/home/hayashi/xarm7_ws/install/xarm_controller/lib:/home/hayashi/xarm7_ws/install/xarm_api/lib:/home/hayashi/xarm7_ws/install/xarm_sdk/lib:/home/hayashi/xarm7_ws/install/xarm_msgs/lib:${LD_LIBRARY_PATH} PYTHONPATH=/home/hayashi/xarm7_ws/install/xarm_msgs/local/lib/python3.10/dist-packages:/home/hayashi/xarm7_ws/build/uf_ros_lib:/home/hayashi/xarm7_ws/install/uf_ros_lib/lib/python3.10/site-packages:${PYTHONPATH} /usr/bin/cmake /home/hayashi/xarm7_ws/src/xarm_ros2/xarm_planner -DAMENT_CMAKE_SYMLINK_INSTALL=1 -DCMAKE_INSTALL_PREFIX=/home/hayashi/xarm7_ws/install/xarm_planner
[0.096s] -- The C compiler identification is GNU 11.4.0
[0.152s] -- The CXX compiler identification is GNU 11.4.0
[0.159s] -- Detecting C compiler ABI info
[0.239s] -- Detecting C compiler ABI info - done
[0.247s] -- Check for working C compiler: /usr/bin/cc - skipped
[0.247s] -- Detecting C compile features
[0.247s] -- Detecting C compile features - done
[0.250s] -- Detecting CXX compiler ABI info
[0.342s] -- Detecting CXX compiler ABI info - done
[0.350s] -- Check for working CXX compiler: /usr/bin/c++ - skipped
[0.351s] -- Detecting CXX compile features
[0.351s] -- Detecting CXX compile features - done
[0.359s] -- Found ament_cmake: 1.3.10 (/opt/ros/humble/share/ament_cmake/cmake)
[0.547s] -- Found Python3: /usr/bin/python3 (found version "3.10.12") found components: Interpreter 
[0.620s] -- Override CMake install command with custom implementation using symlinks instead of copying resources
[0.724s] -- Found moveit: 2.5.5 (/home/hayashi/ws_moveit/install/moveit/share/moveit/cmake)
[0.726s] -- Found moveit_ros_planning_interface: 2.5.5 (/home/hayashi/ws_moveit/install/moveit_ros_planning_interface/share/moveit_ros_planning_interface/cmake)
[0.929s] -- Found Boost: /usr/lib/x86_64-linux-gnu/cmake/Boost-1.74.0/BoostConfig.cmake (found version "1.74.0") found components: date_time filesystem program_options system thread 
[1.040s] -- Found rosidl_generator_c: 3.1.5 (/opt/ros/humble/share/rosidl_generator_c/cmake)
[1.049s] -- Found rosidl_adapter: 3.1.5 (/opt/ros/humble/share/rosidl_adapter/cmake)
[1.060s] -- Found rosidl_generator_cpp: 3.1.5 (/opt/ros/humble/share/rosidl_generator_cpp/cmake)
[1.075s] -- Using all available rosidl_typesupport_c: rosidl_typesupport_fastrtps_c;rosidl_typesupport_introspection_c
[1.095s] -- Using all available rosidl_typesupport_cpp: rosidl_typesupport_fastrtps_cpp;rosidl_typesupport_introspection_cpp
[1.323s] -- Found Boost: /usr/lib/x86_64-linux-gnu/cmake/Boost-1.74.0/BoostConfig.cmake (found version "1.74.0") found components: chrono date_time filesystem iostreams program_options regex serialization system thread 
[1.394s] -- Found parameter_traits: 0.3.9 (/opt/ros/humble/share/parameter_traits/cmake)
[1.450s] -- Found rmw_implementation_cmake: 6.1.2 (/opt/ros/humble/share/rmw_implementation_cmake/cmake)
[1.456s] -- Found rmw_fastrtps_cpp: 6.2.7 (/opt/ros/humble/share/rmw_fastrtps_cpp/cmake)
[1.570s] -- Found OpenSSL: /usr/lib/x86_64-linux-gnu/libcrypto.so (found version "3.0.2")  
[1.604s] -- Found FastRTPS: /opt/ros/humble/include  
[1.664s] -- Using RMW implementation 'rmw_fastrtps_cpp' as default
[1.691s] -- Found Threads: TRUE  
[1.769s] -- Found Eigen3: TRUE (found version "3.4.0") 
[1.777s] -- Found rclcpp_lifecycle: 16.0.10 (/opt/ros/humble/share/rclcpp_lifecycle/cmake)
[1.820s] -- Found Boost: /usr/lib/x86_64-linux-gnu/cmake/Boost-1.74.0/BoostConfig.cmake (found version "1.74.0") found components: filesystem 
[1.945s] -- library: /usr/lib/x86_64-linux-gnu/libcurl.so
[2.008s] -- Ensuring Eigen3 include directory is part of orocos-kdl CMake target
[2.280s] -- Found Boost: /usr/lib/x86_64-linux-gnu/cmake/Boost-1.74.0/BoostConfig.cmake (found version "1.74.0") found components: system filesystem date_time program_options thread chrono 
[2.326s] -- Found Boost: /usr/lib/x86_64-linux-gnu/cmake/Boost-1.74.0/BoostConfig.cmake (found version "1.74.0") found components: thread system filesystem regex date_time program_options 
[2.365s] -- Found Boost: /usr/lib/x86_64-linux-gnu/cmake/Boost-1.74.0/BoostConfig.cmake (found version "1.74.0") found components: system filesystem date_time program_options thread 
[2.405s] -- Found xarm_msgs: 0.0.0 (/home/hayashi/xarm7_ws/install/xarm_msgs/share/xarm_msgs/cmake)
[2.545s] -- Found ament_lint_auto: 0.12.11 (/opt/ros/humble/share/ament_lint_auto/cmake)
[2.679s] -- Added test 'copyright' to check source files copyright and LICENSE
[2.682s] -- Added test 'cppcheck' to perform static code analysis on C / C++ code
[2.683s] -- Configured cppcheck include dirs: /home/hayashi/xarm7_ws/src/xarm_ros2/xarm_planner/include
[2.683s] -- Configured cppcheck exclude dirs and/or files: 
[2.686s] -- Added test 'cpplint' to check C / C++ code against the Google style
[2.686s] -- Configured cpplint exclude dirs and/or files: 
[2.687s] -- Added test 'flake8' to check Python code syntax and style conventions
[2.689s] -- Added test 'lint_cmake' to check CMake code style
[2.690s] -- Added test 'pep257' to check Python code against some of the docstring style conventions in PEP 257
[2.693s] -- Added test 'uncrustify' to check C / C++ code style
[2.693s] -- Configured uncrustify additional arguments: 
[2.694s] -- Added test 'xmllint' to check XML markup files
[2.697s] -- Configuring done
[2.838s] -- Generating done
[2.841s] -- Build files have been written to: /home/hayashi/xarm7_ws/build/xarm_planner
[2.857s] Invoked command in '/home/hayashi/xarm7_ws/build/xarm_planner' returned '0': AMENT_PREFIX_PATH=/home/hayashi/xarm7_ws/install/xarm_moveit_config:/home/hayashi/xarm7_ws/install/xarm_gazebo:/home/hayashi/xarm7_ws/install/xarm_controller:/home/hayashi/xarm7_ws/install/xarm_api:/home/hayashi/xarm7_ws/install/xarm_sdk:/home/hayashi/xarm7_ws/install/xarm_msgs:/home/hayashi/xarm7_ws/install/xarm_description:/home/hayashi/xarm7_ws/install/uf_ros_lib:${AMENT_PREFIX_PATH} CMAKE_PREFIX_PATH=/home/hayashi/xarm7_ws/install/xarm_moveit_config:/home/hayashi/xarm7_ws/install/xarm_gazebo:/home/hayashi/xarm7_ws/install/xarm_controller:/home/hayashi/xarm7_ws/install/xarm_api:/home/hayashi/xarm7_ws/install/xarm_sdk:/home/hayashi/xarm7_ws/install/xarm_msgs:/home/hayashi/xarm7_ws/install/xarm_description:/home/hayashi/ws_moveit/install/pilz_industrial_motion_planner_testutils:/home/hayashi/ws_moveit/install/moveit_runtime:/home/hayashi/ws_moveit/install/moveit2_tutorials:/home/hayashi/ws_moveit/install/moveit:/home/hayashi/ws_moveit/install/moveit_planners:/home/hayashi/ws_moveit/install/pilz_industrial_motion_planner:/home/hayashi/ws_moveit/install/mtc_tutorial:/home/hayashi/ws_moveit/install/hello_moveit:/home/hayashi/ws_moveit/install/moveit_visual_tools:/home/hayashi/ws_moveit/install/moveit_task_constructor_visualization:/home/hayashi/ws_moveit/install/moveit_task_constructor_demo:/home/hayashi/ws_moveit/install/moveit_task_constructor_capabilities:/home/hayashi/ws_moveit/install/moveit_task_constructor_core:/home/hayashi/ws_moveit/install/moveit_ros_control_interface:/home/hayashi/ws_moveit/install/moveit_plugins:/home/hayashi/ws_moveit/install/moveit_simple_controller_manager:/home/hayashi/ws_moveit/install/moveit_setup_assistant:/home/hayashi/ws_moveit/install/moveit_setup_srdf_plugins:/home/hayashi/ws_moveit/install/moveit_setup_core_plugins:/home/hayashi/ws_moveit/install/moveit_setup_controllers:/home/hayashi/ws_moveit/install/moveit_setup_app_plugins:/home/hayashi/ws_moveit/install/moveit_setup_framework:/home/hayashi/ws_moveit/install/moveit_servo:/home/hayashi/ws_moveit/install/moveit_ros:/home/hayashi/ws_moveit/install/moveit_ros_visualization:/home/hayashi/ws_moveit/install/moveit_hybrid_planning:/home/hayashi/ws_moveit/install/moveit_ros_planning_interface:/home/hayashi/ws_moveit/install/moveit_ros_benchmarks:/home/hayashi/ws_moveit/install/moveit_ros_warehouse:/home/hayashi/ws_moveit/install/moveit_ros_robot_interaction:/home/hayashi/ws_moveit/install/moveit_ros_perception:/home/hayashi/ws_moveit/install/moveit_resources_prbt_pg70_support:/home/hayashi/ws_moveit/install/moveit_resources_prbt_moveit_config:/home/hayashi/ws_moveit/install/moveit_ros_move_group:/home/hayashi/ws_moveit/install/moveit_planners_ompl:/home/hayashi/ws_moveit/install/moveit_ros_planning:/home/hayashi/ws_moveit/install/moveit_ros_occupancy_map_monitor:/home/hayashi/ws_moveit/install/moveit_resources_prbt_ikfast_manipulator_plugin:/home/hayashi/ws_moveit/install/moveit_planners_chomp:/home/hayashi/ws_moveit/install/moveit_kinematics:/home/hayashi/ws_moveit/install/moveit_chomp_optimizer_adapter:/home/hayashi/ws_moveit/install/chomp_motion_planner:/home/hayashi/ws_moveit/install/moveit_core:/home/hayashi/ws_moveit/install/srdfdom:/home/hayashi/ws_moveit/install/rviz_marker_tools:/home/hayashi/ws_moveit/install/rosparam_shortcuts:/home/hayashi/ws_moveit/install/moveit_task_constructor_msgs:/home/hayashi/ws_moveit/install/moveit_resources_prbt_support:/home/hayashi/ws_moveit/install/moveit_resources:/home/hayashi/ws_moveit/install/moveit_resources_pr2_description:/home/hayashi/ws_moveit/install/moveit_resources_panda_moveit_config:/home/hayashi/ws_moveit/install/moveit_resources_panda_description:/home/hayashi/ws_moveit/install/moveit_resources_fanuc_moveit_config:/home/hayashi/ws_moveit/install/moveit_resources_fanuc_description:/home/hayashi/ws_moveit/install/moveit_common:/home/hayashi/xarm7_ws/install/xarm_motion_planning:/home/hayashi/ws_moveit/install/moveit_configs_utils:/home/hayashi/ws_moveit/install/launch_param_builder:/opt/ros/humble LD_LIBRARY_PATH=/home/hayashi/xarm7_ws/install/xarm_gazebo/lib:/home/hayashi/xarm7_ws/install/xarm_controller/lib:/home/hayashi/xarm7_ws/install/xarm_api/lib:/home/hayashi/xarm7_ws/install/xarm_sdk/lib:/home/hayashi/xarm7_ws/install/xarm_msgs/lib:${LD_LIBRARY_PATH} PYTHONPATH=/home/hayashi/xarm7_ws/install/xarm_msgs/local/lib/python3.10/dist-packages:/home/hayashi/xarm7_ws/build/uf_ros_lib:/home/hayashi/xarm7_ws/install/uf_ros_lib/lib/python3.10/site-packages:${PYTHONPATH} /usr/bin/cmake /home/hayashi/xarm7_ws/src/xarm_ros2/xarm_planner -DAMENT_CMAKE_SYMLINK_INSTALL=1 -DCMAKE_INSTALL_PREFIX=/home/hayashi/xarm7_ws/install/xarm_planner
[2.857s] Invoking command in '/home/hayashi/xarm7_ws/build/xarm_planner': AMENT_PREFIX_PATH=/home/hayashi/xarm7_ws/install/xarm_moveit_config:/home/hayashi/xarm7_ws/install/xarm_gazebo:/home/hayashi/xarm7_ws/install/xarm_controller:/home/hayashi/xarm7_ws/install/xarm_api:/home/hayashi/xarm7_ws/install/xarm_sdk:/home/hayashi/xarm7_ws/install/xarm_msgs:/home/hayashi/xarm7_ws/install/xarm_description:/home/hayashi/xarm7_ws/install/uf_ros_lib:${AMENT_PREFIX_PATH} CMAKE_PREFIX_PATH=/home/hayashi/xarm7_ws/install/xarm_moveit_config:/home/hayashi/xarm7_ws/install/xarm_gazebo:/home/hayashi/xarm7_ws/install/xarm_controller:/home/hayashi/xarm7_ws/install/xarm_api:/home/hayashi/xarm7_ws/install/xarm_sdk:/home/hayashi/xarm7_ws/install/xarm_msgs:/home/hayashi/xarm7_ws/install/xarm_description:/home/hayashi/ws_moveit/install/pilz_industrial_motion_planner_testutils:/home/hayashi/ws_moveit/install/moveit_runtime:/home/hayashi/ws_moveit/install/moveit2_tutorials:/home/hayashi/ws_moveit/install/moveit:/home/hayashi/ws_moveit/install/moveit_planners:/home/hayashi/ws_moveit/install/pilz_industrial_motion_planner:/home/hayashi/ws_moveit/install/mtc_tutorial:/home/hayashi/ws_moveit/install/hello_moveit:/home/hayashi/ws_moveit/install/moveit_visual_tools:/home/hayashi/ws_moveit/install/moveit_task_constructor_visualization:/home/hayashi/ws_moveit/install/moveit_task_constructor_demo:/home/hayashi/ws_moveit/install/moveit_task_constructor_capabilities:/home/hayashi/ws_moveit/install/moveit_task_constructor_core:/home/hayashi/ws_moveit/install/moveit_ros_control_interface:/home/hayashi/ws_moveit/install/moveit_plugins:/home/hayashi/ws_moveit/install/moveit_simple_controller_manager:/home/hayashi/ws_moveit/install/moveit_setup_assistant:/home/hayashi/ws_moveit/install/moveit_setup_srdf_plugins:/home/hayashi/ws_moveit/install/moveit_setup_core_plugins:/home/hayashi/ws_moveit/install/moveit_setup_controllers:/home/hayashi/ws_moveit/install/moveit_setup_app_plugins:/home/hayashi/ws_moveit/install/moveit_setup_framework:/home/hayashi/ws_moveit/install/moveit_servo:/home/hayashi/ws_moveit/install/moveit_ros:/home/hayashi/ws_moveit/install/moveit_ros_visualization:/home/hayashi/ws_moveit/install/moveit_hybrid_planning:/home/hayashi/ws_moveit/install/moveit_ros_planning_interface:/home/hayashi/ws_moveit/install/moveit_ros_benchmarks:/home/hayashi/ws_moveit/install/moveit_ros_warehouse:/home/hayashi/ws_moveit/install/moveit_ros_robot_interaction:/home/hayashi/ws_moveit/install/moveit_ros_perception:/home/hayashi/ws_moveit/install/moveit_resources_prbt_pg70_support:/home/hayashi/ws_moveit/install/moveit_resources_prbt_moveit_config:/home/hayashi/ws_moveit/install/moveit_ros_move_group:/home/hayashi/ws_moveit/install/moveit_planners_ompl:/home/hayashi/ws_moveit/install/moveit_ros_planning:/home/hayashi/ws_moveit/install/moveit_ros_occupancy_map_monitor:/home/hayashi/ws_moveit/install/moveit_resources_prbt_ikfast_manipulator_plugin:/home/hayashi/ws_moveit/install/moveit_planners_chomp:/home/hayashi/ws_moveit/install/moveit_kinematics:/home/hayashi/ws_moveit/install/moveit_chomp_optimizer_adapter:/home/hayashi/ws_moveit/install/chomp_motion_planner:/home/hayashi/ws_moveit/install/moveit_core:/home/hayashi/ws_moveit/install/srdfdom:/home/hayashi/ws_moveit/install/rviz_marker_tools:/home/hayashi/ws_moveit/install/rosparam_shortcuts:/home/hayashi/ws_moveit/install/moveit_task_constructor_msgs:/home/hayashi/ws_moveit/install/moveit_resources_prbt_support:/home/hayashi/ws_moveit/install/moveit_resources:/home/hayashi/ws_moveit/install/moveit_resources_pr2_description:/home/hayashi/ws_moveit/install/moveit_resources_panda_moveit_config:/home/hayashi/ws_moveit/install/moveit_resources_panda_description:/home/hayashi/ws_moveit/install/moveit_resources_fanuc_moveit_config:/home/hayashi/ws_moveit/install/moveit_resources_fanuc_description:/home/hayashi/ws_moveit/install/moveit_common:/home/hayashi/xarm7_ws/install/xarm_motion_planning:/home/hayashi/ws_moveit/install/moveit_configs_utils:/home/hayashi/ws_moveit/install/launch_param_builder:/opt/ros/humble LD_LIBRARY_PATH=/home/hayashi/xarm7_ws/install/xarm_gazebo/lib:/home/hayashi/xarm7_ws/install/xarm_controller/lib:/home/hayashi/xarm7_ws/install/xarm_api/lib:/home/hayashi/xarm7_ws/install/xarm_sdk/lib:/home/hayashi/xarm7_ws/install/xarm_msgs/lib:${LD_LIBRARY_PATH} PYTHONPATH=/home/hayashi/xarm7_ws/install/xarm_msgs/local/lib/python3.10/dist-packages:/home/hayashi/xarm7_ws/build/uf_ros_lib:/home/hayashi/xarm7_ws/install/uf_ros_lib/lib/python3.10/site-packages:${PYTHONPATH} /usr/bin/cmake --build /home/hayashi/xarm7_ws/build/xarm_planner -- -j16 -l16
[2.918s] [  9%] [32mBuilding CXX object CMakeFiles/test_xarm_planner_client_pose.dir/test/test_xarm_planner_client_pose.cpp.o[0m
[2.918s] [  9%] [32mBuilding CXX object CMakeFiles/test_lite_gripper_realmove.dir/test/test_lite_gripper_realmove.cpp.o[0m
[2.921s] [ 13%] [32mBuilding CXX object CMakeFiles/test_xarm_gripper_planner_client_joint.dir/test/test_xarm_gripper_planner_client_joint.cpp.o[0m
[2.922s] [ 18%] [32mBuilding CXX object CMakeFiles/test_xarm_planner_client_joint.dir/test/test_xarm_planner_client_joint.cpp.o[0m
[2.927s] [ 22%] [32mBuilding CXX object CMakeFiles/xarm_planner.dir/src/xarm_planner.cpp.o[0m
[5.250s] [ 27%] [32m[1mLinking CXX executable test_lite_gripper_realmove[0m
[5.454s] [ 27%] Built target test_lite_gripper_realmove
[5.654s] [ 31%] [32m[1mLinking CXX executable test_xarm_planner_client_pose[0m
[5.684s] [ 36%] [32m[1mLinking CXX executable test_xarm_gripper_planner_client_joint[0m
[5.854s] [ 36%] Built target test_xarm_gripper_planner_client_joint
[5.889s] [ 36%] Built target test_xarm_planner_client_pose
[5.929s] [ 40%] [32m[1mLinking CXX executable test_xarm_planner_client_joint[0m
[6.162s] [ 40%] Built target test_xarm_planner_client_joint
[10.111s] [ 45%] [32m[1mLinking CXX shared library libxarm_planner.so[0m
[10.361s] [ 45%] Built target xarm_planner
[10.393s] [ 50%] [32mBuilding CXX object CMakeFiles/xarm_planner_node.dir/src/xarm_planner_node.cpp.o[0m
[10.393s] [ 63%] [32mBuilding CXX object CMakeFiles/test_xarm_gripper_planner_api_joint.dir/test/test_xarm_gripper_planner_api_joint.cpp.o[0m
[10.393s] [ 63%] [32mBuilding CXX object CMakeFiles/test_xarm_planner_api_pose.dir/test/test_xarm_planner_api_pose.cpp.o[0m
[10.394s] [ 63%] [32mBuilding CXX object CMakeFiles/test_xarm_planner_api_joint.dir/test/test_xarm_planner_api_joint.cpp.o[0m
[10.406s] [ 68%] [32mBuilding CXX object CMakeFiles/xarm_gripper_planner_node.dir/src/xarm_gripper_planner_node.cpp.o[0m
[10.416s] [ 72%] [32mBuilding CXX object CMakeFiles/test_dual_xarm_planner_api_joint.dir/test/test_dual_xarm_planner_api_joint.cpp.o[0m
[15.419s] [ 77%] [32m[1mLinking CXX executable test_xarm_gripper_planner_api_joint[0m
[15.420s] [ 81%] [32m[1mLinking CXX executable test_xarm_planner_api_pose[0m
[15.436s] [ 86%] [32m[1mLinking CXX executable test_xarm_planner_api_joint[0m
[15.664s] [ 86%] Built target test_xarm_gripper_planner_api_joint
[15.666s] [ 86%] Built target test_xarm_planner_api_joint
[15.666s] [ 86%] Built target test_xarm_planner_api_pose
[16.985s] [ 90%] [32m[1mLinking CXX executable xarm_planner_node[0m
[17.244s] [ 95%] [32m[1mLinking CXX executable xarm_gripper_planner_node[0m
[17.366s] [ 95%] Built target xarm_planner_node
[17.647s] [ 95%] Built target xarm_gripper_planner_node
[17.973s] [100%] [32m[1mLinking CXX executable test_dual_xarm_planner_api_joint[0m
[18.280s] [100%] Built target test_dual_xarm_planner_api_joint
[18.294s] Invoked command in '/home/hayashi/xarm7_ws/build/xarm_planner' returned '0': AMENT_PREFIX_PATH=/home/hayashi/xarm7_ws/install/xarm_moveit_config:/home/hayashi/xarm7_ws/install/xarm_gazebo:/home/hayashi/xarm7_ws/install/xarm_controller:/home/hayashi/xarm7_ws/install/xarm_api:/home/hayashi/xarm7_ws/install/xarm_sdk:/home/hayashi/xarm7_ws/install/xarm_msgs:/home/hayashi/xarm7_ws/install/xarm_description:/home/hayashi/xarm7_ws/install/uf_ros_lib:${AMENT_PREFIX_PATH} CMAKE_PREFIX_PATH=/home/hayashi/xarm7_ws/install/xarm_moveit_config:/home/hayashi/xarm7_ws/install/xarm_gazebo:/home/hayashi/xarm7_ws/install/xarm_controller:/home/hayashi/xarm7_ws/install/xarm_api:/home/hayashi/xarm7_ws/install/xarm_sdk:/home/hayashi/xarm7_ws/install/xarm_msgs:/home/hayashi/xarm7_ws/install/xarm_description:/home/hayashi/ws_moveit/install/pilz_industrial_motion_planner_testutils:/home/hayashi/ws_moveit/install/moveit_runtime:/home/hayashi/ws_moveit/install/moveit2_tutorials:/home/hayashi/ws_moveit/install/moveit:/home/hayashi/ws_moveit/install/moveit_planners:/home/hayashi/ws_moveit/install/pilz_industrial_motion_planner:/home/hayashi/ws_moveit/install/mtc_tutorial:/home/hayashi/ws_moveit/install/hello_moveit:/home/hayashi/ws_moveit/install/moveit_visual_tools:/home/hayashi/ws_moveit/install/moveit_task_constructor_visualization:/home/hayashi/ws_moveit/install/moveit_task_constructor_demo:/home/hayashi/ws_moveit/install/moveit_task_constructor_capabilities:/home/hayashi/ws_moveit/install/moveit_task_constructor_core:/home/hayashi/ws_moveit/install/moveit_ros_control_interface:/home/hayashi/ws_moveit/install/moveit_plugins:/home/hayashi/ws_moveit/install/moveit_simple_controller_manager:/home/hayashi/ws_moveit/install/moveit_setup_assistant:/home/hayashi/ws_moveit/install/moveit_setup_srdf_plugins:/home/hayashi/ws_moveit/install/moveit_setup_core_plugins:/home/hayashi/ws_moveit/install/moveit_setup_controllers:/home/hayashi/ws_moveit/install/moveit_setup_app_plugins:/home/hayashi/ws_moveit/install/moveit_setup_framework:/home/hayashi/ws_moveit/install/moveit_servo:/home/hayashi/ws_moveit/install/moveit_ros:/home/hayashi/ws_moveit/install/moveit_ros_visualization:/home/hayashi/ws_moveit/install/moveit_hybrid_planning:/home/hayashi/ws_moveit/install/moveit_ros_planning_interface:/home/hayashi/ws_moveit/install/moveit_ros_benchmarks:/home/hayashi/ws_moveit/install/moveit_ros_warehouse:/home/hayashi/ws_moveit/install/moveit_ros_robot_interaction:/home/hayashi/ws_moveit/install/moveit_ros_perception:/home/hayashi/ws_moveit/install/moveit_resources_prbt_pg70_support:/home/hayashi/ws_moveit/install/moveit_resources_prbt_moveit_config:/home/hayashi/ws_moveit/install/moveit_ros_move_group:/home/hayashi/ws_moveit/install/moveit_planners_ompl:/home/hayashi/ws_moveit/install/moveit_ros_planning:/home/hayashi/ws_moveit/install/moveit_ros_occupancy_map_monitor:/home/hayashi/ws_moveit/install/moveit_resources_prbt_ikfast_manipulator_plugin:/home/hayashi/ws_moveit/install/moveit_planners_chomp:/home/hayashi/ws_moveit/install/moveit_kinematics:/home/hayashi/ws_moveit/install/moveit_chomp_optimizer_adapter:/home/hayashi/ws_moveit/install/chomp_motion_planner:/home/hayashi/ws_moveit/install/moveit_core:/home/hayashi/ws_moveit/install/srdfdom:/home/hayashi/ws_moveit/install/rviz_marker_tools:/home/hayashi/ws_moveit/install/rosparam_shortcuts:/home/hayashi/ws_moveit/install/moveit_task_constructor_msgs:/home/hayashi/ws_moveit/install/moveit_resources_prbt_support:/home/hayashi/ws_moveit/install/moveit_resources:/home/hayashi/ws_moveit/install/moveit_resources_pr2_description:/home/hayashi/ws_moveit/install/moveit_resources_panda_moveit_config:/home/hayashi/ws_moveit/install/moveit_resources_panda_description:/home/hayashi/ws_moveit/install/moveit_resources_fanuc_moveit_config:/home/hayashi/ws_moveit/install/moveit_resources_fanuc_description:/home/hayashi/ws_moveit/install/moveit_common:/home/hayashi/xarm7_ws/install/xarm_motion_planning:/home/hayashi/ws_moveit/install/moveit_configs_utils:/home/hayashi/ws_moveit/install/launch_param_builder:/opt/ros/humble LD_LIBRARY_PATH=/home/hayashi/xarm7_ws/install/xarm_gazebo/lib:/home/hayashi/xarm7_ws/install/xarm_controller/lib:/home/hayashi/xarm7_ws/install/xarm_api/lib:/home/hayashi/xarm7_ws/install/xarm_sdk/lib:/home/hayashi/xarm7_ws/install/xarm_msgs/lib:${LD_LIBRARY_PATH} PYTHONPATH=/home/hayashi/xarm7_ws/install/xarm_msgs/local/lib/python3.10/dist-packages:/home/hayashi/xarm7_ws/build/uf_ros_lib:/home/hayashi/xarm7_ws/install/uf_ros_lib/lib/python3.10/site-packages:${PYTHONPATH} /usr/bin/cmake --build /home/hayashi/xarm7_ws/build/xarm_planner -- -j16 -l16
[18.402s] Invoking command in '/home/hayashi/xarm7_ws/build/xarm_planner': AMENT_PREFIX_PATH=/home/hayashi/xarm7_ws/install/xarm_moveit_config:/home/hayashi/xarm7_ws/install/xarm_gazebo:/home/hayashi/xarm7_ws/install/xarm_controller:/home/hayashi/xarm7_ws/install/xarm_api:/home/hayashi/xarm7_ws/install/xarm_sdk:/home/hayashi/xarm7_ws/install/xarm_msgs:/home/hayashi/xarm7_ws/install/xarm_description:/home/hayashi/xarm7_ws/install/uf_ros_lib:${AMENT_PREFIX_PATH} CMAKE_PREFIX_PATH=/home/hayashi/xarm7_ws/install/xarm_moveit_config:/home/hayashi/xarm7_ws/install/xarm_gazebo:/home/hayashi/xarm7_ws/install/xarm_controller:/home/hayashi/xarm7_ws/install/xarm_api:/home/hayashi/xarm7_ws/install/xarm_sdk:/home/hayashi/xarm7_ws/install/xarm_msgs:/home/hayashi/xarm7_ws/install/xarm_description:/home/hayashi/ws_moveit/install/pilz_industrial_motion_planner_testutils:/home/hayashi/ws_moveit/install/moveit_runtime:/home/hayashi/ws_moveit/install/moveit2_tutorials:/home/hayashi/ws_moveit/install/moveit:/home/hayashi/ws_moveit/install/moveit_planners:/home/hayashi/ws_moveit/install/pilz_industrial_motion_planner:/home/hayashi/ws_moveit/install/mtc_tutorial:/home/hayashi/ws_moveit/install/hello_moveit:/home/hayashi/ws_moveit/install/moveit_visual_tools:/home/hayashi/ws_moveit/install/moveit_task_constructor_visualization:/home/hayashi/ws_moveit/install/moveit_task_constructor_demo:/home/hayashi/ws_moveit/install/moveit_task_constructor_capabilities:/home/hayashi/ws_moveit/install/moveit_task_constructor_core:/home/hayashi/ws_moveit/install/moveit_ros_control_interface:/home/hayashi/ws_moveit/install/moveit_plugins:/home/hayashi/ws_moveit/install/moveit_simple_controller_manager:/home/hayashi/ws_moveit/install/moveit_setup_assistant:/home/hayashi/ws_moveit/install/moveit_setup_srdf_plugins:/home/hayashi/ws_moveit/install/moveit_setup_core_plugins:/home/hayashi/ws_moveit/install/moveit_setup_controllers:/home/hayashi/ws_moveit/install/moveit_setup_app_plugins:/home/hayashi/ws_moveit/install/moveit_setup_framework:/home/hayashi/ws_moveit/install/moveit_servo:/home/hayashi/ws_moveit/install/moveit_ros:/home/hayashi/ws_moveit/install/moveit_ros_visualization:/home/hayashi/ws_moveit/install/moveit_hybrid_planning:/home/hayashi/ws_moveit/install/moveit_ros_planning_interface:/home/hayashi/ws_moveit/install/moveit_ros_benchmarks:/home/hayashi/ws_moveit/install/moveit_ros_warehouse:/home/hayashi/ws_moveit/install/moveit_ros_robot_interaction:/home/hayashi/ws_moveit/install/moveit_ros_perception:/home/hayashi/ws_moveit/install/moveit_resources_prbt_pg70_support:/home/hayashi/ws_moveit/install/moveit_resources_prbt_moveit_config:/home/hayashi/ws_moveit/install/moveit_ros_move_group:/home/hayashi/ws_moveit/install/moveit_planners_ompl:/home/hayashi/ws_moveit/install/moveit_ros_planning:/home/hayashi/ws_moveit/install/moveit_ros_occupancy_map_monitor:/home/hayashi/ws_moveit/install/moveit_resources_prbt_ikfast_manipulator_plugin:/home/hayashi/ws_moveit/install/moveit_planners_chomp:/home/hayashi/ws_moveit/install/moveit_kinematics:/home/hayashi/ws_moveit/install/moveit_chomp_optimizer_adapter:/home/hayashi/ws_moveit/install/chomp_motion_planner:/home/hayashi/ws_moveit/install/moveit_core:/home/hayashi/ws_moveit/install/srdfdom:/home/hayashi/ws_moveit/install/rviz_marker_tools:/home/hayashi/ws_moveit/install/rosparam_shortcuts:/home/hayashi/ws_moveit/install/moveit_task_constructor_msgs:/home/hayashi/ws_moveit/install/moveit_resources_prbt_support:/home/hayashi/ws_moveit/install/moveit_resources:/home/hayashi/ws_moveit/install/moveit_resources_pr2_description:/home/hayashi/ws_moveit/install/moveit_resources_panda_moveit_config:/home/hayashi/ws_moveit/install/moveit_resources_panda_description:/home/hayashi/ws_moveit/install/moveit_resources_fanuc_moveit_config:/home/hayashi/ws_moveit/install/moveit_resources_fanuc_description:/home/hayashi/ws_moveit/install/moveit_common:/home/hayashi/xarm7_ws/install/xarm_motion_planning:/home/hayashi/ws_moveit/install/moveit_configs_utils:/home/hayashi/ws_moveit/install/launch_param_builder:/opt/ros/humble LD_LIBRARY_PATH=/home/hayashi/xarm7_ws/install/xarm_gazebo/lib:/home/hayashi/xarm7_ws/install/xarm_controller/lib:/home/hayashi/xarm7_ws/install/xarm_api/lib:/home/hayashi/xarm7_ws/install/xarm_sdk/lib:/home/hayashi/xarm7_ws/install/xarm_msgs/lib:${LD_LIBRARY_PATH} PYTHONPATH=/home/hayashi/xarm7_ws/install/xarm_msgs/local/lib/python3.10/dist-packages:/home/hayashi/xarm7_ws/build/uf_ros_lib:/home/hayashi/xarm7_ws/install/uf_ros_lib/lib/python3.10/site-packages:${PYTHONPATH} /usr/bin/cmake --install /home/hayashi/xarm7_ws/build/xarm_planner
[18.413s] -- Install configuration: ""
[18.414s] -- Execute custom install script
[18.414s] -- Symlinking: /home/hayashi/xarm7_ws/install/xarm_planner/include/xarm_planner/xarm_planner.h
[18.427s] -- Symlinking: /home/hayashi/xarm7_ws/install/xarm_planner/lib/libxarm_planner.so
[18.437s] -- Symlinking: /home/hayashi/xarm7_ws/install/xarm_planner/lib/xarm_planner/xarm_planner_node
[18.447s] -- Symlinking: /home/hayashi/xarm7_ws/install/xarm_planner/lib/xarm_planner/xarm_gripper_planner_node
[18.457s] -- Symlinking: /home/hayashi/xarm7_ws/install/xarm_planner/lib/xarm_planner/test_xarm_planner_api_joint
[18.468s] -- Symlinking: /home/hayashi/xarm7_ws/install/xarm_planner/lib/xarm_planner/test_dual_xarm_planner_api_joint
[18.478s] -- Symlinking: /home/hayashi/xarm7_ws/install/xarm_planner/lib/xarm_planner/test_xarm_planner_api_pose
[18.488s] -- Symlinking: /home/hayashi/xarm7_ws/install/xarm_planner/lib/xarm_planner/test_xarm_gripper_planner_api_joint
[18.499s] -- Symlinking: /home/hayashi/xarm7_ws/install/xarm_planner/lib/xarm_planner/test_xarm_planner_client_joint
[18.509s] -- Symlinking: /home/hayashi/xarm7_ws/install/xarm_planner/lib/xarm_planner/test_xarm_planner_client_pose
[18.520s] -- Symlinking: /home/hayashi/xarm7_ws/install/xarm_planner/lib/xarm_planner/test_xarm_gripper_planner_client_joint
[18.530s] -- Symlinking: /home/hayashi/xarm7_ws/install/xarm_planner/lib/xarm_planner/test_lite_gripper_realmove
[18.540s] -- Symlinking: /home/hayashi/xarm7_ws/install/xarm_planner/share/xarm_planner//launch/_dual_robot_planner.launch.py
[18.551s] -- Symlinking: /home/hayashi/xarm7_ws/install/xarm_planner/share/xarm_planner//launch/_robot_planner.launch.py
[18.561s] -- Symlinking: /home/hayashi/xarm7_ws/install/xarm_planner/share/xarm_planner//launch/lite6_planner_fake.launch.py
[18.571s] -- Symlinking: /home/hayashi/xarm7_ws/install/xarm_planner/share/xarm_planner//launch/lite6_planner_gazebo.launch.py
[18.581s] -- Symlinking: /home/hayashi/xarm7_ws/install/xarm_planner/share/xarm_planner//launch/lite6_planner_realmove.launch.py
[18.591s] -- Symlinking: /home/hayashi/xarm7_ws/install/xarm_planner/share/xarm_planner//launch/test_dual_xarm_planner_api_joint.launch.py
[18.602s] -- Symlinking: /home/hayashi/xarm7_ws/install/xarm_planner/share/xarm_planner//launch/test_lite_gripper_realmove.launch.py
[18.612s] -- Symlinking: /home/hayashi/xarm7_ws/install/xarm_planner/share/xarm_planner//launch/test_move_group.launch.py
[18.623s] -- Symlinking: /home/hayashi/xarm7_ws/install/xarm_planner/share/xarm_planner//launch/test_xarm_gripper_planner_api_joint.launch.py
[18.633s] -- Symlinking: /home/hayashi/xarm7_ws/install/xarm_planner/share/xarm_planner//launch/test_xarm_gripper_planner_client_joint.launch.py
[18.643s] -- Symlinking: /home/hayashi/xarm7_ws/install/xarm_planner/share/xarm_planner//launch/test_xarm_planner_api_joint.launch.py
[18.653s] -- Symlinking: /home/hayashi/xarm7_ws/install/xarm_planner/share/xarm_planner//launch/test_xarm_planner_api_pose.launch.py
[18.663s] -- Symlinking: /home/hayashi/xarm7_ws/install/xarm_planner/share/xarm_planner//launch/test_xarm_planner_client_joint.launch.py
[18.673s] -- Symlinking: /home/hayashi/xarm7_ws/install/xarm_planner/share/xarm_planner//launch/test_xarm_planner_client_pose.launch.py
[18.684s] -- Symlinking: /home/hayashi/xarm7_ws/install/xarm_planner/share/xarm_planner//launch/uf850_planner_fake.launch.py
[18.694s] -- Symlinking: /home/hayashi/xarm7_ws/install/xarm_planner/share/xarm_planner//launch/uf850_planner_gazebo.launch.py
[18.704s] -- Symlinking: /home/hayashi/xarm7_ws/install/xarm_planner/share/xarm_planner//launch/uf850_planner_realmove.launch.py
[18.715s] -- Symlinking: /home/hayashi/xarm7_ws/install/xarm_planner/share/xarm_planner//launch/xarm5_planner_fake.launch.py
[18.727s] -- Symlinking: /home/hayashi/xarm7_ws/install/xarm_planner/share/xarm_planner//launch/xarm5_planner_gazebo.launch.py
[18.737s] -- Symlinking: /home/hayashi/xarm7_ws/install/xarm_planner/share/xarm_planner//launch/xarm5_planner_realmove.launch.py
[18.747s] -- Symlinking: /home/hayashi/xarm7_ws/install/xarm_planner/share/xarm_planner//launch/xarm6_planner_fake.launch.py
[18.758s] -- Symlinking: /home/hayashi/xarm7_ws/install/xarm_planner/share/xarm_planner//launch/xarm6_planner_gazebo.launch.py
[18.768s] -- Symlinking: /home/hayashi/xarm7_ws/install/xarm_planner/share/xarm_planner//launch/xarm6_planner_realmove.launch.py
[18.778s] -- Symlinking: /home/hayashi/xarm7_ws/install/xarm_planner/share/xarm_planner//launch/xarm7_mirror_planner_fake.launch.py
[18.789s] -- Symlinking: /home/hayashi/xarm7_ws/install/xarm_planner/share/xarm_planner//launch/xarm7_mirror_planner_gazebo.launch.py
[18.799s] -- Symlinking: /home/hayashi/xarm7_ws/install/xarm_planner/share/xarm_planner//launch/xarm7_mirror_planner_realmove.launch.py
[18.810s] -- Symlinking: /home/hayashi/xarm7_ws/install/xarm_planner/share/xarm_planner//launch/xarm7_planner_fake.launch.py
[18.821s] -- Symlinking: /home/hayashi/xarm7_ws/install/xarm_planner/share/xarm_planner//launch/xarm7_planner_gazebo.launch.py
[18.831s] -- Symlinking: /home/hayashi/xarm7_ws/install/xarm_planner/share/xarm_planner//launch/xarm7_planner_realmove.launch.py
[18.844s] -- Symlinking: /home/hayashi/xarm7_ws/install/xarm_planner/share/ament_index/resource_index/package_run_dependencies/xarm_planner
[18.856s] -- Symlinking: /home/hayashi/xarm7_ws/install/xarm_planner/share/ament_index/resource_index/parent_prefix_path/xarm_planner
[18.866s] -- Symlinking: /home/hayashi/xarm7_ws/install/xarm_planner/share/xarm_planner/environment/ament_prefix_path.sh
[18.877s] -- Symlinking: /home/hayashi/xarm7_ws/install/xarm_planner/share/xarm_planner/environment/ament_prefix_path.dsv
[18.887s] -- Symlinking: /home/hayashi/xarm7_ws/install/xarm_planner/share/xarm_planner/environment/path.sh
[18.898s] -- Symlinking: /home/hayashi/xarm7_ws/install/xarm_planner/share/xarm_planner/environment/path.dsv
[18.909s] -- Symlinking: /home/hayashi/xarm7_ws/install/xarm_planner/share/xarm_planner/local_setup.bash
[18.920s] -- Symlinking: /home/hayashi/xarm7_ws/install/xarm_planner/share/xarm_planner/local_setup.sh
[18.930s] -- Symlinking: /home/hayashi/xarm7_ws/install/xarm_planner/share/xarm_planner/local_setup.zsh
[18.943s] -- Symlinking: /home/hayashi/xarm7_ws/install/xarm_planner/share/xarm_planner/local_setup.dsv
[18.954s] -- Symlinking: /home/hayashi/xarm7_ws/install/xarm_planner/share/xarm_planner/package.dsv
[18.964s] -- Symlinking: /home/hayashi/xarm7_ws/install/xarm_planner/share/ament_index/resource_index/packages/xarm_planner
[18.975s] -- Symlinking: /home/hayashi/xarm7_ws/install/xarm_planner/share/xarm_planner/cmake/xarm_plannerConfig.cmake
[18.986s] -- Symlinking: /home/hayashi/xarm7_ws/install/xarm_planner/share/xarm_planner/cmake/xarm_plannerConfig-version.cmake
[18.996s] -- Symlinking: /home/hayashi/xarm7_ws/install/xarm_planner/share/xarm_planner/package.xml
[19.009s] Invoked command in '/home/hayashi/xarm7_ws/build/xarm_planner' returned '0': AMENT_PREFIX_PATH=/home/hayashi/xarm7_ws/install/xarm_moveit_config:/home/hayashi/xarm7_ws/install/xarm_gazebo:/home/hayashi/xarm7_ws/install/xarm_controller:/home/hayashi/xarm7_ws/install/xarm_api:/home/hayashi/xarm7_ws/install/xarm_sdk:/home/hayashi/xarm7_ws/install/xarm_msgs:/home/hayashi/xarm7_ws/install/xarm_description:/home/hayashi/xarm7_ws/install/uf_ros_lib:${AMENT_PREFIX_PATH} CMAKE_PREFIX_PATH=/home/hayashi/xarm7_ws/install/xarm_moveit_config:/home/hayashi/xarm7_ws/install/xarm_gazebo:/home/hayashi/xarm7_ws/install/xarm_controller:/home/hayashi/xarm7_ws/install/xarm_api:/home/hayashi/xarm7_ws/install/xarm_sdk:/home/hayashi/xarm7_ws/install/xarm_msgs:/home/hayashi/xarm7_ws/install/xarm_description:/home/hayashi/ws_moveit/install/pilz_industrial_motion_planner_testutils:/home/hayashi/ws_moveit/install/moveit_runtime:/home/hayashi/ws_moveit/install/moveit2_tutorials:/home/hayashi/ws_moveit/install/moveit:/home/hayashi/ws_moveit/install/moveit_planners:/home/hayashi/ws_moveit/install/pilz_industrial_motion_planner:/home/hayashi/ws_moveit/install/mtc_tutorial:/home/hayashi/ws_moveit/install/hello_moveit:/home/hayashi/ws_moveit/install/moveit_visual_tools:/home/hayashi/ws_moveit/install/moveit_task_constructor_visualization:/home/hayashi/ws_moveit/install/moveit_task_constructor_demo:/home/hayashi/ws_moveit/install/moveit_task_constructor_capabilities:/home/hayashi/ws_moveit/install/moveit_task_constructor_core:/home/hayashi/ws_moveit/install/moveit_ros_control_interface:/home/hayashi/ws_moveit/install/moveit_plugins:/home/hayashi/ws_moveit/install/moveit_simple_controller_manager:/home/hayashi/ws_moveit/install/moveit_setup_assistant:/home/hayashi/ws_moveit/install/moveit_setup_srdf_plugins:/home/hayashi/ws_moveit/install/moveit_setup_core_plugins:/home/hayashi/ws_moveit/install/moveit_setup_controllers:/home/hayashi/ws_moveit/install/moveit_setup_app_plugins:/home/hayashi/ws_moveit/install/moveit_setup_framework:/home/hayashi/ws_moveit/install/moveit_servo:/home/hayashi/ws_moveit/install/moveit_ros:/home/hayashi/ws_moveit/install/moveit_ros_visualization:/home/hayashi/ws_moveit/install/moveit_hybrid_planning:/home/hayashi/ws_moveit/install/moveit_ros_planning_interface:/home/hayashi/ws_moveit/install/moveit_ros_benchmarks:/home/hayashi/ws_moveit/install/moveit_ros_warehouse:/home/hayashi/ws_moveit/install/moveit_ros_robot_interaction:/home/hayashi/ws_moveit/install/moveit_ros_perception:/home/hayashi/ws_moveit/install/moveit_resources_prbt_pg70_support:/home/hayashi/ws_moveit/install/moveit_resources_prbt_moveit_config:/home/hayashi/ws_moveit/install/moveit_ros_move_group:/home/hayashi/ws_moveit/install/moveit_planners_ompl:/home/hayashi/ws_moveit/install/moveit_ros_planning:/home/hayashi/ws_moveit/install/moveit_ros_occupancy_map_monitor:/home/hayashi/ws_moveit/install/moveit_resources_prbt_ikfast_manipulator_plugin:/home/hayashi/ws_moveit/install/moveit_planners_chomp:/home/hayashi/ws_moveit/install/moveit_kinematics:/home/hayashi/ws_moveit/install/moveit_chomp_optimizer_adapter:/home/hayashi/ws_moveit/install/chomp_motion_planner:/home/hayashi/ws_moveit/install/moveit_core:/home/hayashi/ws_moveit/install/srdfdom:/home/hayashi/ws_moveit/install/rviz_marker_tools:/home/hayashi/ws_moveit/install/rosparam_shortcuts:/home/hayashi/ws_moveit/install/moveit_task_constructor_msgs:/home/hayashi/ws_moveit/install/moveit_resources_prbt_support:/home/hayashi/ws_moveit/install/moveit_resources:/home/hayashi/ws_moveit/install/moveit_resources_pr2_description:/home/hayashi/ws_moveit/install/moveit_resources_panda_moveit_config:/home/hayashi/ws_moveit/install/moveit_resources_panda_description:/home/hayashi/ws_moveit/install/moveit_resources_fanuc_moveit_config:/home/hayashi/ws_moveit/install/moveit_resources_fanuc_description:/home/hayashi/ws_moveit/install/moveit_common:/home/hayashi/xarm7_ws/install/xarm_motion_planning:/home/hayashi/ws_moveit/install/moveit_configs_utils:/home/hayashi/ws_moveit/install/launch_param_builder:/opt/ros/humble LD_LIBRARY_PATH=/home/hayashi/xarm7_ws/install/xarm_gazebo/lib:/home/hayashi/xarm7_ws/install/xarm_controller/lib:/home/hayashi/xarm7_ws/install/xarm_api/lib:/home/hayashi/xarm7_ws/install/xarm_sdk/lib:/home/hayashi/xarm7_ws/install/xarm_msgs/lib:${LD_LIBRARY_PATH} PYTHONPATH=/home/hayashi/xarm7_ws/install/xarm_msgs/local/lib/python3.10/dist-packages:/home/hayashi/xarm7_ws/build/uf_ros_lib:/home/hayashi/xarm7_ws/install/uf_ros_lib/lib/python3.10/site-packages:${PYTHONPATH} /usr/bin/cmake --install /home/hayashi/xarm7_ws/build/xarm_planner
