-- Install configuration: ""
-- Execute custom install script
-- Up-to-date symlink: /home/hayashi/xarm7_ws/install/xarm_moveit_config/share/xarm_moveit_config//config/bio_gripper/controllers.yaml
-- Up-to-date symlink: /home/hayashi/xarm7_ws/install/xarm_moveit_config/share/xarm_moveit_config//config/bio_gripper/fake_controllers.yaml
-- Up-to-date symlink: /home/hayashi/xarm7_ws/install/xarm_moveit_config/share/xarm_moveit_config//config/bio_gripper/joint_limits.yaml
-- Up-to-date symlink: /home/hayashi/xarm7_ws/install/xarm_moveit_config/share/xarm_moveit_config//config/bio_gripper/ompl_planning.yaml
-- Up-to-date symlink: /home/hayashi/xarm7_ws/install/xarm_moveit_config/share/xarm_moveit_config//config/lite6/controllers.yaml
-- Up-to-date symlink: /home/hayashi/xarm7_ws/install/xarm_moveit_config/share/xarm_moveit_config//config/lite6/fake_controllers.yaml
-- Up-to-date symlink: /home/hayashi/xarm7_ws/install/xarm_moveit_config/share/xarm_moveit_config//config/lite6/joint_limits.yaml
-- Up-to-date symlink: /home/hayashi/xarm7_ws/install/xarm_moveit_config/share/xarm_moveit_config//config/lite6/kinematics.yaml
-- Up-to-date symlink: /home/hayashi/xarm7_ws/install/xarm_moveit_config/share/xarm_moveit_config//config/lite6/ompl_planning.yaml
-- Up-to-date symlink: /home/hayashi/xarm7_ws/install/xarm_moveit_config/share/xarm_moveit_config//config/moveit_configs/chomp_planning.yaml
-- Up-to-date symlink: /home/hayashi/xarm7_ws/install/xarm_moveit_config/share/xarm_moveit_config//config/moveit_configs/ompl_defaults.yaml
-- Up-to-date symlink: /home/hayashi/xarm7_ws/install/xarm_moveit_config/share/xarm_moveit_config//config/moveit_configs/ompl_planning.yaml
-- Up-to-date symlink: /home/hayashi/xarm7_ws/install/xarm_moveit_config/share/xarm_moveit_config//config/moveit_configs/pilz_cartesian_limits.yaml
-- Up-to-date symlink: /home/hayashi/xarm7_ws/install/xarm_moveit_config/share/xarm_moveit_config//config/moveit_configs/pilz_industrial_motion_planner_planning.yaml
-- Up-to-date symlink: /home/hayashi/xarm7_ws/install/xarm_moveit_config/share/xarm_moveit_config//config/uf850/controllers.yaml
-- Up-to-date symlink: /home/hayashi/xarm7_ws/install/xarm_moveit_config/share/xarm_moveit_config//config/uf850/fake_controllers.yaml
-- Up-to-date symlink: /home/hayashi/xarm7_ws/install/xarm_moveit_config/share/xarm_moveit_config//config/uf850/joint_limits.yaml
-- Up-to-date symlink: /home/hayashi/xarm7_ws/install/xarm_moveit_config/share/xarm_moveit_config//config/uf850/kinematics.yaml
-- Up-to-date symlink: /home/hayashi/xarm7_ws/install/xarm_moveit_config/share/xarm_moveit_config//config/uf850/ompl_planning.yaml
-- Up-to-date symlink: /home/hayashi/xarm7_ws/install/xarm_moveit_config/share/xarm_moveit_config//config/uf850_gripper/controllers.yaml
-- Up-to-date symlink: /home/hayashi/xarm7_ws/install/xarm_moveit_config/share/xarm_moveit_config//config/uf850_gripper/fake_controllers.yaml
-- Up-to-date symlink: /home/hayashi/xarm7_ws/install/xarm_moveit_config/share/xarm_moveit_config//config/uf850_gripper/joint_limits.yaml
-- Up-to-date symlink: /home/hayashi/xarm7_ws/install/xarm_moveit_config/share/xarm_moveit_config//config/uf850_gripper/ompl_planning.yaml
-- Up-to-date symlink: /home/hayashi/xarm7_ws/install/xarm_moveit_config/share/xarm_moveit_config//config/xarm5/controllers.yaml
-- Up-to-date symlink: /home/hayashi/xarm7_ws/install/xarm_moveit_config/share/xarm_moveit_config//config/xarm5/fake_controllers.yaml
-- Up-to-date symlink: /home/hayashi/xarm7_ws/install/xarm_moveit_config/share/xarm_moveit_config//config/xarm5/joint_limits.yaml
-- Up-to-date symlink: /home/hayashi/xarm7_ws/install/xarm_moveit_config/share/xarm_moveit_config//config/xarm5/kinematics.yaml
-- Up-to-date symlink: /home/hayashi/xarm7_ws/install/xarm_moveit_config/share/xarm_moveit_config//config/xarm5/ompl_planning.yaml
-- Up-to-date symlink: /home/hayashi/xarm7_ws/install/xarm_moveit_config/share/xarm_moveit_config//config/xarm6/controllers.yaml
-- Up-to-date symlink: /home/hayashi/xarm7_ws/install/xarm_moveit_config/share/xarm_moveit_config//config/xarm6/fake_controllers.yaml
-- Up-to-date symlink: /home/hayashi/xarm7_ws/install/xarm_moveit_config/share/xarm_moveit_config//config/xarm6/joint_limits.yaml
-- Up-to-date symlink: /home/hayashi/xarm7_ws/install/xarm_moveit_config/share/xarm_moveit_config//config/xarm6/kinematics.yaml
-- Up-to-date symlink: /home/hayashi/xarm7_ws/install/xarm_moveit_config/share/xarm_moveit_config//config/xarm6/ompl_planning.yaml
-- Up-to-date symlink: /home/hayashi/xarm7_ws/install/xarm_moveit_config/share/xarm_moveit_config//config/xarm7/controllers.yaml
-- Up-to-date symlink: /home/hayashi/xarm7_ws/install/xarm_moveit_config/share/xarm_moveit_config//config/xarm7/fake_controllers.yaml
-- Up-to-date symlink: /home/hayashi/xarm7_ws/install/xarm_moveit_config/share/xarm_moveit_config//config/xarm7/joint_limits.yaml
-- Up-to-date symlink: /home/hayashi/xarm7_ws/install/xarm_moveit_config/share/xarm_moveit_config//config/xarm7/kinematics.yaml
-- Up-to-date symlink: /home/hayashi/xarm7_ws/install/xarm_moveit_config/share/xarm_moveit_config//config/xarm7/ompl_planning.yaml
-- Up-to-date symlink: /home/hayashi/xarm7_ws/install/xarm_moveit_config/share/xarm_moveit_config//config/xarm7_mirror/controllers.yaml
-- Up-to-date symlink: /home/hayashi/xarm7_ws/install/xarm_moveit_config/share/xarm_moveit_config//config/xarm7_mirror/fake_controllers.yaml
-- Up-to-date symlink: /home/hayashi/xarm7_ws/install/xarm_moveit_config/share/xarm_moveit_config//config/xarm7_mirror/joint_limits.yaml
-- Up-to-date symlink: /home/hayashi/xarm7_ws/install/xarm_moveit_config/share/xarm_moveit_config//config/xarm7_mirror/kinematics.yaml
-- Up-to-date symlink: /home/hayashi/xarm7_ws/install/xarm_moveit_config/share/xarm_moveit_config//config/xarm7_mirror/ompl_planning.yaml
-- Up-to-date symlink: /home/hayashi/xarm7_ws/install/xarm_moveit_config/share/xarm_moveit_config//config/xarm7_mirror_gripper/controllers.yaml
-- Up-to-date symlink: /home/hayashi/xarm7_ws/install/xarm_moveit_config/share/xarm_moveit_config//config/xarm7_mirror_gripper/fake_controllers.yaml
-- Up-to-date symlink: /home/hayashi/xarm7_ws/install/xarm_moveit_config/share/xarm_moveit_config//config/xarm7_mirror_gripper/joint_limits.yaml
-- Up-to-date symlink: /home/hayashi/xarm7_ws/install/xarm_moveit_config/share/xarm_moveit_config//config/xarm7_mirror_gripper/ompl_planning.yaml
-- Up-to-date symlink: /home/hayashi/xarm7_ws/install/xarm_moveit_config/share/xarm_moveit_config//config/xarm_gripper/controllers.yaml
-- Up-to-date symlink: /home/hayashi/xarm7_ws/install/xarm_moveit_config/share/xarm_moveit_config//config/xarm_gripper/fake_controllers.yaml
-- Up-to-date symlink: /home/hayashi/xarm7_ws/install/xarm_moveit_config/share/xarm_moveit_config//config/xarm_gripper/joint_limits.yaml
-- Up-to-date symlink: /home/hayashi/xarm7_ws/install/xarm_moveit_config/share/xarm_moveit_config//config/xarm_gripper/ompl_planning.yaml
-- Up-to-date symlink: /home/hayashi/xarm7_ws/install/xarm_moveit_config/share/xarm_moveit_config//rviz/dual_moveit.rviz
-- Up-to-date symlink: /home/hayashi/xarm7_ws/install/xarm_moveit_config/share/xarm_moveit_config//rviz/dual_planner.rviz
-- Up-to-date symlink: /home/hayashi/xarm7_ws/install/xarm_moveit_config/share/xarm_moveit_config//rviz/moveit.rviz
-- Up-to-date symlink: /home/hayashi/xarm7_ws/install/xarm_moveit_config/share/xarm_moveit_config//rviz/planner.rviz
-- Up-to-date symlink: /home/hayashi/xarm7_ws/install/xarm_moveit_config/share/xarm_moveit_config//srdf/_lite6_macro.srdf.xacro
-- Up-to-date symlink: /home/hayashi/xarm7_ws/install/xarm_moveit_config/share/xarm_moveit_config//srdf/_uf850_macro.srdf.xacro
-- Up-to-date symlink: /home/hayashi/xarm7_ws/install/xarm_moveit_config/share/xarm_moveit_config//srdf/_xarm5_macro.srdf.xacro
-- Up-to-date symlink: /home/hayashi/xarm7_ws/install/xarm_moveit_config/share/xarm_moveit_config//srdf/_xarm6_macro.srdf.xacro
-- Up-to-date symlink: /home/hayashi/xarm7_ws/install/xarm_moveit_config/share/xarm_moveit_config//srdf/_xarm7_macro.srdf.xacro
-- Up-to-date symlink: /home/hayashi/xarm7_ws/install/xarm_moveit_config/share/xarm_moveit_config//srdf/_xarm7_mirror_macro.srdf.xacro
-- Up-to-date symlink: /home/hayashi/xarm7_ws/install/xarm_moveit_config/share/xarm_moveit_config//srdf/dual_xarm.srdf.xacro
-- Up-to-date symlink: /home/hayashi/xarm7_ws/install/xarm_moveit_config/share/xarm_moveit_config//srdf/xarm.srdf.xacro
-- Up-to-date symlink: /home/hayashi/xarm7_ws/install/xarm_moveit_config/share/xarm_moveit_config//srdf/xarm_macro.srdf.xacro
-- Up-to-date symlink: /home/hayashi/xarm7_ws/install/xarm_moveit_config/share/xarm_moveit_config//launch/_dual_robot_moveit_common.launch.py
-- Up-to-date symlink: /home/hayashi/xarm7_ws/install/xarm_moveit_config/share/xarm_moveit_config//launch/_dual_robot_moveit_common2.launch.py
-- Up-to-date symlink: /home/hayashi/xarm7_ws/install/xarm_moveit_config/share/xarm_moveit_config//launch/_dual_robot_moveit_fake.launch.py
-- Up-to-date symlink: /home/hayashi/xarm7_ws/install/xarm_moveit_config/share/xarm_moveit_config//launch/_dual_robot_moveit_gazebo.launch.py
-- Up-to-date symlink: /home/hayashi/xarm7_ws/install/xarm_moveit_config/share/xarm_moveit_config//launch/_dual_robot_moveit_realmove.launch.py
-- Up-to-date symlink: /home/hayashi/xarm7_ws/install/xarm_moveit_config/share/xarm_moveit_config//launch/_robot_moveit_common.launch.py
-- Up-to-date symlink: /home/hayashi/xarm7_ws/install/xarm_moveit_config/share/xarm_moveit_config//launch/_robot_moveit_common2.launch.py
-- Up-to-date symlink: /home/hayashi/xarm7_ws/install/xarm_moveit_config/share/xarm_moveit_config//launch/_robot_moveit_fake.launch.py
-- Up-to-date symlink: /home/hayashi/xarm7_ws/install/xarm_moveit_config/share/xarm_moveit_config//launch/_robot_moveit_gazebo.launch.py
-- Up-to-date symlink: /home/hayashi/xarm7_ws/install/xarm_moveit_config/share/xarm_moveit_config//launch/_robot_moveit_ignition.launch.py
-- Up-to-date symlink: /home/hayashi/xarm7_ws/install/xarm_moveit_config/share/xarm_moveit_config//launch/_robot_moveit_realmove.launch.py
-- Up-to-date symlink: /home/hayashi/xarm7_ws/install/xarm_moveit_config/share/xarm_moveit_config//launch/demo/demo_dual_fake.launch.py
-- Up-to-date symlink: /home/hayashi/xarm7_ws/install/xarm_moveit_config/share/xarm_moveit_config//launch/demo/demo_dual_realmove.launch.py
-- Up-to-date symlink: /home/hayashi/xarm7_ws/install/xarm_moveit_config/share/xarm_moveit_config//launch/demo/demo_fake.launch.py
-- Up-to-date symlink: /home/hayashi/xarm7_ws/install/xarm_moveit_config/share/xarm_moveit_config//launch/demo/demo_realmove.launch.py
-- Up-to-date symlink: /home/hayashi/xarm7_ws/install/xarm_moveit_config/share/xarm_moveit_config//launch/dual_lite6_moveit_fake.launch.py
-- Up-to-date symlink: /home/hayashi/xarm7_ws/install/xarm_moveit_config/share/xarm_moveit_config//launch/dual_lite6_moveit_realmove.launch.py
-- Up-to-date symlink: /home/hayashi/xarm7_ws/install/xarm_moveit_config/share/xarm_moveit_config//launch/dual_uf850_moveit_fake.launch.py
-- Up-to-date symlink: /home/hayashi/xarm7_ws/install/xarm_moveit_config/share/xarm_moveit_config//launch/dual_uf850_moveit_realmove.launch.py
-- Up-to-date symlink: /home/hayashi/xarm7_ws/install/xarm_moveit_config/share/xarm_moveit_config//launch/dual_xarm5_moveit_fake.launch.py
-- Up-to-date symlink: /home/hayashi/xarm7_ws/install/xarm_moveit_config/share/xarm_moveit_config//launch/dual_xarm5_moveit_realmove.launch.py
-- Up-to-date symlink: /home/hayashi/xarm7_ws/install/xarm_moveit_config/share/xarm_moveit_config//launch/dual_xarm6_moveit_fake.launch.py
-- Up-to-date symlink: /home/hayashi/xarm7_ws/install/xarm_moveit_config/share/xarm_moveit_config//launch/dual_xarm6_moveit_realmove.launch.py
-- Up-to-date symlink: /home/hayashi/xarm7_ws/install/xarm_moveit_config/share/xarm_moveit_config//launch/dual_xarm7_moveit_fake.launch.py
-- Up-to-date symlink: /home/hayashi/xarm7_ws/install/xarm_moveit_config/share/xarm_moveit_config//launch/dual_xarm7_moveit_realmove.launch.py
-- Up-to-date symlink: /home/hayashi/xarm7_ws/install/xarm_moveit_config/share/xarm_moveit_config//launch/lib/robot_moveit_config_lib.py
-- Up-to-date symlink: /home/hayashi/xarm7_ws/install/xarm_moveit_config/share/xarm_moveit_config//launch/lite6_moveit_fake.launch.py
-- Up-to-date symlink: /home/hayashi/xarm7_ws/install/xarm_moveit_config/share/xarm_moveit_config//launch/lite6_moveit_gazebo.launch.py
-- Up-to-date symlink: /home/hayashi/xarm7_ws/install/xarm_moveit_config/share/xarm_moveit_config//launch/lite6_moveit_realmove.launch.py
-- Up-to-date symlink: /home/hayashi/xarm7_ws/install/xarm_moveit_config/share/xarm_moveit_config//launch/uf850_moveit_fake.launch.py
-- Up-to-date symlink: /home/hayashi/xarm7_ws/install/xarm_moveit_config/share/xarm_moveit_config//launch/uf850_moveit_gazebo.launch.py
-- Up-to-date symlink: /home/hayashi/xarm7_ws/install/xarm_moveit_config/share/xarm_moveit_config//launch/uf850_moveit_realmove.launch.py
-- Up-to-date symlink: /home/hayashi/xarm7_ws/install/xarm_moveit_config/share/xarm_moveit_config//launch/xarm5_moveit_fake.launch.py
-- Up-to-date symlink: /home/hayashi/xarm7_ws/install/xarm_moveit_config/share/xarm_moveit_config//launch/xarm5_moveit_gazebo.launch.py
-- Up-to-date symlink: /home/hayashi/xarm7_ws/install/xarm_moveit_config/share/xarm_moveit_config//launch/xarm5_moveit_realmove.launch.py
-- Up-to-date symlink: /home/hayashi/xarm7_ws/install/xarm_moveit_config/share/xarm_moveit_config//launch/xarm6_moveit_fake.launch.py
-- Up-to-date symlink: /home/hayashi/xarm7_ws/install/xarm_moveit_config/share/xarm_moveit_config//launch/xarm6_moveit_gazebo.launch.py
-- Up-to-date symlink: /home/hayashi/xarm7_ws/install/xarm_moveit_config/share/xarm_moveit_config//launch/xarm6_moveit_realmove.launch.py
-- Up-to-date symlink: /home/hayashi/xarm7_ws/install/xarm_moveit_config/share/xarm_moveit_config//launch/xarm7_mirror_moveit_fake.launch.py
-- Up-to-date symlink: /home/hayashi/xarm7_ws/install/xarm_moveit_config/share/xarm_moveit_config//launch/xarm7_mirror_moveit_gazebo.launch.py
-- Up-to-date symlink: /home/hayashi/xarm7_ws/install/xarm_moveit_config/share/xarm_moveit_config//launch/xarm7_mirror_moveit_realmove.launch.py
-- Up-to-date symlink: /home/hayashi/xarm7_ws/install/xarm_moveit_config/share/xarm_moveit_config//launch/xarm7_moveit_fake.launch.py
-- Up-to-date symlink: /home/hayashi/xarm7_ws/install/xarm_moveit_config/share/xarm_moveit_config//launch/xarm7_moveit_gazebo.launch.py
-- Up-to-date symlink: /home/hayashi/xarm7_ws/install/xarm_moveit_config/share/xarm_moveit_config//launch/xarm7_moveit_realmove.launch.py
-- Up-to-date symlink: /home/hayashi/xarm7_ws/install/xarm_moveit_config/share/ament_index/resource_index/package_run_dependencies/xarm_moveit_config
-- Up-to-date symlink: /home/hayashi/xarm7_ws/install/xarm_moveit_config/share/ament_index/resource_index/parent_prefix_path/xarm_moveit_config
-- Up-to-date symlink: /home/hayashi/xarm7_ws/install/xarm_moveit_config/share/xarm_moveit_config/environment/ament_prefix_path.sh
-- Up-to-date symlink: /home/hayashi/xarm7_ws/install/xarm_moveit_config/share/xarm_moveit_config/environment/ament_prefix_path.dsv
-- Up-to-date symlink: /home/hayashi/xarm7_ws/install/xarm_moveit_config/share/xarm_moveit_config/environment/path.sh
-- Up-to-date symlink: /home/hayashi/xarm7_ws/install/xarm_moveit_config/share/xarm_moveit_config/environment/path.dsv
-- Up-to-date symlink: /home/hayashi/xarm7_ws/install/xarm_moveit_config/share/xarm_moveit_config/local_setup.bash
-- Up-to-date symlink: /home/hayashi/xarm7_ws/install/xarm_moveit_config/share/xarm_moveit_config/local_setup.sh
-- Up-to-date symlink: /home/hayashi/xarm7_ws/install/xarm_moveit_config/share/xarm_moveit_config/local_setup.zsh
-- Up-to-date symlink: /home/hayashi/xarm7_ws/install/xarm_moveit_config/share/xarm_moveit_config/local_setup.dsv
-- Symlinking: /home/hayashi/xarm7_ws/install/xarm_moveit_config/share/xarm_moveit_config/package.dsv
-- Up-to-date symlink: /home/hayashi/xarm7_ws/install/xarm_moveit_config/share/ament_index/resource_index/packages/xarm_moveit_config
-- Up-to-date symlink: /home/hayashi/xarm7_ws/install/xarm_moveit_config/share/xarm_moveit_config/cmake/xarm_moveit_configConfig.cmake
-- Up-to-date symlink: /home/hayashi/xarm7_ws/install/xarm_moveit_config/share/xarm_moveit_config/cmake/xarm_moveit_configConfig-version.cmake
-- Up-to-date symlink: /home/hayashi/xarm7_ws/install/xarm_moveit_config/share/xarm_moveit_config/package.xml
