[0.184s] Invoking command in '/home/hayashi/xarm7_ws/build/realsense_gazebo_plugin': CMAKE_PREFIX_PATH=${CMAKE_PREFIX_PATH}:/home/hayashi/xarm7_ws/install/xarm_motion_planning:/home/hayashi/xarm7_ws/install/uf_ros_lib:/home/hayashi/ws_moveit/install/moveit_configs_utils:/home/hayashi/ws_moveit/install/launch_param_builder:/opt/ros/humble /usr/bin/cmake --build /home/hayashi/xarm7_ws/build/realsense_gazebo_plugin -- -j16 -l16
[0.266s] [100%] Built target realsense_gazebo_plugin
[0.341s] Invoked command in '/home/hayashi/xarm7_ws/build/realsense_gazebo_plugin' returned '0': CMAKE_PREFIX_PATH=${CMAKE_PREFIX_PATH}:/home/hayashi/xarm7_ws/install/xarm_motion_planning:/home/hayashi/xarm7_ws/install/uf_ros_lib:/home/hayashi/ws_moveit/install/moveit_configs_utils:/home/hayashi/ws_moveit/install/launch_param_builder:/opt/ros/humble /usr/bin/cmake --build /home/hayashi/xarm7_ws/build/realsense_gazebo_plugin -- -j16 -l16
[0.370s] Invoking command in '/home/hayashi/xarm7_ws/build/realsense_gazebo_plugin': CMAKE_PREFIX_PATH=${CMAKE_PREFIX_PATH}:/home/hayashi/xarm7_ws/install/xarm_motion_planning:/home/hayashi/xarm7_ws/install/uf_ros_lib:/home/hayashi/ws_moveit/install/moveit_configs_utils:/home/hayashi/ws_moveit/install/launch_param_builder:/opt/ros/humble /usr/bin/cmake --install /home/hayashi/xarm7_ws/build/realsense_gazebo_plugin
[0.383s] -- Install configuration: ""
[0.383s] -- Execute custom install script
[0.383s] -- Up-to-date symlink: /home/hayashi/xarm7_ws/install/realsense_gazebo_plugin/lib/librealsense_gazebo_plugin.so
[0.386s] -- Up-to-date symlink: /home/hayashi/xarm7_ws/install/realsense_gazebo_plugin/include//realsense_gazebo_plugin/RealSensePlugin.h
[0.386s] -- Up-to-date symlink: /home/hayashi/xarm7_ws/install/realsense_gazebo_plugin/include//realsense_gazebo_plugin/gazebo_ros_realsense.h
[0.386s] -- Up-to-date symlink: /home/hayashi/xarm7_ws/install/realsense_gazebo_plugin/share/realsense_gazebo_plugin/environment/library_path.sh
[0.386s] -- Up-to-date symlink: /home/hayashi/xarm7_ws/install/realsense_gazebo_plugin/share/realsense_gazebo_plugin/environment/library_path.dsv
[0.386s] -- Up-to-date symlink: /home/hayashi/xarm7_ws/install/realsense_gazebo_plugin/share/ament_index/resource_index/package_run_dependencies/realsense_gazebo_plugin
[0.388s] -- Up-to-date symlink: /home/hayashi/xarm7_ws/install/realsense_gazebo_plugin/share/ament_index/resource_index/parent_prefix_path/realsense_gazebo_plugin
[0.388s] -- Up-to-date symlink: /home/hayashi/xarm7_ws/install/realsense_gazebo_plugin/share/realsense_gazebo_plugin/environment/ament_prefix_path.sh
[0.388s] -- Up-to-date symlink: /home/hayashi/xarm7_ws/install/realsense_gazebo_plugin/share/realsense_gazebo_plugin/environment/ament_prefix_path.dsv
[0.388s] -- Up-to-date symlink: /home/hayashi/xarm7_ws/install/realsense_gazebo_plugin/share/realsense_gazebo_plugin/environment/path.sh
[0.388s] -- Up-to-date symlink: /home/hayashi/xarm7_ws/install/realsense_gazebo_plugin/share/realsense_gazebo_plugin/environment/path.dsv
[0.389s] -- Up-to-date symlink: /home/hayashi/xarm7_ws/install/realsense_gazebo_plugin/share/realsense_gazebo_plugin/local_setup.bash
[0.389s] -- Up-to-date symlink: /home/hayashi/xarm7_ws/install/realsense_gazebo_plugin/share/realsense_gazebo_plugin/local_setup.sh
[0.389s] -- Up-to-date symlink: /home/hayashi/xarm7_ws/install/realsense_gazebo_plugin/share/realsense_gazebo_plugin/local_setup.zsh
[0.389s] -- Up-to-date symlink: /home/hayashi/xarm7_ws/install/realsense_gazebo_plugin/share/realsense_gazebo_plugin/local_setup.dsv
[0.389s] -- Symlinking: /home/hayashi/xarm7_ws/install/realsense_gazebo_plugin/share/realsense_gazebo_plugin/package.dsv
[0.393s] -- Up-to-date symlink: /home/hayashi/xarm7_ws/install/realsense_gazebo_plugin/share/ament_index/resource_index/packages/realsense_gazebo_plugin
[0.393s] -- Up-to-date symlink: /home/hayashi/xarm7_ws/install/realsense_gazebo_plugin/share/realsense_gazebo_plugin/cmake/ament_cmake_export_include_directories-extras.cmake
[0.393s] -- Up-to-date symlink: /home/hayashi/xarm7_ws/install/realsense_gazebo_plugin/share/realsense_gazebo_plugin/cmake/ament_cmake_export_libraries-extras.cmake
[0.393s] -- Up-to-date symlink: /home/hayashi/xarm7_ws/install/realsense_gazebo_plugin/share/realsense_gazebo_plugin/cmake/realsense_gazebo_pluginConfig.cmake
[0.393s] -- Up-to-date symlink: /home/hayashi/xarm7_ws/install/realsense_gazebo_plugin/share/realsense_gazebo_plugin/cmake/realsense_gazebo_pluginConfig-version.cmake
[0.393s] -- Up-to-date symlink: /home/hayashi/xarm7_ws/install/realsense_gazebo_plugin/share/realsense_gazebo_plugin/package.xml
[0.400s] Invoked command in '/home/hayashi/xarm7_ws/build/realsense_gazebo_plugin' returned '0': CMAKE_PREFIX_PATH=${CMAKE_PREFIX_PATH}:/home/hayashi/xarm7_ws/install/xarm_motion_planning:/home/hayashi/xarm7_ws/install/uf_ros_lib:/home/hayashi/ws_moveit/install/moveit_configs_utils:/home/hayashi/ws_moveit/install/launch_param_builder:/opt/ros/humble /usr/bin/cmake --install /home/hayashi/xarm7_ws/build/realsense_gazebo_plugin
